<?xml version="1.0" encoding="utf-8"?><testsuites name="pytest tests"><testsuite name="pytest" errors="0" failures="0" skipped="0" tests="14" time="2.127" timestamp="2026-03-28T23:45:40.978088+00:00" hostname="agent-env-5cef9b74-84d9-4cf7-aca4-abcd3467b71f"><testcase classname="backend.tests.test_collaboration_features.TestCollaborationAPIs" name="test_share_case_by_email" time="0.495" /><testcase classname="backend.tests.test_collaboration_features.TestCollaborationAPIs" name="test_share_case_self_error" time="0.123" /><testcase classname="backend.tests.test_collaboration_features.TestCollaborationAPIs" name="test_generate_share_link" time="0.141" /><testcase classname="backend.tests.test_collaboration_features.TestCollaborationAPIs" name="test_get_case_shares" time="0.116" /><testcase classname="backend.tests.test_collaboration_features.TestCollaborationAPIs" name="test_get_shared_cases" time="0.105" /><testcase classname="backend.tests.test_collaboration_features.TestCollaborationAPIs" name="test_get_messages" time="0.146" /><testcase classname="backend.tests.test_collaboration_features.TestCollaborationAPIs" name="test_send_message" time="0.118" /><testcase classname="backend.tests.test_collaboration_features.TestCollaborationAPIs" name="test_send_empty_message_error" time="0.109" /><testcase classname="backend.tests.test_collaboration_features.TestCollaborationAPIs" name="test_get_activity" time="0.104" /><testcase classname="backend.tests.test_collaboration_features.TestCollaborationAPIs" name="test_get_notifications" time="0.110" /><testcase classname="backend.tests.test_collaboration_features.TestCollaborationAPIs" name="test_mark_all_notifications_read" time="0.158" /><testcase classname="backend.tests.test_collaboration_features.TestCollaborationAPIs" name="test_case_access_for_owner" time="0.113" /><testcase classname="backend.tests.test_collaboration_features.TestCollaborationAPIs" name="test_invalid_case_access" time="0.108" /><testcase classname="backend.tests.test_collaboration_features.TestHealthCheck" name="test_api_health" time="0.109" /></testsuite></testsuites>