<?xml version="1.0" encoding="utf-8"?><testsuites name="pytest tests"><testsuite name="pytest" errors="0" failures="0" skipped="0" tests="19" time="2.278" timestamp="2026-03-21T14:47:28.959332+00:00" hostname="agent-env-e929d602-debd-46b5-839f-bf5e903c0c04"><testcase classname="backend.tests.test_iteration74_report_quality.TestReportsListAPI" name="test_list_reports_returns_200" time="0.201" /><testcase classname="backend.tests.test_iteration74_report_quality.TestReportsListAPI" name="test_list_reports_contains_expected_reports" time="0.120" /><testcase classname="backend.tests.test_iteration74_report_quality.TestQuickSummaryReport" name="test_quick_summary_exists" time="0.109" /><testcase classname="backend.tests.test_iteration74_report_quality.TestQuickSummaryReport" name="test_quick_summary_word_count" time="0.109" /><testcase classname="backend.tests.test_iteration74_report_quality.TestQuickSummaryReport" name="test_quick_summary_no_placeholders" time="0.121" /><testcase classname="backend.tests.test_iteration74_report_quality.TestQuickSummaryReport" name="test_quick_summary_report_type" time="0.102" /><testcase classname="backend.tests.test_iteration74_report_quality.TestFullDetailedReport" name="test_full_detailed_exists" time="0.106" /><testcase classname="backend.tests.test_iteration74_report_quality.TestFullDetailedReport" name="test_full_detailed_word_count" time="0.108" /><testcase classname="backend.tests.test_iteration74_report_quality.TestFullDetailedReport" name="test_full_detailed_section_count" time="0.132" /><testcase classname="backend.tests.test_iteration74_report_quality.TestFullDetailedReport" name="test_full_detailed_no_placeholders" time="0.104" /><testcase classname="backend.tests.test_iteration74_report_quality.TestFullDetailedReport" name="test_full_detailed_report_type" time="0.104" /><testcase classname="backend.tests.test_iteration74_report_quality.TestExtensiveLogReport" name="test_extensive_log_exists" time="0.111" /><testcase classname="backend.tests.test_iteration74_report_quality.TestExtensiveLogReport" name="test_extensive_log_word_count" time="0.138" /><testcase classname="backend.tests.test_iteration74_report_quality.TestExtensiveLogReport" name="test_extensive_log_section_count" time="0.100" /><testcase classname="backend.tests.test_iteration74_report_quality.TestExtensiveLogReport" name="test_extensive_log_no_placeholders" time="0.114" /><testcase classname="backend.tests.test_iteration74_report_quality.TestExtensiveLogReport" name="test_extensive_log_report_type" time="0.128" /><testcase classname="backend.tests.test_iteration74_report_quality.TestReportContentQuality" name="test_full_detailed_sections_substantive" time="0.109" /><testcase classname="backend.tests.test_iteration74_report_quality.TestReportContentQuality" name="test_extensive_log_sections_substantive" time="0.109" /><testcase classname="backend.tests.test_iteration74_report_quality.TestReportGenerationEndpoint" name="test_generate_endpoint_exists" time="0.069" /></testsuite></testsuites>