<?xml version="1.0" encoding="utf-8"?><testsuites name="pytest tests"><testsuite name="pytest" errors="0" failures="0" skipped="0" tests="17" time="0.624" timestamp="2026-04-08T13:39:41.468535+00:00" hostname="agent-env-5cef9b74-84d9-4cf7-aca4-abcd3467b71f"><testcase classname="tests.test_iteration158_forensic_language.TestHealthEndpoint" name="test_health_returns_200" time="0.270" /><testcase classname="tests.test_iteration158_forensic_language.TestLegitimacyEngineContingentFlag" name="test_ineffective_counsel_returns_is_contingent_true" time="0.000" /><testcase classname="tests.test_iteration158_forensic_language.TestLegitimacyEngineContingentFlag" name="test_other_ground_types_not_contingent" time="0.000" /><testcase classname="tests.test_iteration158_forensic_language.TestLegitimacyEngineConfidenceNotes" name="test_ineffective_counsel_confidence_note_contains_contingent" time="0.000" /><testcase classname="tests.test_iteration158_forensic_language.TestLegitimacyEngineConfidenceNotes" name="test_miscarriage_of_justice_confidence_note_contains_mens_rea" time="0.000" /><testcase classname="tests.test_iteration158_forensic_language.TestLegitimacyEngineConfidenceNotes" name="test_sentencing_error_confidence_note_contains_proportionality" time="0.000" /><testcase classname="tests.test_iteration158_forensic_language.TestLegitimacyEngineConfidenceNotes" name="test_jury_irregularity_confidence_note_mentions_sub_particulars" time="0.000" /><testcase classname="tests.test_iteration158_forensic_language.TestIneffectiveCounselCap" name="test_ineffective_counsel_capped_at_moderate_with_partial_evidence" time="0.000" /><testcase classname="tests.test_iteration158_forensic_language.TestIneffectiveCounselCap" name="test_ineffective_counsel_can_be_strong_with_strong_evidence" time="0.000" /><testcase classname="tests.test_iteration158_forensic_language.TestGroundMergingFunction" name="test_jury_issues_clustered_under_procedural_unfairness" time="0.001" /><testcase classname="tests.test_iteration158_forensic_language.TestGroundMergingFunction" name="test_psychiatric_issues_clustered_under_mens_rea" time="0.000" /><testcase classname="tests.test_iteration158_forensic_language.TestGroundMergingFunction" name="test_sentencing_issues_clustered" time="0.000" /><testcase classname="tests.test_iteration158_forensic_language.TestGroundMergingFunction" name="test_ineffective_counsel_preserved_ungrouped" time="0.000" /><testcase classname="tests.test_iteration158_forensic_language.TestGroundMergingFunction" name="test_small_issue_list_not_merged" time="0.000" /><testcase classname="tests.test_iteration158_forensic_language.TestLegitimacyPanelContingentWarning" name="test_legitimacy_panel_has_contingent_warning_code" time="0.000" /><testcase classname="tests.test_iteration158_forensic_language.TestGroundsOfMeritWhitespacePre" name="test_grounds_description_has_whitespace_pre_line" time="0.000" /><testcase classname="tests.test_iteration158_forensic_language.TestAuthenticationFlow" name="test_login_with_test_credentials" time="0.200" /></testsuite></testsuites>