<?xml version="1.0" encoding="utf-8"?><testsuites name="pytest tests"><testsuite name="pytest" errors="0" failures="1" skipped="0" tests="5" time="6.572" timestamp="2026-04-07T04:50:46.092589+00:00" hostname="agent-env-5cef9b74-84d9-4cf7-aca4-abcd3467b71f"><testcase classname="backend.tests.test_auto_identify_background.TestAutoIdentifyBackgroundTask" name="test_auto_identify_post_returns_immediately" time="0.335" /><testcase classname="backend.tests.test_auto_identify_background.TestAutoIdentifyBackgroundTask" name="test_auto_identify_status_endpoint" time="0.269" /><testcase classname="backend.tests.test_auto_identify_background.TestAutoIdentifyBackgroundTask" name="test_auto_identify_duplicate_prevention" time="0.283"><failure message="AssertionError: Expected 'already_running', got 'started'&#10;assert 'started' == 'already_running'&#10;  &#10;  - already_running&#10;  + started">backend/tests/test_auto_identify_background.py:160: in test_auto_identify_duplicate_prevention
    assert data2.get("status") == "already_running", f"Expected 'already_running', got '{data2.get('status')}'"
E   AssertionError: Expected 'already_running', got 'started'
E   assert 'started' == 'already_running'
E     
E     - already_running
E     + started</failure></testcase><testcase classname="backend.tests.test_auto_identify_background.TestAutoIdentifyBackgroundTask" name="test_status_polling_pattern" time="5.330" /><testcase classname="backend.tests.test_auto_identify_background.TestGroundsEndpoints" name="test_get_grounds_endpoint" time="0.263" /></testsuite></testsuites>