<?xml version="1.0" encoding="utf-8"?><testsuites name="pytest tests"><testsuite name="pytest" errors="0" failures="0" skipped="0" tests="14" time="1.800" timestamp="2026-03-29T04:47:39.593274+00:00" hostname="agent-env-5cef9b74-84d9-4cf7-aca4-abcd3467b71f"><testcase classname="backend.tests.test_iteration112_code_audit.TestHealthCheck" name="test_health_endpoint_returns_healthy" time="0.138" /><testcase classname="backend.tests.test_iteration112_code_audit.TestAuthentication" name="test_login_with_valid_credentials" time="0.136" /><testcase classname="backend.tests.test_iteration112_code_audit.TestAuthentication" name="test_login_with_invalid_credentials" time="0.133" /><testcase classname="backend.tests.test_iteration112_code_audit.TestCaseEndpoints" name="test_get_cases_list" time="0.193" /><testcase classname="backend.tests.test_iteration112_code_audit.TestCaseEndpoints" name="test_get_case_documents" time="0.047" /><testcase classname="backend.tests.test_iteration112_code_audit.TestCaseEndpoints" name="test_get_case_timeline" time="0.047" /><testcase classname="backend.tests.test_iteration112_code_audit.TestCaseEndpoints" name="test_get_case_grounds" time="0.049" /><testcase classname="backend.tests.test_iteration112_code_audit.TestCaseEndpoints" name="test_get_case_reports" time="0.048" /><testcase classname="backend.tests.test_iteration112_code_audit.TestChatMessagesEndpoints" name="test_get_case_messages" time="0.211" /><testcase classname="backend.tests.test_iteration112_code_audit.TestChatMessagesEndpoints" name="test_post_case_message" time="0.063" /><testcase classname="backend.tests.test_iteration112_code_audit.TestChatMessagesEndpoints" name="test_post_message_empty_content_rejected" time="0.050" /><testcase classname="backend.tests.test_iteration112_code_audit.TestChatMessagesEndpoints" name="test_get_messages_after_post" time="0.117" /><testcase classname="backend.tests.test_iteration112_code_audit.TestReportExports" name="test_export_pdf" time="0.318" /><testcase classname="backend.tests.test_iteration112_code_audit.TestReportExports" name="test_export_docx" time="0.176" /></testsuite></testsuites>