<?xml version="1.0" encoding="utf-8"?><testsuites name="pytest tests"><testsuite name="pytest" errors="0" failures="0" skipped="0" tests="9" time="1.390" timestamp="2026-04-09T05:07:17.620343+00:00" hostname="agent-env-5cef9b74-84d9-4cf7-aca4-abcd3467b71f"><testcase classname="backend.tests.test_iteration162_auth_fix.TestHealthEndpoint" name="test_health_endpoint_returns_200" time="0.179" /><testcase classname="backend.tests.test_iteration162_auth_fix.TestAuthSessionEndpoint" name="test_session_endpoint_returns_401_for_invalid_session_id" time="0.213" /><testcase classname="backend.tests.test_iteration162_auth_fix.TestAuthSessionEndpoint" name="test_session_endpoint_returns_400_for_missing_session_id" time="0.111" /><testcase classname="backend.tests.test_iteration162_auth_fix.TestAuthMeEndpoint" name="test_me_endpoint_returns_401_without_token" time="0.101" /><testcase classname="backend.tests.test_iteration162_auth_fix.TestAuthMeEndpoint" name="test_me_endpoint_returns_401_with_invalid_token" time="0.116" /><testcase classname="backend.tests.test_iteration162_auth_fix.TestAuthLoginEndpoint" name="test_login_returns_401_for_invalid_credentials" time="0.127" /><testcase classname="backend.tests.test_iteration162_auth_fix.TestAuthLoginEndpoint" name="test_login_returns_401_for_nonexistent_user" time="0.102" /><testcase classname="backend.tests.test_iteration162_auth_fix.TestAuthLoginWithValidCredentials" name="test_login_returns_200_with_valid_credentials" time="0.128" /><testcase classname="backend.tests.test_iteration162_auth_fix.TestAuthLoginWithValidCredentials" name="test_me_endpoint_works_with_valid_token" time="0.241" /></testsuite></testsuites>