<?xml version="1.0" encoding="utf-8"?><testsuites name="pytest tests"><testsuite name="pytest" errors="0" failures="0" skipped="0" tests="17" time="41.431" timestamp="2026-03-14T06:39:25.531462+00:00" hostname="agent-env-48cedb9d-1128-4771-965b-835589d3339a"><testcase classname="backend.tests.test_iteration62_regression.TestIteration62Regression" name="test_01_health_check" time="0.139" /><testcase classname="backend.tests.test_iteration62_regression.TestIteration62Regression" name="test_02_api_health" time="0.060" /><testcase classname="backend.tests.test_iteration62_regression.TestIteration62Regression" name="test_03_register_new_user" time="0.083" /><testcase classname="backend.tests.test_iteration62_regression.TestIteration62Regression" name="test_04_login_test_user" time="0.087" /><testcase classname="backend.tests.test_iteration62_regression.TestIteration62Regression" name="test_05_create_case" time="0.146" /><testcase classname="backend.tests.test_iteration62_regression.TestIteration62Regression" name="test_06_get_cases" time="0.059" /><testcase classname="backend.tests.test_iteration62_regression.TestIteration62Regression" name="test_07_get_single_case" time="0.058" /><testcase classname="backend.tests.test_iteration62_regression.TestIteration62Regression" name="test_08_generate_quick_summary_report" time="33.309" /><testcase classname="backend.tests.test_iteration62_regression.TestIteration62Regression" name="test_09_get_reports" time="0.065" /><testcase classname="backend.tests.test_iteration62_regression.TestIteration62Regression" name="test_10_generate_progress_analysis" time="6.970" /><testcase classname="backend.tests.test_iteration62_regression.TestIteration62Regression" name="test_11_get_payment_prices" time="0.059" /><testcase classname="backend.tests.test_iteration62_regression.TestIteration62Regression" name="test_12_payid_create_reference" time="0.057" /><testcase classname="backend.tests.test_iteration62_regression.TestIteration62Regression" name="test_13_payid_verify" time="0.055" /><testcase classname="backend.tests.test_iteration62_regression.TestIteration62Regression" name="test_14_delete_report" time="0.054" /><testcase classname="backend.tests.test_iteration62_regression.TestIteration62Regression" name="test_15_delete_case" time="0.053" /><testcase classname="backend.tests.test_iteration62_regression.TestIteration62Regression" name="test_16_get_offence_categories" time="0.052" /><testcase classname="backend.tests.test_iteration62_regression.TestIteration62Regression" name="test_17_get_states" time="0.055" /></testsuite></testsuites>