<?xml version="1.0" encoding="utf-8"?><testsuites name="pytest tests"><testsuite name="pytest" errors="0" failures="0" skipped="1" tests="401" time="3.700" timestamp="2026-04-20T14:52:35.142417+00:00" hostname="agent-env-5cef9b74-84d9-4cf7-aca4-abcd3467b71f"><testcase classname="tests.test_offence_framework.TestOffenceCategories" name="test_get_offence_categories_returns_all_11" time="0.004" /><testcase classname="tests.test_offence_framework.TestOffenceCategories" name="test_offence_category_structure" time="0.002" /><testcase classname="tests.test_offence_framework.TestOffenceCategories" name="test_drug_offences_category_offences" time="0.002" /><testcase classname="tests.test_offence_framework.TestOffenceFrameworkDetails" name="test_get_drug_offences_framework" time="0.002" /><testcase classname="tests.test_offence_framework.TestOffenceFrameworkDetails" name="test_get_homicide_framework" time="0.002" /><testcase classname="tests.test_offence_framework.TestOffenceFrameworkDetails" name="test_invalid_offence_category_returns_404" time="0.001" /><testcase classname="tests.test_offence_framework.TestCaseCreationWithOffenceType" name="test_create_case_with_drug_offences" time="0.358" /><testcase classname="tests.test_offence_framework.TestCaseCreationWithOffenceType" name="test_create_case_with_assault_category" time="0.357" /><testcase classname="tests.test_offence_framework.TestCaseCreationWithOffenceType" name="test_create_case_default_offence_category" time="0.352" /><testcase classname="tests.test_offence_framework.TestCaseCreationWithOffenceType" name="test_update_case_offence_type" time="0.357" /><testcase classname="tests.test_offence_framework.TestFullOffenceFramework" name="test_get_full_framework" time="0.014" /><testcase classname="tests.test_legal_framework.TestStateFrameworks" name="test_framework_exists[nsw]" time="0.000" /><testcase classname="tests.test_legal_framework.TestStateFrameworks" name="test_framework_exists[vic]" time="0.000" /><testcase classname="tests.test_legal_framework.TestStateFrameworks" name="test_framework_exists[qld]" time="0.000" /><testcase classname="tests.test_legal_framework.TestStateFrameworks" name="test_framework_exists[sa]" time="0.000" /><testcase classname="tests.test_legal_framework.TestStateFrameworks" name="test_framework_exists[wa]" time="0.000" /><testcase classname="tests.test_legal_framework.TestStateFrameworks" name="test_framework_exists[tas]" time="0.000" /><testcase classname="tests.test_legal_framework.TestStateFrameworks" name="test_framework_exists[nt]" time="0.000" /><testcase classname="tests.test_legal_framework.TestStateFrameworks" name="test_framework_exists[act]" time="0.000" /><testcase classname="tests.test_legal_framework.TestStateFrameworks" name="test_framework_exists[federal]" time="0.000" /><testcase classname="tests.test_legal_framework.TestStateFrameworks" name="test_has_primary_legislation[nsw]" time="0.000" /><testcase classname="tests.test_legal_framework.TestStateFrameworks" name="test_has_primary_legislation[vic]" time="0.000" /><testcase classname="tests.test_legal_framework.TestStateFrameworks" name="test_has_primary_legislation[qld]" time="0.000" /><testcase classname="tests.test_legal_framework.TestStateFrameworks" name="test_has_primary_legislation[sa]" time="0.000" /><testcase classname="tests.test_legal_framework.TestStateFrameworks" name="test_has_primary_legislation[wa]" time="0.000" /><testcase classname="tests.test_legal_framework.TestStateFrameworks" name="test_has_primary_legislation[tas]" time="0.000" /><testcase classname="tests.test_legal_framework.TestStateFrameworks" name="test_has_primary_legislation[nt]" time="0.000" /><testcase classname="tests.test_legal_framework.TestStateFrameworks" name="test_has_primary_legislation[act]" time="0.000" /><testcase classname="tests.test_legal_framework.TestStateFrameworks" name="test_has_primary_legislation[federal]" time="0.000" /><testcase classname="tests.test_legal_framework.TestStateFrameworks" name="test_has_last_verified[nsw]" time="0.000" /><testcase classname="tests.test_legal_framework.TestStateFrameworks" name="test_has_last_verified[vic]" time="0.000" /><testcase classname="tests.test_legal_framework.TestStateFrameworks" name="test_has_last_verified[qld]" time="0.000" /><testcase classname="tests.test_legal_framework.TestStateFrameworks" name="test_has_last_verified[sa]" time="0.000" /><testcase classname="tests.test_legal_framework.TestStateFrameworks" name="test_has_last_verified[wa]" time="0.000" /><testcase classname="tests.test_legal_framework.TestStateFrameworks" name="test_has_last_verified[tas]" time="0.000" /><testcase classname="tests.test_legal_framework.TestStateFrameworks" name="test_has_last_verified[nt]" time="0.000" /><testcase classname="tests.test_legal_framework.TestStateFrameworks" name="test_has_last_verified[act]" time="0.000" /><testcase classname="tests.test_legal_framework.TestStateFrameworks" name="test_has_last_verified[federal]" time="0.000" /><testcase classname="tests.test_legal_framework.TestOffenceCategories" name="test_minimum_categories" time="0.000" /><testcase classname="tests.test_legal_framework.TestOffenceCategories" name="test_category_has_required_fields[homicide]" time="0.000" /><testcase classname="tests.test_legal_framework.TestOffenceCategories" name="test_category_has_required_fields[assault]" time="0.000" /><testcase classname="tests.test_legal_framework.TestOffenceCategories" name="test_category_has_required_fields[sexual_offences]" time="0.000" /><testcase classname="tests.test_legal_framework.TestOffenceCategories" name="test_category_has_required_fields[robbery_theft]" time="0.000" /><testcase classname="tests.test_legal_framework.TestOffenceCategories" name="test_category_has_required_fields[drug_offences]" time="0.000" /><testcase classname="tests.test_legal_framework.TestOffenceCategories" name="test_category_has_required_fields[fraud_dishonesty]" time="0.000" /><testcase classname="tests.test_legal_framework.TestOffenceCategories" name="test_category_has_required_fields[firearms_weapons]" time="0.000" /><testcase classname="tests.test_legal_framework.TestOffenceCategories" name="test_category_has_required_fields[domestic_violence]" time="0.000" /><testcase classname="tests.test_legal_framework.TestOffenceCategories" name="test_category_has_required_fields[public_order]" time="0.000" /><testcase classname="tests.test_legal_framework.TestOffenceCategories" name="test_category_has_required_fields[terrorism]" time="0.000" /><testcase classname="tests.test_legal_framework.TestOffenceCategories" name="test_category_has_required_fields[driving_offences]" time="0.000" /><testcase classname="tests.test_legal_framework.TestOffenceCategories" name="test_category_has_required_fields[arson_property_damage]" time="0.000" /><testcase classname="tests.test_legal_framework.TestOffenceCategories" name="test_category_has_required_fields[cybercrime]" time="0.000" /><testcase classname="tests.test_legal_framework.TestOffenceCategories" name="test_category_has_required_fields[perjury_justice_offences]" time="0.000" /><testcase classname="tests.test_legal_framework.TestOffenceCategories" name="test_category_has_required_fields[extortion_blackmail]" time="0.000" /><testcase classname="tests.test_legal_framework.TestOffenceCategories" name="test_category_has_required_fields[organised_crime]" time="0.000" /><testcase classname="tests.test_legal_framework.TestOffenceCategories" name="test_category_has_required_fields[child_exploitation_material]" time="0.000" /><testcase classname="tests.test_legal_framework.TestOffenceCategories" name="test_category_has_required_fields[corruption_public_officials]" time="0.000" /><testcase classname="tests.test_legal_framework.TestOffenceCategories" name="test_no_empty_section_values[homicide]" time="0.000" /><testcase classname="tests.test_legal_framework.TestOffenceCategories" name="test_no_empty_section_values[assault]" time="0.000" /><testcase classname="tests.test_legal_framework.TestOffenceCategories" name="test_no_empty_section_values[sexual_offences]" time="0.000" /><testcase classname="tests.test_legal_framework.TestOffenceCategories" name="test_no_empty_section_values[robbery_theft]" time="0.000" /><testcase classname="tests.test_legal_framework.TestOffenceCategories" name="test_no_empty_section_values[drug_offences]" time="0.000" /><testcase classname="tests.test_legal_framework.TestOffenceCategories" name="test_no_empty_section_values[fraud_dishonesty]" time="0.000" /><testcase classname="tests.test_legal_framework.TestOffenceCategories" name="test_no_empty_section_values[firearms_weapons]" time="0.000" /><testcase classname="tests.test_legal_framework.TestOffenceCategories" name="test_no_empty_section_values[domestic_violence]" time="0.000" /><testcase classname="tests.test_legal_framework.TestOffenceCategories" name="test_no_empty_section_values[public_order]" time="0.000" /><testcase classname="tests.test_legal_framework.TestOffenceCategories" name="test_no_empty_section_values[terrorism]" time="0.000" /><testcase classname="tests.test_legal_framework.TestOffenceCategories" name="test_no_empty_section_values[driving_offences]" time="0.000" /><testcase classname="tests.test_legal_framework.TestOffenceCategories" name="test_no_empty_section_values[arson_property_damage]" time="0.000" /><testcase classname="tests.test_legal_framework.TestOffenceCategories" name="test_no_empty_section_values[cybercrime]" time="0.000" /><testcase classname="tests.test_legal_framework.TestOffenceCategories" name="test_no_empty_section_values[perjury_justice_offences]" time="0.000" /><testcase classname="tests.test_legal_framework.TestOffenceCategories" name="test_no_empty_section_values[extortion_blackmail]" time="0.000" /><testcase classname="tests.test_legal_framework.TestOffenceCategories" name="test_no_empty_section_values[organised_crime]" time="0.000" /><testcase classname="tests.test_legal_framework.TestOffenceCategories" name="test_no_empty_section_values[child_exploitation_material]" time="0.000" /><testcase classname="tests.test_legal_framework.TestOffenceCategories" name="test_no_empty_section_values[corruption_public_officials]" time="0.000" /><testcase classname="tests.test_legal_framework.TestOffenceCategories" name="test_no_duplicate_sections[homicide]" time="0.000" /><testcase classname="tests.test_legal_framework.TestOffenceCategories" name="test_no_duplicate_sections[assault]" time="0.000" /><testcase classname="tests.test_legal_framework.TestOffenceCategories" name="test_no_duplicate_sections[sexual_offences]" time="0.000" /><testcase classname="tests.test_legal_framework.TestOffenceCategories" name="test_no_duplicate_sections[robbery_theft]" time="0.000" /><testcase classname="tests.test_legal_framework.TestOffenceCategories" name="test_no_duplicate_sections[drug_offences]" time="0.000" /><testcase classname="tests.test_legal_framework.TestOffenceCategories" name="test_no_duplicate_sections[fraud_dishonesty]" time="0.000" /><testcase classname="tests.test_legal_framework.TestOffenceCategories" name="test_no_duplicate_sections[firearms_weapons]" time="0.000" /><testcase classname="tests.test_legal_framework.TestOffenceCategories" name="test_no_duplicate_sections[domestic_violence]" time="0.000" /><testcase classname="tests.test_legal_framework.TestOffenceCategories" name="test_no_duplicate_sections[public_order]" time="0.000" /><testcase classname="tests.test_legal_framework.TestOffenceCategories" name="test_no_duplicate_sections[terrorism]" time="0.000" /><testcase classname="tests.test_legal_framework.TestOffenceCategories" name="test_no_duplicate_sections[driving_offences]" time="0.000" /><testcase classname="tests.test_legal_framework.TestOffenceCategories" name="test_no_duplicate_sections[arson_property_damage]" time="0.000" /><testcase classname="tests.test_legal_framework.TestOffenceCategories" name="test_no_duplicate_sections[cybercrime]" time="0.000" /><testcase classname="tests.test_legal_framework.TestOffenceCategories" name="test_no_duplicate_sections[perjury_justice_offences]" time="0.000" /><testcase classname="tests.test_legal_framework.TestOffenceCategories" name="test_no_duplicate_sections[extortion_blackmail]" time="0.000" /><testcase classname="tests.test_legal_framework.TestOffenceCategories" name="test_no_duplicate_sections[organised_crime]" time="0.000" /><testcase classname="tests.test_legal_framework.TestOffenceCategories" name="test_no_duplicate_sections[child_exploitation_material]" time="0.000" /><testcase classname="tests.test_legal_framework.TestOffenceCategories" name="test_no_duplicate_sections[corruption_public_officials]" time="0.000" /><testcase classname="tests.test_legal_framework.TestSentencingFramework" name="test_sentencing_exists[nsw]" time="0.000" /><testcase classname="tests.test_legal_framework.TestSentencingFramework" name="test_sentencing_exists[vic]" time="0.000" /><testcase classname="tests.test_legal_framework.TestSentencingFramework" name="test_sentencing_exists[qld]" time="0.000" /><testcase classname="tests.test_legal_framework.TestSentencingFramework" name="test_sentencing_exists[sa]" time="0.000" /><testcase classname="tests.test_legal_framework.TestSentencingFramework" name="test_sentencing_exists[wa]" time="0.000" /><testcase classname="tests.test_legal_framework.TestSentencingFramework" name="test_sentencing_exists[tas]" time="0.000" /><testcase classname="tests.test_legal_framework.TestSentencingFramework" name="test_sentencing_exists[nt]" time="0.000" /><testcase classname="tests.test_legal_framework.TestSentencingFramework" name="test_sentencing_exists[act]" time="0.000" /><testcase classname="tests.test_legal_framework.TestSentencingFramework" name="test_sentencing_exists[federal]" time="0.000" /><testcase classname="tests.test_legal_framework.TestSentencingFramework" name="test_sentencing_has_act[nsw]" time="0.000" /><testcase classname="tests.test_legal_framework.TestSentencingFramework" name="test_sentencing_has_act[vic]" time="0.000" /><testcase classname="tests.test_legal_framework.TestSentencingFramework" name="test_sentencing_has_act[qld]" time="0.000" /><testcase classname="tests.test_legal_framework.TestSentencingFramework" name="test_sentencing_has_act[sa]" time="0.000" /><testcase classname="tests.test_legal_framework.TestSentencingFramework" name="test_sentencing_has_act[wa]" time="0.000" /><testcase classname="tests.test_legal_framework.TestSentencingFramework" name="test_sentencing_has_act[tas]" time="0.000" /><testcase classname="tests.test_legal_framework.TestSentencingFramework" name="test_sentencing_has_act[nt]" time="0.000" /><testcase classname="tests.test_legal_framework.TestSentencingFramework" name="test_sentencing_has_act[act]" time="0.000" /><testcase classname="tests.test_legal_framework.TestSentencingFramework" name="test_sentencing_has_act[federal]" time="0.000" /><testcase classname="tests.test_legal_framework.TestEvidenceFramework" name="test_evidence_exists[nsw]" time="0.000" /><testcase classname="tests.test_legal_framework.TestEvidenceFramework" name="test_evidence_exists[vic]" time="0.000" /><testcase classname="tests.test_legal_framework.TestEvidenceFramework" name="test_evidence_exists[qld]" time="0.000" /><testcase classname="tests.test_legal_framework.TestEvidenceFramework" name="test_evidence_exists[sa]" time="0.000" /><testcase classname="tests.test_legal_framework.TestEvidenceFramework" name="test_evidence_exists[wa]" time="0.000" /><testcase classname="tests.test_legal_framework.TestEvidenceFramework" name="test_evidence_exists[tas]" time="0.000" /><testcase classname="tests.test_legal_framework.TestEvidenceFramework" name="test_evidence_exists[nt]" time="0.000" /><testcase classname="tests.test_legal_framework.TestEvidenceFramework" name="test_evidence_exists[act]" time="0.000" /><testcase classname="tests.test_legal_framework.TestEvidenceFramework" name="test_evidence_exists[federal]" time="0.000" /><testcase classname="tests.test_legal_framework.TestMentalImpairment" name="test_mental_impairment_exists[nsw]" time="0.000" /><testcase classname="tests.test_legal_framework.TestMentalImpairment" name="test_mental_impairment_exists[vic]" time="0.000" /><testcase classname="tests.test_legal_framework.TestMentalImpairment" name="test_mental_impairment_exists[qld]" time="0.000" /><testcase classname="tests.test_legal_framework.TestMentalImpairment" name="test_mental_impairment_exists[sa]" time="0.000" /><testcase classname="tests.test_legal_framework.TestMentalImpairment" name="test_mental_impairment_exists[wa]" time="0.000" /><testcase classname="tests.test_legal_framework.TestMentalImpairment" name="test_mental_impairment_exists[tas]" time="0.000" /><testcase classname="tests.test_legal_framework.TestMentalImpairment" name="test_mental_impairment_exists[nt]" time="0.000" /><testcase classname="tests.test_legal_framework.TestMentalImpairment" name="test_mental_impairment_exists[act]" time="0.000" /><testcase classname="tests.test_legal_framework.TestAppealFramework" name="test_appeal_exists[nsw]" time="0.000" /><testcase classname="tests.test_legal_framework.TestAppealFramework" name="test_appeal_exists[vic]" time="0.000" /><testcase classname="tests.test_legal_framework.TestAppealFramework" name="test_appeal_exists[qld]" time="0.000" /><testcase classname="tests.test_legal_framework.TestAppealFramework" name="test_appeal_exists[sa]" time="0.000" /><testcase classname="tests.test_legal_framework.TestAppealFramework" name="test_appeal_exists[wa]" time="0.000" /><testcase classname="tests.test_legal_framework.TestAppealFramework" name="test_appeal_exists[tas]" time="0.000" /><testcase classname="tests.test_legal_framework.TestAppealFramework" name="test_appeal_exists[nt]" time="0.000" /><testcase classname="tests.test_legal_framework.TestAppealFramework" name="test_appeal_exists[act]" time="0.000" /><testcase classname="tests.test_legal_framework.TestAppealFramework" name="test_appeal_exists[federal]" time="0.000" /><testcase classname="tests.test_legal_framework.TestAppealFramework" name="test_appeal_has_court[nsw]" time="0.000" /><testcase classname="tests.test_legal_framework.TestAppealFramework" name="test_appeal_has_court[vic]" time="0.000" /><testcase classname="tests.test_legal_framework.TestAppealFramework" name="test_appeal_has_court[qld]" time="0.000" /><testcase classname="tests.test_legal_framework.TestAppealFramework" name="test_appeal_has_court[sa]" time="0.000" /><testcase classname="tests.test_legal_framework.TestAppealFramework" name="test_appeal_has_court[wa]" time="0.000" /><testcase classname="tests.test_legal_framework.TestAppealFramework" name="test_appeal_has_court[tas]" time="0.000" /><testcase classname="tests.test_legal_framework.TestAppealFramework" name="test_appeal_has_court[nt]" time="0.000" /><testcase classname="tests.test_legal_framework.TestAppealFramework" name="test_appeal_has_court[act]" time="0.000" /><testcase classname="tests.test_legal_framework.TestAppealFramework" name="test_appeal_has_time_limit[nsw]" time="0.000" /><testcase classname="tests.test_legal_framework.TestAppealFramework" name="test_appeal_has_time_limit[vic]" time="0.000" /><testcase classname="tests.test_legal_framework.TestAppealFramework" name="test_appeal_has_time_limit[qld]" time="0.000" /><testcase classname="tests.test_legal_framework.TestAppealFramework" name="test_appeal_has_time_limit[sa]" time="0.000" /><testcase classname="tests.test_legal_framework.TestAppealFramework" name="test_appeal_has_time_limit[wa]" time="0.000" /><testcase classname="tests.test_legal_framework.TestAppealFramework" name="test_appeal_has_time_limit[tas]" time="0.000" /><testcase classname="tests.test_legal_framework.TestAppealFramework" name="test_appeal_has_time_limit[nt]" time="0.000" /><testcase classname="tests.test_legal_framework.TestAppealFramework" name="test_appeal_has_time_limit[act]" time="0.000" /><testcase classname="tests.test_legal_framework.TestAppealFramework" name="test_time_limit_note_not_empty[nsw]" time="0.000" /><testcase classname="tests.test_legal_framework.TestAppealFramework" name="test_time_limit_note_not_empty[vic]" time="0.000" /><testcase classname="tests.test_legal_framework.TestAppealFramework" name="test_time_limit_note_not_empty[qld]" time="0.000" /><testcase classname="tests.test_legal_framework.TestAppealFramework" name="test_time_limit_note_not_empty[sa]" time="0.000" /><testcase classname="tests.test_legal_framework.TestAppealFramework" name="test_time_limit_note_not_empty[wa]" time="0.000" /><testcase classname="tests.test_legal_framework.TestAppealFramework" name="test_time_limit_note_not_empty[tas]" time="0.000" /><testcase classname="tests.test_legal_framework.TestAppealFramework" name="test_time_limit_note_not_empty[nt]" time="0.000" /><testcase classname="tests.test_legal_framework.TestAppealFramework" name="test_time_limit_note_not_empty[act]" time="0.000" /><testcase classname="tests.test_legal_framework.TestRecentLegislation" name="test_recent_legislation_exists[nsw]" time="0.000" /><testcase classname="tests.test_legal_framework.TestRecentLegislation" name="test_recent_legislation_exists[vic]" time="0.000" /><testcase classname="tests.test_legal_framework.TestRecentLegislation" name="test_recent_legislation_exists[qld]" time="0.000" /><testcase classname="tests.test_legal_framework.TestRecentLegislation" name="test_recent_legislation_exists[sa]" time="0.000" /><testcase classname="tests.test_legal_framework.TestRecentLegislation" name="test_recent_legislation_exists[wa]" time="0.000" /><testcase classname="tests.test_legal_framework.TestRecentLegislation" name="test_recent_legislation_exists[tas]" time="0.000" /><testcase classname="tests.test_legal_framework.TestRecentLegislation" name="test_recent_legislation_exists[nt]" time="0.000" /><testcase classname="tests.test_legal_framework.TestRecentLegislation" name="test_recent_legislation_exists[act]" time="0.000" /><testcase classname="tests.test_legal_framework.TestRecentLegislation" name="test_recent_legislation_exists[federal]" time="0.000" /><testcase classname="tests.test_legal_framework.TestLandmarkCases" name="test_minimum_categories" time="0.000" /><testcase classname="tests.test_legal_framework.TestLandmarkCases" name="test_cases_have_required_fields[unsafe_verdict]" time="0.000" /><testcase classname="tests.test_legal_framework.TestLandmarkCases" name="test_cases_have_required_fields[proviso]" time="0.000" /><testcase classname="tests.test_legal_framework.TestLandmarkCases" name="test_cases_have_required_fields[sentencing_manifest_excess]" time="0.000" /><testcase classname="tests.test_legal_framework.TestLandmarkCases" name="test_cases_have_required_fields[sentencing_totality]" time="0.000" /><testcase classname="tests.test_legal_framework.TestLandmarkCases" name="test_cases_have_required_fields[fresh_evidence]" time="0.000" /><testcase classname="tests.test_legal_framework.TestLandmarkCases" name="test_cases_have_required_fields[ineffective_counsel]" time="0.000" /><testcase classname="tests.test_legal_framework.TestLandmarkCases" name="test_cases_have_required_fields[misdirection]" time="0.000" /><testcase classname="tests.test_legal_framework.TestLandmarkCases" name="test_cases_have_required_fields[prosecution_misconduct]" time="0.000" /><testcase classname="tests.test_legal_framework.TestProceedsOfCrime" name="test_proceeds_exists[nsw]" time="0.000" /><testcase classname="tests.test_legal_framework.TestProceedsOfCrime" name="test_proceeds_exists[vic]" time="0.000" /><testcase classname="tests.test_legal_framework.TestProceedsOfCrime" name="test_proceeds_exists[qld]" time="0.000" /><testcase classname="tests.test_legal_framework.TestProceedsOfCrime" name="test_proceeds_exists[sa]" time="0.000" /><testcase classname="tests.test_legal_framework.TestProceedsOfCrime" name="test_proceeds_exists[wa]" time="0.000" /><testcase classname="tests.test_legal_framework.TestProceedsOfCrime" name="test_proceeds_exists[tas]" time="0.000" /><testcase classname="tests.test_legal_framework.TestProceedsOfCrime" name="test_proceeds_exists[nt]" time="0.000" /><testcase classname="tests.test_legal_framework.TestProceedsOfCrime" name="test_proceeds_exists[act]" time="0.000" /><testcase classname="tests.test_legal_framework.TestProceedsOfCrime" name="test_proceeds_exists[federal]" time="0.000" /><testcase classname="tests.test_legal_framework.TestHumanRights" name="test_has_international" time="0.000" /><testcase classname="tests.test_legal_framework.TestHumanRights" name="test_has_australian" time="0.000" /><testcase classname="tests.test_legal_framework.TestHumanRights" name="test_has_anti_discrimination" time="0.000" /><testcase classname="tests.test_legal_framework.TestHumanRights" name="test_has_no_charter_note" time="0.000" /><testcase classname="tests.test_legal_framework.TestForensicLanguage" name="test_declarative_phrases_caught[The trial judge erred in failing to consider evidence.]" time="0.008" /><testcase classname="tests.test_legal_framework.TestForensicLanguage" name="test_declarative_phrases_caught[The conviction is unsafe.]" time="0.001" /><testcase classname="tests.test_legal_framework.TestForensicLanguage" name="test_declarative_phrases_caught[The sentence is manifestly excessive.]" time="0.001" /><testcase classname="tests.test_legal_framework.TestForensicLanguage" name="test_declarative_phrases_caught[The judge was biased against the defendant.]" time="0.001" /><testcase classname="tests.test_legal_framework.TestForensicLanguage" name="test_declarative_phrases_caught[The court failed to apply the correct legal test.]" time="0.001" /><testcase classname="tests.test_legal_framework.TestForensicLanguage" name="test_does_not_double_prefix" time="0.001" /><testcase classname="tests.test_legal_framework.TestCitationValidation" name="test_valid_medium_neutral" time="0.000" /><testcase classname="tests.test_legal_framework.TestCitationValidation" name="test_rejects_placeholder" time="0.000" /><testcase classname="tests.test_legal_framework.TestCitationValidation" name="test_rejects_suspicious" time="0.000" /><testcase classname="tests.test_legal_framework.TestCitationValidation" name="test_strips_hallucinated" time="0.000" /><testcase classname="tests.test_legal_framework.TestJurisdictionValidation" name="test_confirmed_state_not_flagged[nsw]" time="0.000" /><testcase classname="tests.test_legal_framework.TestJurisdictionValidation" name="test_confirmed_state_not_flagged[vic]" time="0.000" /><testcase classname="tests.test_legal_framework.TestJurisdictionValidation" name="test_confirmed_state_not_flagged[qld]" time="0.000" /><testcase classname="tests.test_legal_framework.TestJurisdictionValidation" name="test_confirmed_state_not_flagged[sa]" time="0.000" /><testcase classname="tests.test_legal_framework.TestJurisdictionValidation" name="test_confirmed_state_not_flagged[wa]" time="0.000" /><testcase classname="tests.test_legal_framework.TestJurisdictionValidation" name="test_confirmed_state_not_flagged[tas]" time="0.000" /><testcase classname="tests.test_legal_framework.TestJurisdictionValidation" name="test_confirmed_state_not_flagged[nt]" time="0.000" /><testcase classname="tests.test_legal_framework.TestJurisdictionValidation" name="test_confirmed_state_not_flagged[act]" time="0.000" /><testcase classname="tests.test_legal_framework.TestJurisdictionValidation" name="test_unconfirmed_state_flagged" time="0.000" /><testcase classname="tests.test_legal_framework.TestFederalFramework" name="test_has_absolute_liability" time="0.000" /><testcase classname="tests.test_legal_framework.TestFederalFramework" name="test_federal_appeal_has_fca" time="0.000" /><testcase classname="tests.test_legislation_framework.TestRecentLegislationData" name="test_all_states_present" time="0.000" /><testcase classname="tests.test_legislation_framework.TestRecentLegislationData" name="test_entries_have_required_fields" time="0.000" /><testcase classname="tests.test_legislation_framework.TestRecentLegislationData" name="test_nsw_coercive_control_present" time="0.000" /><testcase classname="tests.test_legislation_framework.TestRecentLegislationData" name="test_nsw_jury_amendment_present" time="0.000" /><testcase classname="tests.test_legislation_framework.TestRecentLegislationData" name="test_nsw_knife_crime_present" time="0.000" /><testcase classname="tests.test_legislation_framework.TestRecentLegislationData" name="test_nsw_racial_hatred_present" time="0.000" /><testcase classname="tests.test_legislation_framework.TestRecentLegislationData" name="test_qld_coercive_control_present" time="0.000" /><testcase classname="tests.test_legislation_framework.TestRecentLegislationData" name="test_vic_youth_justice_present" time="0.000" /><testcase classname="tests.test_legislation_framework.TestRecentLegislationData" name="test_federal_hate_crimes_present" time="0.000" /><testcase classname="tests.test_legislation_framework.TestRecentLegislationData" name="test_total_entries_minimum" time="0.000" /><testcase classname="tests.test_legislation_framework.TestRecentLegislationData" name="test_nt_has_entries" time="0.000" /><testcase classname="tests.test_legislation_framework.TestRecentLegislationData" name="test_act_has_entries" time="0.000" /><testcase classname="tests.test_legislation_framework.TestRecentLegislationData" name="test_nt_youth_justice_amendment_present" time="0.000" /><testcase classname="tests.test_legislation_framework.TestRecentLegislationData" name="test_nt_bail_amendment_present" time="0.000" /><testcase classname="tests.test_legislation_framework.TestRecentLegislationData" name="test_act_macr_reform_present" time="0.000" /><testcase classname="tests.test_legislation_framework.TestRecentLegislationData" name="test_act_disclosure_present" time="0.000" /><testcase classname="tests.test_legislation_framework.TestOffenceContextInjection" name="test_nsw_homicide_includes_recent_leg" time="0.000" /><testcase classname="tests.test_legislation_framework.TestOffenceContextInjection" name="test_nsw_dv_includes_coercive_control" time="0.000" /><testcase classname="tests.test_legislation_framework.TestOffenceContextInjection" name="test_qld_dv_includes_coercive_control" time="0.000" /><testcase classname="tests.test_legislation_framework.TestOffenceContextInjection" name="test_nsw_firearms_includes_knife_crime" time="0.000" /><testcase classname="tests.test_legislation_framework.TestOffenceContextInjection" name="test_terrorism_includes_federal_hate_crimes" time="0.000" /><testcase classname="tests.test_legislation_framework.TestOffenceContextInjection" name="test_vic_assault_includes_strangulation" time="0.000" /><testcase classname="tests.test_legislation_framework.TestOffenceContextInjection" name="test_sa_includes_coercive_control" time="0.000" /><testcase classname="tests.test_legislation_framework.TestSystemPromptAntiHallucination" name="test_nsw_system_prompt_has_recent_leg_awareness" time="0.000" /><testcase classname="tests.test_legislation_framework.TestSystemPromptAntiHallucination" name="test_system_prompt_has_legislation_accuracy_rule" time="0.000" /><testcase classname="tests.test_legislation_framework.TestSystemPromptAntiHallucination" name="test_system_prompt_anti_fabrication" time="0.000" /><testcase classname="tests.test_legislation_framework.TestSystemPromptAntiHallucination" name="test_system_prompt_australian_english" time="0.000" /><testcase classname="tests.test_legislation_framework.TestBuildRecentLegislationContext" name="test_returns_empty_for_no_matches" time="0.000" /><testcase classname="tests.test_legislation_framework.TestBuildRecentLegislationContext" name="test_federal_always_included_when_relevant" time="0.000" /><testcase classname="tests.test_legislation_framework.TestBuildRecentLegislationContext" name="test_all_category_filter_works" time="0.000" /><testcase classname="tests.test_legislation_framework.TestExistingFrameworkIntegrity" name="test_all_offence_categories_exist" time="0.000" /><testcase classname="tests.test_legislation_framework.TestExistingFrameworkIntegrity" name="test_all_states_exist" time="0.000" /><testcase classname="tests.test_legislation_framework.TestExistingFrameworkIntegrity" name="test_appeal_framework_all_states" time="0.000" /><testcase classname="tests.test_legislation_framework.TestExistingFrameworkIntegrity" name="test_common_appeal_grounds_minimum" time="0.000" /><testcase classname="tests.test_legislation_framework.TestExistingFrameworkIntegrity" name="test_human_rights_framework_present" time="0.000" /><testcase classname="tests.test_legislation_framework.TestNSWCriminalFramework" name="test_primary_legislation_count" time="0.000" /><testcase classname="tests.test_legislation_framework.TestNSWCriminalFramework" name="test_crimes_act_present" time="0.000" /><testcase classname="tests.test_legislation_framework.TestNSWCriminalFramework" name="test_criminal_procedure_act_present" time="0.000" /><testcase classname="tests.test_legislation_framework.TestNSWCriminalFramework" name="test_sentencing_procedure_act_present" time="0.000" /><testcase classname="tests.test_legislation_framework.TestNSWCriminalFramework" name="test_lepra_present" time="0.000" /><testcase classname="tests.test_legislation_framework.TestNSWCriminalFramework" name="test_evidence_act_present" time="0.000" /><testcase classname="tests.test_legislation_framework.TestNSWCriminalFramework" name="test_key_regulations_present" time="0.000" /><testcase classname="tests.test_legislation_framework.TestNSWCriminalFramework" name="test_specialised_legislation_present" time="0.000" /><testcase classname="tests.test_legislation_framework.TestNSWCriminalFramework" name="test_nsw_framework_injected_for_nsw_cases" time="0.000" /><testcase classname="tests.test_legislation_framework.TestNSWCriminalFramework" name="test_nsw_recent_animal_abuse_present" time="0.000" /><testcase classname="tests.test_legislation_framework.TestNSWCriminalFramework" name="test_nsw_good_character_bill_present" time="0.000" /><testcase classname="tests.test_legislation_framework.TestNSWCriminalFramework" name="test_nsw_surveillance_devices_present" time="0.000" /><testcase classname="tests.test_legislation_framework.TestNSWCriminalFramework" name="test_nsw_mental_health_act_present" time="0.000" /><testcase classname="tests.test_legislation_framework.TestAllStateFrameworks" name="test_vic_framework_has_crimes_act_1958" time="0.000" /><testcase classname="tests.test_legislation_framework.TestAllStateFrameworks" name="test_vic_framework_has_sentencing_act" time="0.000" /><testcase classname="tests.test_legislation_framework.TestAllStateFrameworks" name="test_vic_framework_has_evidence_act" time="0.000" /><testcase classname="tests.test_legislation_framework.TestAllStateFrameworks" name="test_vic_framework_injected" time="0.000" /><testcase classname="tests.test_legislation_framework.TestAllStateFrameworks" name="test_qld_framework_has_criminal_code_1899" time="0.000" /><testcase classname="tests.test_legislation_framework.TestAllStateFrameworks" name="test_qld_framework_has_penalties_sentences" time="0.000" /><testcase classname="tests.test_legislation_framework.TestAllStateFrameworks" name="test_qld_framework_injected" time="0.000" /><testcase classname="tests.test_legislation_framework.TestAllStateFrameworks" name="test_sa_framework_has_clca_1935" time="0.000" /><testcase classname="tests.test_legislation_framework.TestAllStateFrameworks" name="test_sa_framework_has_sentencing_act" time="0.000" /><testcase classname="tests.test_legislation_framework.TestAllStateFrameworks" name="test_sa_framework_injected" time="0.000" /><testcase classname="tests.test_legislation_framework.TestAllStateFrameworks" name="test_wa_framework_has_criminal_code_1913" time="0.000" /><testcase classname="tests.test_legislation_framework.TestAllStateFrameworks" name="test_wa_framework_has_sentencing_act" time="0.000" /><testcase classname="tests.test_legislation_framework.TestAllStateFrameworks" name="test_wa_framework_injected" time="0.000" /><testcase classname="tests.test_legislation_framework.TestAllStateFrameworks" name="test_tas_framework_has_criminal_code_1924" time="0.000" /><testcase classname="tests.test_legislation_framework.TestAllStateFrameworks" name="test_tas_framework_has_sentencing_act" time="0.000" /><testcase classname="tests.test_legislation_framework.TestAllStateFrameworks" name="test_tas_framework_has_evidence_act" time="0.000" /><testcase classname="tests.test_legislation_framework.TestAllStateFrameworks" name="test_tas_framework_injected" time="0.000" /><testcase classname="tests.test_legislation_framework.TestAllStateFrameworks" name="test_nt_framework_has_criminal_code_1983" time="0.000" /><testcase classname="tests.test_legislation_framework.TestAllStateFrameworks" name="test_nt_framework_has_sentencing_act" time="0.000" /><testcase classname="tests.test_legislation_framework.TestAllStateFrameworks" name="test_nt_framework_injected" time="0.000" /><testcase classname="tests.test_legislation_framework.TestAllStateFrameworks" name="test_act_framework_has_criminal_code_2002" time="0.000" /><testcase classname="tests.test_legislation_framework.TestAllStateFrameworks" name="test_act_framework_has_crimes_act_1900" time="0.000" /><testcase classname="tests.test_legislation_framework.TestAllStateFrameworks" name="test_act_framework_injected" time="0.000" /><testcase classname="tests.test_legislation_framework.TestFederalFramework" name="test_criminal_code_act_1995" time="0.000" /><testcase classname="tests.test_legislation_framework.TestFederalFramework" name="test_crimes_act_1914" time="0.000" /><testcase classname="tests.test_legislation_framework.TestFederalFramework" name="test_judiciary_act_1903" time="0.000" /><testcase classname="tests.test_legislation_framework.TestFederalFramework" name="test_dpp_act_1983" time="0.000" /><testcase classname="tests.test_legislation_framework.TestFederalFramework" name="test_federal_framework_always_injected" time="0.001" /><testcase classname="tests.test_legislation_framework.TestUserProvidedPrimaryActs" name="test_crimes_act_1914_cth" time="0.000" /><testcase classname="tests.test_legislation_framework.TestUserProvidedPrimaryActs" name="test_crimes_act_1900_act" time="0.000" /><testcase classname="tests.test_legislation_framework.TestUserProvidedPrimaryActs" name="test_crimes_act_1900_nsw" time="0.000" /><testcase classname="tests.test_legislation_framework.TestUserProvidedPrimaryActs" name="test_criminal_code_1899_qld" time="0.000" /><testcase classname="tests.test_legislation_framework.TestUserProvidedPrimaryActs" name="test_criminal_code_1924_tas" time="0.000" /><testcase classname="tests.test_legislation_framework.TestUserProvidedPrimaryActs" name="test_criminal_code_compilation_1913_wa" time="0.000" /><testcase classname="tests.test_legislation_framework.TestUserProvidedPrimaryActs" name="test_criminal_code_act_1995_cth" time="0.000" /><testcase classname="tests.test_legislation_framework.TestUserProvidedPrimaryActs" name="test_criminal_code_2002_act" time="0.000" /><testcase classname="tests.test_legislation_framework.TestUserProvidedPrimaryActs" name="test_criminal_code_act_1983_nt" time="0.000" /><testcase classname="tests.test_legislation_framework.TestUserProvidedPrimaryActs" name="test_criminal_law_consolidation_act_1935_sa" time="0.000" /><testcase classname="tests.test_legislation_framework.TestUserProvidedPrimaryActs" name="test_crimes_act_1958_vic" time="0.000" /><testcase classname="tests.test_legislation_framework.TestNoNSWFallbacks" name="test_wa_context_no_nsw_crimes_act" time="0.000" /><testcase classname="tests.test_legislation_framework.TestNoNSWFallbacks" name="test_qld_context_no_nsw_crimes_act" time="0.000" /><testcase classname="tests.test_legislation_framework.TestNoNSWFallbacks" name="test_sa_context_no_nsw_crimes_act" time="0.000" /><testcase classname="tests.test_legislation_framework.TestNoNSWFallbacks" name="test_empty_state_no_nsw_default" time="0.000" /><testcase classname="tests.test_legislation_framework.TestNoNSWFallbacks" name="test_none_state_no_nsw_default" time="0.000" /><testcase classname="tests.test_legislation_framework.TestNoNSWFallbacks" name="test_system_prompt_wa_no_nsw" time="0.000" /><testcase classname="tests.test_legislation_framework.TestNoNSWFallbacks" name="test_system_prompt_empty_state_flags_unconfirmed" time="0.000" /><testcase classname="tests.test_legislation_framework.TestNoNSWFallbacks" name="test_export_refs_wa_no_nsw" time="0.000" /><testcase classname="tests.test_legislation_framework.TestNoNSWFallbacks" name="test_export_refs_empty_no_nsw" time="0.000" /><testcase classname="tests.test_legislation_framework.TestNoNSWFallbacks" name="test_offence_context_no_homicide_fallback" time="0.000" /><testcase classname="tests.test_legislation_framework.TestLegislativeAuditFixes" name="test_qld_no_criminal_appeal_act_1912" time="0.000" /><testcase classname="tests.test_legislation_framework.TestLegislativeAuditFixes" name="test_qld_has_correct_appeal_provisions" time="0.000" /><testcase classname="tests.test_legislation_framework.TestLegislativeAuditFixes" name="test_vic_no_criminal_appeal_act_1914" time="0.000" /><testcase classname="tests.test_legislation_framework.TestLegislativeAuditFixes" name="test_vic_has_criminal_procedure_appeal_entry" time="0.000" /><testcase classname="tests.test_legislation_framework.TestLegislativeAuditFixes" name="test_sa_appeal_court_updated" time="0.000" /><testcase classname="tests.test_legislation_framework.TestLegislativeAuditFixes" name="test_sa_appeal_time_limit_21_days" time="0.000" /><testcase classname="tests.test_legislation_framework.TestLegislativeAuditFixes" name="test_nt_recent_updates_not_empty" time="0.000" /><testcase classname="tests.test_legislation_framework.TestLegislativeAuditFixes" name="test_act_recent_updates_not_empty" time="0.000" /><testcase classname="tests.test_legislation_framework.TestLegislativeAuditFixes" name="test_nt_context_includes_recent_leg" time="0.000" /><testcase classname="tests.test_legislation_framework.TestLegislativeAuditFixes" name="test_act_context_includes_recent_leg" time="0.000" /><testcase classname="tests.test_legislation_framework.TestLegislativeAuditFixes" name="test_no_fabricated_acts_in_any_framework" time="0.000" /><testcase classname="tests.test_legislation_framework.TestLegislativeAuditFixes" name="test_wa_has_wa_legislation" time="0.000" /><testcase classname="tests.test_legislation_framework.TestLegislativeAuditFixes" name="test_vic_has_vic_legislation" time="0.000" /><testcase classname="tests.test_legislation_framework.TestForensicLanguageFilter" name="test_trial_judge_erred" time="0.001" /><testcase classname="tests.test_legislation_framework.TestForensicLanguageFilter" name="test_conviction_unsafe" time="0.001" /><testcase classname="tests.test_legislation_framework.TestForensicLanguageFilter" name="test_sentence_manifestly_excessive" time="0.001" /><testcase classname="tests.test_legislation_framework.TestForensicLanguageFilter" name="test_denied_fair_trial" time="0.001" /><testcase classname="tests.test_legislation_framework.TestForensicLanguageFilter" name="test_miscarriage_of_justice" time="0.001" /><testcase classname="tests.test_legislation_framework.TestForensicLanguageFilter" name="test_preserves_precedent_citation" time="0.001" /><testcase classname="tests.test_legislation_framework.TestForensicLanguageFilter" name="test_preserves_already_forensic" time="0.001" /><testcase classname="tests.test_legislation_framework.TestForensicLanguageFilter" name="test_no_double_forensic" time="0.001" /><testcase classname="tests.test_legislation_framework.TestForensicLanguageFilter" name="test_empty_string" time="0.000" /><testcase classname="tests.test_legislation_framework.TestForensicLanguageFilter" name="test_prosecution_failed" time="0.001" /><testcase classname="tests.test_legislation_framework.TestForensicLanguageFilter" name="test_defence_counsel_failed" time="0.001" /><testcase classname="tests.test_framework_gap_fill_20260214" name="test_terrorism_state_coverage" time="0.000" /><testcase classname="tests.test_framework_gap_fill_20260214" name="test_organised_crime_full_coverage" time="0.000" /><testcase classname="tests.test_framework_gap_fill_20260214" name="test_cth_gap_fills" time="0.000" /><testcase classname="tests.test_framework_gap_fill_20260214" name="test_every_category_has_procedural_flow_and_mens_rea" time="0.000" /><testcase classname="tests.test_framework_gap_fill_20260214" name="test_indictable_flow_has_all_13_stages" time="0.000" /><testcase classname="tests.test_framework_gap_fill_20260214" name="test_hybrid_flow_drops_committal_and_indictment" time="0.000" /><testcase classname="tests.test_framework_gap_fill_20260214" name="test_summary_flow_basic_shape" time="0.000" /><testcase classname="tests.test_framework_gap_fill_20260214" name="test_mens_rea_framework_has_core_elements" time="0.000" /><testcase classname="tests.test_framework_gap_fill_20260214" name="test_currency_tracker_updated_2026_02" time="0.000" /><testcase classname="tests.test_framework_gap_fill_20260214" name="test_context_builder_surfaces_new_blocks" time="0.000" /><testcase classname="tests.test_framework_gap_fill_20260214" name="test_context_builder_summary_flow_for_public_order" time="0.000" /><testcase classname="tests.test_framework_gap_fill_20260214" name="test_context_builder_hybrid_flow_for_driving" time="0.000" /><testcase classname="tests.test_frameworks_refactor" name="test_every_symbol_reachable_both_ways" time="0.000" /><testcase classname="tests.test_frameworks_refactor" name="test_symbols_are_identity_equal" time="0.000" /><testcase classname="tests.test_frameworks_refactor" name="test_frameworks_all_covers_every_symbol" time="0.000" /><testcase classname="tests.test_frameworks_refactor" name="test_star_import_still_works" time="0.000" /><testcase classname="tests.test_frameworks_refactor" name="test_critical_data_intact_after_split" time="0.000" /><testcase classname="tests.test_ai_usage_tracker" name="test_pricing_table_has_gpt4o_and_mini" time="0.000" /><testcase classname="tests.test_ai_usage_tracker" name="test_cost_calculation_gpt4o" time="0.000" /><testcase classname="tests.test_ai_usage_tracker" name="test_cost_calculation_gpt4o_mini" time="0.000" /><testcase classname="tests.test_ai_usage_tracker" name="test_cost_calculation_unknown_model_uses_default" time="0.000" /><testcase classname="tests.test_ai_usage_tracker" name="test_token_estimation_is_nonzero" time="0.226" /><testcase classname="tests.test_ai_usage_tracker" name="test_token_estimation_empty_returns_zero" time="0.000" /><testcase classname="tests.test_ai_usage_tracker" name="test_case_id_extraction[rpt_gen_abc12345678-abc12345678]" time="0.000" /><testcase classname="tests.test_ai_usage_tracker" name="test_case_id_extraction[rpt_gen_9f87a1b2-c3d4-4abc-8ef0-123456789abc-9f87a1b2-c3d4-4abc-8ef0-123456789abc]" time="0.000" /><testcase classname="tests.test_ai_usage_tracker" name="test_case_id_extraction[barrister-9f87a1b2-c3d4-4abc-8ef0-123456789abc-strategy-9f87a1b2-c3d4-4abc-8ef0-123456789abc]" time="0.000" /><testcase classname="tests.test_ai_usage_tracker" name="test_case_id_extraction[barrister-9f87a1b2c3d4-strategy-9f87a1b2c3d4]" time="0.000" /><testcase classname="tests.test_ai_usage_tracker" name="test_case_id_extraction[classify_deadbeef1234-deadbeef1234]" time="0.000" /><testcase classname="tests.test_ai_usage_tracker" name="test_case_id_extraction[draft_cafebabe1234_full_detailed-cafebabe1234]" time="0.000" /><testcase classname="tests.test_ai_usage_tracker" name="test_case_id_extraction[rpt_gen_case_ec9b7141be1b_quick_summary-case_ec9b7141be1b]" time="0.000" /><testcase classname="tests.test_ai_usage_tracker" name="test_case_id_extraction[rpt_gen_case_ec9b7141be1b-case_ec9b7141be1b]" time="0.000" /><testcase classname="tests.test_ai_usage_tracker" name="test_case_id_extraction[barrister-case_ec9b7141be1b-strategy-case_ec9b7141be1b]" time="0.000" /><testcase classname="tests.test_ai_usage_tracker" name="test_case_id_extraction[classify_case_ec9b7141be1b-case_ec9b7141be1b]" time="0.000" /><testcase classname="tests.test_ai_usage_tracker" name="test_case_id_extraction[draft_case_ec9b7141be1b_full_detailed-case_ec9b7141be1b]" time="0.000" /><testcase classname="tests.test_ai_usage_tracker" name="test_case_id_extraction[-None]" time="0.000" /><testcase classname="tests.test_ai_usage_tracker" name="test_case_id_extraction[random-session-None]" time="0.000" /><testcase classname="tests.test_ai_usage_tracker" name="test_report_type_extraction[barrister-abc-strategy-appellate_research_brief]" time="0.000" /><testcase classname="tests.test_ai_usage_tracker" name="test_report_type_extraction[draft_cafebabe1234_full_detailed-full_detailed]" time="0.000" /><testcase classname="tests.test_ai_usage_tracker" name="test_report_type_extraction[rpt_gen_9f87a1b2-c3d4-4abc-8ef0-123456789abc_quick_summary-quick_summary]" time="0.000" /><testcase classname="tests.test_ai_usage_tracker" name="test_report_type_extraction[rpt_gen_case_ec9b7141be1b_quick_summary-quick_summary]" time="0.000" /><testcase classname="tests.test_ai_usage_tracker" name="test_report_type_extraction[draft_case_ec9b7141be1b_extensive_log-extensive_log]" time="0.000" /><testcase classname="tests.test_ai_usage_tracker" name="test_report_type_extraction[rpt_detect_abc-detection]" time="0.000" /><testcase classname="tests.test_ai_usage_tracker" name="test_report_type_extraction[classify_xyz-grounds_classification]" time="0.000" /><testcase classname="tests.test_ai_usage_tracker" name="test_report_type_extraction[extract_abc-document_extract]" time="0.000" /><testcase classname="tests.test_ai_usage_tracker" name="test_report_type_extraction[-None]" time="0.000" /><testcase classname="tests.test_ai_usage_tracker" name="test_report_type_extraction[something_unknown-None]" time="0.000" /><testcase classname="tests.test_ai_usage_tracker" name="test_record_usage_writes_to_db" time="0.006" /><testcase classname="tests.test_ai_usage_tracker" name="test_record_usage_swallows_errors" time="0.001" /><testcase classname="tests.test_translate_parallel_recovery" name="test_persist_task_writes_to_db" time="0.001" /><testcase classname="tests.test_translate_parallel_recovery" name="test_chunks_run_concurrently" time="0.406" /><testcase classname="tests.test_translate_parallel_recovery" name="test_status_endpoint_recovers_from_mongo_after_restart" time="0.001" /><testcase classname="tests.test_iteration_208_features.TestAiCostEndpoint" name="test_ai_cost_requires_auth" time="0.131" /><testcase classname="tests.test_iteration_208_features.TestAiCostEndpoint" name="test_ai_cost_returns_404_for_nonexistent_case" time="0.000"><skipped type="pytest.skip" message="Requires authenticated session to test 404 behavior">/app/backend/tests/test_iteration_208_features.py:30: Requires authenticated session to test 404 behavior</skipped></testcase><testcase classname="tests.test_iteration_208_features.TestTranslateStatusEndpoint" name="test_translate_status_requires_auth" time="0.136" /><testcase classname="tests.test_iteration_208_features.TestLanguagesEndpoint" name="test_languages_returns_list" time="0.104" /><testcase classname="tests.test_iteration_208_features.TestLanguagesEndpoint" name="test_languages_includes_common_languages" time="0.178" /><testcase classname="tests.test_iteration_208_features.TestCaseIdRegexPatterns" name="test_case_hex_format_extraction" time="0.000" /><testcase classname="tests.test_iteration_208_features.TestCaseIdRegexPatterns" name="test_report_type_extraction_case_hex" time="0.000" /><testcase classname="tests.test_iteration_208_features.TestTranslateParallelRecovery" name="test_persist_task_function_exists" time="0.000" /><testcase classname="tests.test_iteration_208_features.TestTranslateParallelRecovery" name="test_translate_tasks_dict_exists" time="0.000" /><testcase classname="tests.test_iteration_208_features.TestTranslateParallelRecovery" name="test_supported_languages_count" time="0.000" /><testcase classname="tests.test_iteration_208_features.TestFrontendCodeVerification" name="test_report_translator_max_attempts" time="0.003" /><testcase classname="tests.test_iteration_208_features.TestFrontendCodeVerification" name="test_report_translator_poll_interval" time="0.002" /><testcase classname="tests.test_iteration_208_features.TestFrontendCodeVerification" name="test_admin_dashboard_payid_testid" time="0.002" /><testcase classname="tests.test_iteration_208_features.TestFrontendCodeVerification" name="test_admin_dashboard_refresh_btn_testid" time="0.003" /><testcase classname="tests.test_iteration_208_features.TestFrontendCodeVerification" name="test_ai_cost_badge_testid" time="0.003" /><testcase classname="tests.test_iteration_208_features.TestHealthEndpoint" name="test_health_returns_200" time="0.119" /></testsuite></testsuites>