<?xml version="1.0" encoding="utf-8"?><testsuites name="pytest tests"><testsuite name="pytest" errors="0" failures="0" skipped="0" tests="12" time="28.663" timestamp="2026-03-30T17:05:25.657286+00:00" hostname="agent-env-5cef9b74-84d9-4cf7-aca4-abcd3467b71f"><testcase classname="backend.tests.test_iteration134_auto_detect_fix.TestHealthAndAuth" name="test_health_endpoint" time="0.236" /><testcase classname="backend.tests.test_iteration134_auto_detect_fix.TestHealthAndAuth" name="test_login_returns_session_token" time="0.165" /><testcase classname="backend.tests.test_iteration134_auto_detect_fix.TestCaseCreationAutoDetectFix" name="test_create_case_with_empty_state_and_offence_category" time="0.449" /><testcase classname="backend.tests.test_iteration134_auto_detect_fix.TestCaseCreationAutoDetectFix" name="test_create_case_with_explicit_state_and_offence_category" time="0.309" /><testcase classname="backend.tests.test_iteration134_auto_detect_fix.TestCaseCreationAutoDetectFix" name="test_create_case_with_only_state_set" time="0.295" /><testcase classname="backend.tests.test_iteration134_auto_detect_fix.TestCaseCreationAutoDetectFix" name="test_create_case_with_only_offence_category_set" time="0.502" /><testcase classname="backend.tests.test_iteration134_auto_detect_fix.TestDocumentUploadAutoDetection" name="test_document_upload_triggers_auto_detection" time="25.617" /><testcase classname="backend.tests.test_iteration134_auto_detect_fix.TestDashboardAndCaseDetail" name="test_get_cases_returns_list" time="0.128" /><testcase classname="backend.tests.test_iteration134_auto_detect_fix.TestDashboardAndCaseDetail" name="test_get_case_detail" time="0.269" /><testcase classname="backend.tests.test_iteration134_auto_detect_fix.TestDashboardAndCaseDetail" name="test_get_offence_categories" time="0.100" /><testcase classname="backend.tests.test_iteration134_auto_detect_fix.TestDashboardAndCaseDetail" name="test_get_states" time="0.137" /><testcase classname="backend.tests.test_iteration134_auto_detect_fix.TestCaseUpdateWithAutoDetect" name="test_update_case_preserves_none_values" time="0.373" /></testsuite></testsuites>