<?xml version="1.0" encoding="utf-8"?><testsuites name="pytest tests"><testsuite name="pytest" errors="0" failures="0" skipped="0" tests="17" time="4.810" timestamp="2026-04-08T14:26:05.464370+00:00" hostname="agent-env-5cef9b74-84d9-4cf7-aca4-abcd3467b71f"><testcase classname="backend.tests.test_iteration160_quick_brief.TestHealthAndAuth" name="test_health_endpoint" time="0.172" /><testcase classname="backend.tests.test_iteration160_quick_brief.TestHealthAndAuth" name="test_login_with_credentials" time="0.154" /><testcase classname="backend.tests.test_iteration160_quick_brief.TestBarristerQuickBrief" name="test_quick_brief_returns_200" time="0.371" /><testcase classname="backend.tests.test_iteration160_quick_brief.TestBarristerQuickBrief" name="test_quick_brief_returns_pdf_content_type" time="0.302" /><testcase classname="backend.tests.test_iteration160_quick_brief.TestBarristerQuickBrief" name="test_quick_brief_pdf_is_valid" time="0.273" /><testcase classname="backend.tests.test_iteration160_quick_brief.TestBarristerQuickBrief" name="test_quick_brief_pdf_has_reasonable_size" time="0.313" /><testcase classname="backend.tests.test_iteration160_quick_brief.TestBarristerQuickBrief" name="test_quick_brief_pdf_uses_reportlab" time="0.293" /><testcase classname="backend.tests.test_iteration160_quick_brief.TestBarristerQuickBrief" name="test_quick_brief_pdf_has_fonts" time="0.267" /><testcase classname="backend.tests.test_iteration160_quick_brief.TestBarristerQuickBrief" name="test_quick_brief_has_content_disposition_header" time="0.257" /><testcase classname="backend.tests.test_iteration160_quick_brief.TestBarristerQuickBrief" name="test_quick_brief_requires_auth" time="0.120" /><testcase classname="backend.tests.test_iteration160_quick_brief.TestBarristerQuickBrief" name="test_quick_brief_404_for_nonexistent_case" time="0.278" /><testcase classname="backend.tests.test_iteration160_quick_brief.TestGroundsReorderRegression" name="test_grounds_reorder_endpoint_exists" time="0.365" /><testcase classname="backend.tests.test_iteration160_quick_brief.TestDatabaseIndexes" name="test_users_collection_accessible" time="0.264" /><testcase classname="backend.tests.test_iteration160_quick_brief.TestDatabaseIndexes" name="test_cases_collection_accessible" time="0.255" /><testcase classname="backend.tests.test_iteration160_quick_brief.TestDatabaseIndexes" name="test_reports_collection_accessible" time="0.486" /><testcase classname="backend.tests.test_iteration160_quick_brief.TestDatabaseIndexes" name="test_grounds_collection_accessible" time="0.296" /><testcase classname="backend.tests.test_iteration160_quick_brief.TestDatabaseIndexes" name="test_payments_collection_accessible" time="0.265" /></testsuite></testsuites>