<?xml version="1.0" encoding="utf-8"?><testsuites name="pytest tests"><testsuite name="pytest" errors="0" failures="0" skipped="0" tests="8" time="1.349" timestamp="2026-03-14T02:36:20.318586+00:00" hostname="agent-env-c2d71b8c-5f9d-49b4-8dca-8ac6facbaf79"><testcase classname="backend.tests.test_iteration48.TestHealthAndPricing" name="test_health_endpoint" time="0.148" /><testcase classname="backend.tests.test_iteration48.TestHealthAndPricing" name="test_pricing_endpoint" time="0.135" /><testcase classname="backend.tests.test_iteration48.TestAuthentication" name="test_login_returns_user_data" time="0.162" /><testcase classname="backend.tests.test_iteration48.TestAuthentication" name="test_authenticated_case_access" time="0.215" /><testcase classname="backend.tests.test_iteration48.TestReports" name="test_reports_api_authenticated" time="0.210" /><testcase classname="backend.tests.test_iteration48.TestReports" name="test_report_types_available" time="0.122" /><testcase classname="backend.tests.test_iteration48.TestPublicPages" name="test_landing_page_loads" time="0.134" /><testcase classname="backend.tests.test_iteration48.TestPublicPages" name="test_faq_api_if_exists" time="0.126" /></testsuite></testsuites>