<?xml version="1.0" encoding="utf-8"?><testsuites name="pytest tests"><testsuite name="pytest" errors="0" failures="0" skipped="0" tests="31" time="8.695" timestamp="2026-04-09T20:16:52.499256+00:00" hostname="agent-env-5cef9b74-84d9-4cf7-aca4-abcd3467b71f"><testcase classname="tests.test_iteration169_production_readiness.TestHealthEndpoints" name="test_health_basic" time="0.216" /><testcase classname="tests.test_iteration169_production_readiness.TestHealthEndpoints" name="test_health_deep" time="0.114" /><testcase classname="tests.test_iteration169_production_readiness.TestHealthEndpoints" name="test_ready_endpoint" time="0.141" /><testcase classname="tests.test_iteration169_production_readiness.TestAuthFlows" name="test_login_success" time="0.137" /><testcase classname="tests.test_iteration169_production_readiness.TestAuthFlows" name="test_login_wrong_password" time="0.148" /><testcase classname="tests.test_iteration169_production_readiness.TestAuthFlows" name="test_login_nonexistent_user" time="0.121" /><testcase classname="tests.test_iteration169_production_readiness.TestAuthFlows" name="test_register_new_user" time="0.179" /><testcase classname="tests.test_iteration169_production_readiness.TestAuthFlows" name="test_register_duplicate_email" time="0.161" /><testcase classname="tests.test_iteration169_production_readiness.TestAuthFlows" name="test_get_me_authenticated" time="0.267" /><testcase classname="tests.test_iteration169_production_readiness.TestAuthFlows" name="test_get_me_unauthenticated" time="0.105" /><testcase classname="tests.test_iteration169_production_readiness.TestAuthFlows" name="test_logout" time="0.256" /><testcase classname="tests.test_iteration169_production_readiness.TestAuthFlows" name="test_session_exchange_invalid" time="0.252" /><testcase classname="tests.test_iteration169_production_readiness.TestCasesCRUD" name="test_list_cases" time="0.272" /><testcase classname="tests.test_iteration169_production_readiness.TestCasesCRUD" name="test_create_case" time="0.161" /><testcase classname="tests.test_iteration169_production_readiness.TestCasesCRUD" name="test_get_single_case" time="0.237" /><testcase classname="tests.test_iteration169_production_readiness.TestCasesCRUD" name="test_update_case" time="0.356" /><testcase classname="tests.test_iteration169_production_readiness.TestCasesCRUD" name="test_delete_case" time="0.371" /><testcase classname="tests.test_iteration169_production_readiness.TestReports" name="test_list_reports_for_case" time="0.255" /><testcase classname="tests.test_iteration169_production_readiness.TestReports" name="test_trigger_quick_summary_report" time="1.506" /><testcase classname="tests.test_iteration169_production_readiness.TestGrounds" name="test_list_grounds_for_case" time="0.279" /><testcase classname="tests.test_iteration169_production_readiness.TestDocuments" name="test_list_documents_for_case" time="0.230" /><testcase classname="tests.test_iteration169_production_readiness.TestLegalFramework" name="test_offence_framework_nsw_homicide" time="0.106" /><testcase classname="tests.test_iteration169_production_readiness.TestLegalFramework" name="test_offence_framework_wa_domestic_violence" time="0.116" /><testcase classname="tests.test_iteration169_production_readiness.TestLegalFramework" name="test_offence_framework_empty_state" time="0.180" /><testcase classname="tests.test_iteration169_production_readiness.TestLegalFramework" name="test_offence_framework_qld" time="0.121" /><testcase classname="tests.test_iteration169_production_readiness.TestDeadlinesAndChecklist" name="test_list_deadlines" time="0.235" /><testcase classname="tests.test_iteration169_production_readiness.TestDeadlinesAndChecklist" name="test_list_checklist" time="0.234" /><testcase classname="tests.test_iteration169_production_readiness.TestAnalytics" name="test_quick_stats" time="0.115" /><testcase classname="tests.test_iteration169_production_readiness.TestNoMongoIdExposure" name="test_cases_no_id" time="0.124" /><testcase classname="tests.test_iteration169_production_readiness.TestNoMongoIdExposure" name="test_auth_me_no_id" time="0.114" /><testcase classname="tests.test_iteration169_production_readiness.TestCleanup" name="test_cleanup_test_cases" time="1.479" /></testsuite></testsuites>