<?xml version="1.0" encoding="utf-8"?><testsuites name="pytest tests"><testsuite name="pytest" errors="0" failures="0" skipped="0" tests="11" time="4.886" timestamp="2026-04-10T02:53:26.757073+00:00" hostname="agent-env-5cef9b74-84d9-4cf7-aca4-abcd3467b71f"><testcase classname="backend.tests.test_document_exports.TestHealthCheck" name="test_api_health" time="0.251" /><testcase classname="backend.tests.test_document_exports.TestPDFExport" name="test_pdf_export_quick_summary" time="0.424" /><testcase classname="backend.tests.test_document_exports.TestPDFExport" name="test_pdf_export_full_detailed" time="0.768" /><testcase classname="backend.tests.test_document_exports.TestPDFExport" name="test_pdf_export_barrister_view" time="0.882" /><testcase classname="backend.tests.test_document_exports.TestDOCXExport" name="test_docx_export_quick_summary" time="0.292" /><testcase classname="backend.tests.test_document_exports.TestDOCXExport" name="test_docx_export_full_detailed" time="0.759" /><testcase classname="backend.tests.test_document_exports.TestDOCXExport" name="test_docx_export_barrister_view" time="0.864" /><testcase classname="backend.tests.test_document_exports.TestReportAccess" name="test_get_quick_summary_report" time="0.155" /><testcase classname="backend.tests.test_document_exports.TestReportAccess" name="test_get_full_detailed_report" time="0.164" /><testcase classname="backend.tests.test_document_exports.TestReportAccess" name="test_get_barrister_view" time="0.135" /><testcase classname="backend.tests.test_document_exports.TestCaseAccess" name="test_get_case" time="0.121" /></testsuite></testsuites>