<?xml version="1.0" encoding="utf-8"?><testsuites name="pytest tests"><testsuite name="pytest" errors="0" failures="0" skipped="0" tests="7" time="1.257" timestamp="2026-03-14T02:13:57.050873+00:00" hostname="agent-env-c2d71b8c-5f9d-49b4-8dca-8ac6facbaf79"><testcase classname="tests.test_iteration46_api.TestHealthEndpoint" name="test_api_health_returns_200" time="0.160" /><testcase classname="tests.test_iteration46_api.TestPaymentPrices" name="test_payments_prices_returns_correct_values" time="0.109" /><testcase classname="tests.test_iteration46_api.TestAuthAndCaseAccess" name="test_login_with_test_credentials" time="0.164" /><testcase classname="tests.test_iteration46_api.TestAuthAndCaseAccess" name="test_case_access_requires_auth" time="0.152" /><testcase classname="tests.test_iteration46_api.TestAuthAndCaseAccess" name="test_case_access_with_session" time="0.203" /><testcase classname="tests.test_iteration46_api.TestAuthAndCaseAccess" name="test_specific_case_access" time="0.204" /><testcase classname="tests.test_iteration46_api.TestAuthAndCaseAccess" name="test_report_access" time="0.209" /></testsuite></testsuites>