<?xml version="1.0" encoding="utf-8"?><testsuites name="pytest tests"><testsuite name="pytest" errors="0" failures="0" skipped="2" tests="12" time="3.278" timestamp="2026-04-11T03:20:20.167205+00:00" hostname="agent-env-5cef9b74-84d9-4cf7-aca4-abcd3467b71f"><testcase classname="backend.tests.test_iteration181_payment_history.TestAuthLogin" name="test_login_success" time="0.284" /><testcase classname="backend.tests.test_iteration181_payment_history.TestAuthLogin" name="test_login_invalid_credentials" time="0.109" /><testcase classname="backend.tests.test_iteration181_payment_history.TestPaymentHistoryEndpoints" name="test_payment_history_returns_payments" time="0.257" /><testcase classname="backend.tests.test_iteration181_payment_history.TestPaymentHistoryEndpoints" name="test_payment_history_no_auth_returns_401" time="0.244" /><testcase classname="backend.tests.test_iteration181_payment_history.TestPaymentHistoryEndpoints" name="test_payment_summary_returns_stats" time="0.272" /><testcase classname="backend.tests.test_iteration181_payment_history.TestPaymentHistoryEndpoints" name="test_payment_summary_no_auth_returns_401" time="0.294" /><testcase classname="backend.tests.test_iteration181_payment_history.TestReceiptPDFEndpoint" name="test_receipt_pdf_for_completed_payment" time="0.430" /><testcase classname="backend.tests.test_iteration181_payment_history.TestReceiptPDFEndpoint" name="test_receipt_pdf_nonexistent_payment_returns_404" time="0.378" /><testcase classname="backend.tests.test_iteration181_payment_history.TestReceiptPDFEndpoint" name="test_receipt_pdf_no_auth_returns_401" time="0.407" /><testcase classname="backend.tests.test_iteration181_payment_history.TestPaymentHistoryDataIntegrity" name="test_payment_history_includes_both_methods" time="0.307" /><testcase classname="backend.tests.test_iteration181_payment_history.TestPaymentHistoryDataIntegrity" name="test_payment_history_includes_completed_and_pending" time="0.107"><skipped type="pytest.skip" message="Could not authenticate - skipping test">/app/backend/tests/test_iteration181_payment_history.py:257: Could not authenticate - skipping test</skipped></testcase><testcase classname="backend.tests.test_iteration181_payment_history.TestPaymentHistoryDataIntegrity" name="test_summary_matches_history_data" time="0.119"><skipped type="pytest.skip" message="Could not authenticate - skipping test">/app/backend/tests/test_iteration181_payment_history.py:275: Could not authenticate - skipping test</skipped></testcase></testsuite></testsuites>