<?xml version="1.0" encoding="utf-8"?><testsuites name="pytest tests"><testsuite name="pytest" errors="0" failures="0" skipped="0" tests="19" time="44.547" timestamp="2026-03-30T12:52:14.858629+00:00" hostname="agent-env-5cef9b74-84d9-4cf7-aca4-abcd3467b71f"><testcase classname="backend.tests.test_pipeline_endpoints.TestHealthCheck" name="test_health_endpoint" time="0.319" /><testcase classname="backend.tests.test_pipeline_endpoints.TestPipelineStatus" name="test_pipeline_status_returns_stage_counts" time="0.060" /><testcase classname="backend.tests.test_pipeline_endpoints.TestPipelineStatus" name="test_pipeline_status_unauthorized" time="0.316" /><testcase classname="backend.tests.test_pipeline_endpoints.TestGetCaseExtract" name="test_get_case_extract" time="0.056" /><testcase classname="backend.tests.test_pipeline_endpoints.TestListIssues" name="test_list_issues" time="0.055" /><testcase classname="backend.tests.test_pipeline_endpoints.TestListIssues" name="test_list_issues_unauthorized" time="0.101" /><testcase classname="backend.tests.test_pipeline_endpoints.TestGetIssueVerification" name="test_get_verification_for_verified_issue" time="0.055" /><testcase classname="backend.tests.test_pipeline_endpoints.TestGetIssueVerification" name="test_get_verification_nonexistent_issue" time="0.065" /><testcase classname="backend.tests.test_pipeline_endpoints.TestExtractRefresh" name="test_refresh_case_extract" time="0.057" /><testcase classname="backend.tests.test_pipeline_endpoints.TestSyncGroundsFromIssues" name="test_sync_grounds_from_issues" time="0.063" /><testcase classname="backend.tests.test_pipeline_endpoints.TestDocumentExtraction" name="test_extract_document_with_content" time="8.762" /><testcase classname="backend.tests.test_pipeline_endpoints.TestDocumentExtraction" name="test_extract_nonexistent_document" time="0.060" /><testcase classname="backend.tests.test_pipeline_endpoints.TestIssueClassification" name="test_classify_issues" time="5.718" /><testcase classname="backend.tests.test_pipeline_endpoints.TestIssueVerification" name="test_verify_single_issue" time="4.181" /><testcase classname="backend.tests.test_pipeline_endpoints.TestIssueVerification" name="test_verify_nonexistent_issue" time="0.052" /><testcase classname="backend.tests.test_pipeline_endpoints.TestVerifyAllIssues" name="test_verify_all_issues" time="24.315" /><testcase classname="backend.tests.test_pipeline_endpoints.TestCaseOwnership" name="test_pipeline_status_wrong_case" time="0.069" /><testcase classname="backend.tests.test_pipeline_endpoints.TestCaseOwnership" name="test_extract_wrong_case" time="0.062" /><testcase classname="backend.tests.test_pipeline_endpoints.TestCaseOwnership" name="test_issues_wrong_case" time="0.079" /></testsuite></testsuites>