<?xml version="1.0" encoding="utf-8"?><testsuites name="pytest tests"><testsuite name="pytest" errors="0" failures="0" skipped="0" tests="15" time="2.749" timestamp="2026-03-29T06:14:39.340430+00:00" hostname="agent-env-5cef9b74-84d9-4cf7-aca4-abcd3467b71f"><testcase classname="backend.tests.test_auth_cors_fix.TestHealthCheck" name="test_health_endpoint" time="0.237" /><testcase classname="backend.tests.test_auth_cors_fix.TestEmailPasswordLogin" name="test_login_returns_session_token" time="0.127" /><testcase classname="backend.tests.test_auth_cors_fix.TestEmailPasswordLogin" name="test_login_invalid_credentials" time="0.140" /><testcase classname="backend.tests.test_auth_cors_fix.TestEmailPasswordLogin" name="test_login_nonexistent_user" time="0.140" /><testcase classname="backend.tests.test_auth_cors_fix.TestBearerTokenAuth" name="test_auth_me_with_bearer_token" time="0.277" /><testcase classname="backend.tests.test_auth_cors_fix.TestBearerTokenAuth" name="test_auth_me_without_token" time="0.116" /><testcase classname="backend.tests.test_auth_cors_fix.TestBearerTokenAuth" name="test_auth_me_with_invalid_token" time="0.106" /><testcase classname="backend.tests.test_auth_cors_fix.TestRegistration" name="test_register_returns_session_token" time="0.309" /><testcase classname="backend.tests.test_auth_cors_fix.TestRegistration" name="test_register_duplicate_email" time="0.103" /><testcase classname="backend.tests.test_auth_cors_fix.TestRegistration" name="test_register_weak_password" time="0.207" /><testcase classname="backend.tests.test_auth_cors_fix.TestLogout" name="test_logout_endpoint" time="0.234" /><testcase classname="backend.tests.test_auth_cors_fix.TestGoogleOAuthSession" name="test_session_endpoint_requires_session_id" time="0.111" /><testcase classname="backend.tests.test_auth_cors_fix.TestGoogleOAuthSession" name="test_session_endpoint_invalid_session_id" time="0.208" /><testcase classname="backend.tests.test_auth_cors_fix.TestProtectedEndpoints" name="test_cases_endpoint_with_bearer" time="0.254" /><testcase classname="backend.tests.test_auth_cors_fix.TestProtectedEndpoints" name="test_cases_endpoint_without_auth" time="0.106" /></testsuite></testsuites>