<?xml version="1.0" encoding="utf-8"?><testsuites name="pytest tests"><testsuite name="pytest" errors="0" failures="0" skipped="0" tests="7" time="0.873" timestamp="2026-03-14T04:46:40.062821+00:00" hostname="agent-env-48cedb9d-1128-4771-965b-835589d3339a"><testcase classname="tests.test_health_api.TestHealthEndpoint" name="test_health_endpoint_returns_200" time="0.129" /><testcase classname="tests.test_health_api.TestHealthEndpoint" name="test_health_response_has_status_field" time="0.127" /><testcase classname="tests.test_health_api.TestHealthEndpoint" name="test_health_response_has_database_field" time="0.105" /><testcase classname="tests.test_health_api.TestHealthEndpoint" name="test_health_response_has_timestamp_field" time="0.113" /><testcase classname="tests.test_health_api.TestHealthEndpoint" name="test_database_is_connected" time="0.109" /><testcase classname="tests.test_health_api.TestRootEndpoint" name="test_root_endpoint_returns_200" time="0.131" /><testcase classname="tests.test_health_api.TestRootEndpoint" name="test_root_endpoint_has_message" time="0.104" /></testsuite></testsuites>