<?xml version="1.0" encoding="utf-8"?><testsuites name="pytest tests"><testsuite name="pytest" errors="0" failures="0" skipped="0" tests="7" time="1.707" timestamp="2026-03-29T00:41:47.230729+00:00" hostname="agent-env-5cef9b74-84d9-4cf7-aca4-abcd3467b71f"><testcase classname="backend.tests.test_iteration105_bundle_export.TestAuthentication" name="test_login_success" time="0.172" /><testcase classname="backend.tests.test_iteration105_bundle_export.TestBundleExport" name="test_bundle_export_endpoint_exists" time="0.524" /><testcase classname="backend.tests.test_iteration105_bundle_export.TestBundleExport" name="test_bundle_export_no_documents_error" time="0.229" /><testcase classname="backend.tests.test_iteration105_bundle_export.TestTimelineDelete" name="test_timeline_events_endpoint" time="0.187" /><testcase classname="backend.tests.test_iteration105_bundle_export.TestTimelineDelete" name="test_timeline_delete_endpoint_exists" time="0.232" /><testcase classname="backend.tests.test_iteration105_bundle_export.TestNotesDelete" name="test_notes_endpoint" time="0.193" /><testcase classname="backend.tests.test_iteration105_bundle_export.TestHealthCheck" name="test_api_health" time="0.111" /></testsuite></testsuites>