<?xml version="1.0" encoding="utf-8"?><testsuites name="pytest tests"><testsuite name="pytest" errors="0" failures="0" skipped="0" tests="20" time="3.094" timestamp="2026-03-26T16:25:16.739449+00:00" hostname="agent-env-a8d48533-c7f2-4321-8098-10307a366a65"><testcase classname="backend.tests.test_iteration91_barrister_view.TestHealthAndBasicEndpoints" name="test_health_check" time="0.187" /><testcase classname="backend.tests.test_iteration91_barrister_view.TestHealthAndBasicEndpoints" name="test_offence_categories_endpoint" time="0.132" /><testcase classname="backend.tests.test_iteration91_barrister_view.TestHealthAndBasicEndpoints" name="test_states_endpoint" time="0.212" /><testcase classname="backend.tests.test_iteration91_barrister_view.TestBarristerViewEndpointStructure" name="test_barrister_view_requires_auth" time="0.107" /><testcase classname="backend.tests.test_iteration91_barrister_view.TestBarristerViewEndpointStructure" name="test_reports_endpoint_requires_auth" time="0.120" /><testcase classname="backend.tests.test_iteration91_barrister_view.TestBarristerViewEndpointStructure" name="test_export_pdf_requires_auth" time="0.317" /><testcase classname="backend.tests.test_iteration91_barrister_view.TestBarristerViewEndpointStructure" name="test_export_docx_requires_auth" time="0.249" /><testcase classname="backend.tests.test_iteration91_barrister_view.TestReportExportEndpoints" name="test_export_pdf_endpoint_exists" time="0.173" /><testcase classname="backend.tests.test_iteration91_barrister_view.TestReportExportEndpoints" name="test_export_docx_endpoint_exists" time="0.120" /><testcase classname="backend.tests.test_iteration91_barrister_view.TestQueryParamTokenSupport" name="test_invalid_session_token_query_param" time="0.139" /><testcase classname="backend.tests.test_iteration91_barrister_view.TestQueryParamTokenSupport" name="test_export_with_invalid_session_token" time="0.191" /><testcase classname="backend.tests.test_iteration91_barrister_view.TestCaseEndpoints" name="test_cases_endpoint_requires_auth" time="0.127" /><testcase classname="backend.tests.test_iteration91_barrister_view.TestCaseEndpoints" name="test_single_case_requires_auth" time="0.117" /><testcase classname="backend.tests.test_iteration91_barrister_view.TestCaseEndpoints" name="test_case_grounds_requires_auth" time="0.143" /><testcase classname="backend.tests.test_iteration91_barrister_view.TestCaseEndpoints" name="test_case_timeline_requires_auth" time="0.115" /><testcase classname="backend.tests.test_iteration91_barrister_view.TestCaseEndpoints" name="test_case_documents_requires_auth" time="0.118" /><testcase classname="backend.tests.test_iteration91_barrister_view.TestPublicPages" name="test_landing_page_loads" time="0.136" /><testcase classname="backend.tests.test_iteration91_barrister_view.TestPublicPages" name="test_how_it_works_page_loads" time="0.107" /><testcase classname="backend.tests.test_iteration91_barrister_view.TestPublicPages" name="test_faq_page_loads" time="0.107" /><testcase classname="backend.tests.test_iteration91_barrister_view.TestPublicPages" name="test_about_page_loads" time="0.109" /></testsuite></testsuites>