<?xml version="1.0" encoding="utf-8"?><testsuites name="pytest tests"><testsuite name="pytest" errors="0" failures="0" skipped="0" tests="18" time="2.524" timestamp="2026-04-20T15:01:55.272653+00:00" hostname="agent-env-5cef9b74-84d9-4cf7-aca4-abcd3467b71f"><testcase classname="tests.test_translate_section" name="test_unsupported_language_returns_400" time="0.684" /><testcase classname="tests.test_translate_section" name="test_english_returns_original_unchanged" time="0.002" /><testcase classname="tests.test_translate_section" name="test_empty_section_text_returns_400" time="0.002" /><testcase classname="tests.test_translate_section" name="test_too_long_section_returns_400" time="0.002" /><testcase classname="tests.test_translate_section" name="test_cache_hit_short_circuits_llm" time="0.002" /><testcase classname="tests.test_translate_section" name="test_cache_miss_calls_llm_and_persists" time="0.003" /><testcase classname="tests.test_translate_section" name="test_report_not_in_case_returns_404" time="0.003" /><testcase classname="tests.test_translate_section" name="test_llm_failure_returns_502" time="0.003" /><testcase classname="tests.test_translate_section_api.TestTranslateSectionAuth" name="test_unauthenticated_returns_401" time="0.544" /><testcase classname="tests.test_translate_section_api.TestTranslateSectionAuth" name="test_invalid_case_returns_403_or_404" time="0.142" /><testcase classname="tests.test_translate_section_api.TestTranslateSectionValidation" name="test_unsupported_language_returns_400" time="0.133" /><testcase classname="tests.test_translate_section_api.TestTranslateSectionValidation" name="test_empty_section_text_returns_400" time="0.123" /><testcase classname="tests.test_translate_section_api.TestTranslateSectionValidation" name="test_too_long_section_returns_400" time="0.133" /><testcase classname="tests.test_translate_section_api.TestTranslateSectionValidation" name="test_report_not_in_case_returns_404" time="0.131" /><testcase classname="tests.test_translate_section_api.TestTranslateSectionEnglishNoOp" name="test_english_returns_original_unchanged" time="0.130" /><testcase classname="tests.test_translate_section_api.TestTranslateSectionResponseShape" name="test_response_has_required_fields" time="0.133" /><testcase classname="tests.test_translate_section_api.TestTranslateSectionEndpoint" name="test_endpoint_exists_and_accepts_post" time="0.129" /><testcase classname="tests.test_translate_section_api.TestTranslateSectionEndpoint" name="test_supported_languages_list" time="0.170" /></testsuite></testsuites>