<?xml version="1.0" encoding="utf-8"?><testsuites name="pytest tests"><testsuite name="pytest" errors="0" failures="0" skipped="0" tests="12" time="2.297" timestamp="2026-03-30T13:13:40.838908+00:00" hostname="agent-env-5cef9b74-84d9-4cf7-aca4-abcd3467b71f"><testcase classname="backend.tests.test_barrister_pack_pipeline.TestBarristerAcceptancePackPDF" name="test_generate_barrister_pack_returns_pdf" time="0.522" /><testcase classname="backend.tests.test_barrister_pack_pipeline.TestBarristerAcceptancePackPDF" name="test_generate_barrister_pack_unauthorized" time="0.131" /><testcase classname="backend.tests.test_barrister_pack_pipeline.TestBarristerAcceptancePackPDF" name="test_generate_barrister_pack_nonexistent_case" time="0.129" /><testcase classname="backend.tests.test_barrister_pack_pipeline.TestBarristerAcceptancePackPDF" name="test_generate_barrister_pack_filename_format" time="0.167" /><testcase classname="backend.tests.test_barrister_pack_pipeline.TestPipelineStatusEndpoint" name="test_pipeline_status_returns_stages" time="0.118" /><testcase classname="backend.tests.test_barrister_pack_pipeline.TestPipelineStatusEndpoint" name="test_pipeline_status_extract_stage_structure" time="0.121" /><testcase classname="backend.tests.test_barrister_pack_pipeline.TestPipelineStatusEndpoint" name="test_pipeline_status_classify_stage_structure" time="0.155" /><testcase classname="backend.tests.test_barrister_pack_pipeline.TestPipelineStatusEndpoint" name="test_pipeline_status_verify_stage_structure" time="0.132" /><testcase classname="backend.tests.test_barrister_pack_pipeline.TestPipelineStatusEndpoint" name="test_pipeline_status_project_stage_structure" time="0.106" /><testcase classname="backend.tests.test_barrister_pack_pipeline.TestPipelineStatusEndpoint" name="test_pipeline_status_unauthorized" time="0.130" /><testcase classname="backend.tests.test_barrister_pack_pipeline.TestPipelineStatusEndpoint" name="test_pipeline_status_nonexistent_case" time="0.124" /><testcase classname="backend.tests.test_barrister_pack_pipeline.TestHealthCheck" name="test_health_endpoint" time="0.392" /></testsuite></testsuites>