<?xml version="1.0" encoding="utf-8"?><testsuites name="pytest tests"><testsuite name="pytest" errors="40" failures="22" skipped="23" tests="774" time="73.707" timestamp="2026-04-20T15:51:48.515831+00:00" hostname="agent-env-5cef9b74-84d9-4cf7-aca4-abcd3467b71f"><testcase classname="tests.test_ai_features_iteration26.TestAdminReportGeneration" name="test_quick_summary_report" time="0.010" /><testcase classname="tests.test_ai_features_iteration26.TestAdminReportGeneration" name="test_full_detailed_report_admin_bypass" time="0.008" /><testcase classname="tests.test_ai_features_iteration26.TestAdminReportGeneration" name="test_extensive_log_report_admin_bypass" time="1.262" /><testcase classname="tests.test_ai_features_iteration26.TestGroundsIdentification" name="test_auto_identify_grounds" time="0.012" /><testcase classname="tests.test_ai_features_iteration26.TestGroundsIdentification" name="test_get_existing_grounds" time="0.014" /><testcase classname="tests.test_ai_features_iteration26.TestInvestigateGround" name="test_investigate_ground" time="0.068" /><testcase classname="tests.test_ai_features_iteration26.TestContradictionsScan" name="test_contradictions_scan_with_empty_body" time="3.879" /><testcase classname="tests.test_ai_features_iteration26.TestContradictionsScan" name="test_contradictions_scan_with_focus_areas" time="22.120" /><testcase classname="tests.test_ai_features_iteration26.TestContradictionsScan" name="test_get_previous_scans" time="0.009" /><testcase classname="tests.test_ai_features_iteration26.TestReportsDataFormat" name="test_report_has_generated_at_field" time="0.010" /><testcase classname="tests.test_ai_usage_tracker" name="test_pricing_table_has_gpt4o_and_mini" time="0.000" /><testcase classname="tests.test_ai_usage_tracker" name="test_cost_calculation_gpt4o" time="0.000" /><testcase classname="tests.test_ai_usage_tracker" name="test_cost_calculation_gpt4o_mini" time="0.000" /><testcase classname="tests.test_ai_usage_tracker" name="test_cost_calculation_unknown_model_uses_default" time="0.000" /><testcase classname="tests.test_ai_usage_tracker" name="test_token_estimation_is_nonzero" time="0.221" /><testcase classname="tests.test_ai_usage_tracker" name="test_token_estimation_empty_returns_zero" time="0.000" /><testcase classname="tests.test_ai_usage_tracker" name="test_case_id_extraction[rpt_gen_abc12345678-abc12345678]" time="0.000" /><testcase classname="tests.test_ai_usage_tracker" name="test_case_id_extraction[rpt_gen_9f87a1b2-c3d4-4abc-8ef0-123456789abc-9f87a1b2-c3d4-4abc-8ef0-123456789abc]" time="0.000" /><testcase classname="tests.test_ai_usage_tracker" name="test_case_id_extraction[barrister-9f87a1b2-c3d4-4abc-8ef0-123456789abc-strategy-9f87a1b2-c3d4-4abc-8ef0-123456789abc]" time="0.000" /><testcase classname="tests.test_ai_usage_tracker" name="test_case_id_extraction[barrister-9f87a1b2c3d4-strategy-9f87a1b2c3d4]" time="0.000" /><testcase classname="tests.test_ai_usage_tracker" name="test_case_id_extraction[classify_deadbeef1234-deadbeef1234]" time="0.000" /><testcase classname="tests.test_ai_usage_tracker" name="test_case_id_extraction[draft_cafebabe1234_full_detailed-cafebabe1234]" time="0.000" /><testcase classname="tests.test_ai_usage_tracker" name="test_case_id_extraction[rpt_gen_case_ec9b7141be1b_quick_summary-case_ec9b7141be1b]" time="0.000" /><testcase classname="tests.test_ai_usage_tracker" name="test_case_id_extraction[rpt_gen_case_ec9b7141be1b-case_ec9b7141be1b]" time="0.000" /><testcase classname="tests.test_ai_usage_tracker" name="test_case_id_extraction[barrister-case_ec9b7141be1b-strategy-case_ec9b7141be1b]" time="0.000" /><testcase classname="tests.test_ai_usage_tracker" name="test_case_id_extraction[classify_case_ec9b7141be1b-case_ec9b7141be1b]" time="0.000" /><testcase classname="tests.test_ai_usage_tracker" name="test_case_id_extraction[draft_case_ec9b7141be1b_full_detailed-case_ec9b7141be1b]" time="0.000" /><testcase classname="tests.test_ai_usage_tracker" name="test_case_id_extraction[-None]" time="0.000" /><testcase classname="tests.test_ai_usage_tracker" name="test_case_id_extraction[random-session-None]" time="0.000" /><testcase classname="tests.test_ai_usage_tracker" name="test_report_type_extraction[barrister-abc-strategy-appellate_research_brief]" time="0.000" /><testcase classname="tests.test_ai_usage_tracker" name="test_report_type_extraction[draft_cafebabe1234_full_detailed-full_detailed]" time="0.000" /><testcase classname="tests.test_ai_usage_tracker" name="test_report_type_extraction[rpt_gen_9f87a1b2-c3d4-4abc-8ef0-123456789abc_quick_summary-quick_summary]" time="0.000" /><testcase classname="tests.test_ai_usage_tracker" name="test_report_type_extraction[rpt_gen_case_ec9b7141be1b_quick_summary-quick_summary]" time="0.000" /><testcase classname="tests.test_ai_usage_tracker" name="test_report_type_extraction[draft_case_ec9b7141be1b_extensive_log-extensive_log]" time="0.000" /><testcase classname="tests.test_ai_usage_tracker" name="test_report_type_extraction[rpt_detect_abc-detection]" time="0.000" /><testcase classname="tests.test_ai_usage_tracker" name="test_report_type_extraction[classify_xyz-grounds_classification]" time="0.000" /><testcase classname="tests.test_ai_usage_tracker" name="test_report_type_extraction[extract_abc-document_extract]" time="0.000" /><testcase classname="tests.test_ai_usage_tracker" name="test_report_type_extraction[-None]" time="0.000" /><testcase classname="tests.test_ai_usage_tracker" name="test_report_type_extraction[something_unknown-None]" time="0.000" /><testcase classname="tests.test_ai_usage_tracker" name="test_record_usage_writes_to_db" time="0.006" /><testcase classname="tests.test_ai_usage_tracker" name="test_record_usage_swallows_errors" time="0.001" /><testcase classname="tests.test_api.TestHealthCheck" name="test_api_health" time="0.003" /><testcase classname="tests.test_api.TestHealthCheck" name="test_api_root" time="0.002" /><testcase classname="tests.test_api.TestAuthentication" name="test_auth_me_with_valid_token" time="0.008" /><testcase classname="tests.test_api.TestAuthentication" name="test_auth_me_without_token" time="0.002" /><testcase classname="tests.test_api.TestCaseCRUD" name="test_create_case" time="0.016" /><testcase classname="tests.test_api.TestCaseCRUD" name="test_get_cases" time="0.010" /><testcase classname="tests.test_api.TestCaseCRUD" name="test_get_case_by_id" time="0.024" /><testcase classname="tests.test_api.TestCaseCRUD" name="test_update_case" time="0.026" /><testcase classname="tests.test_api.TestDocumentManagement" name="test_upload_document_txt" time="0.050" /><testcase classname="tests.test_api.TestDocumentManagement" name="test_get_documents" time="0.024" /><testcase classname="tests.test_api.TestDocumentManagement" name="test_delete_document" time="0.047" /><testcase classname="tests.test_api.TestNotes" name="test_create_note" time="0.028" /><testcase classname="tests.test_api.TestNotes" name="test_get_notes" time="0.022" /><testcase classname="tests.test_api.TestNotes" name="test_update_note" time="0.031" /><testcase classname="tests.test_api.TestNotes" name="test_toggle_pin_note" time="0.031" /><testcase classname="tests.test_api.TestNotes" name="test_delete_note" time="0.033" /><testcase classname="tests.test_api.TestReportGeneration" name="test_generate_quick_summary_report" time="0.026" /><testcase classname="tests.test_api.TestReportGeneration" name="test_get_reports" time="0.060" /><testcase classname="tests.test_api.TestPDFExport" name="test_pdf_export_endpoint" time="0.101" /><testcase classname="tests.test_api.TestPDFExport" name="test_pdf_export_invalid_report" time="0.024" /><testcase classname="tests.test_api.TestDocumentSearch" name="test_search_documents_basic" time="0.010" /><testcase classname="tests.test_api.TestDocumentSearch" name="test_search_documents_with_matches" time="0.009" /><testcase classname="tests.test_api.TestDocumentSearch" name="test_search_documents_case_sensitive" time="0.014" /><testcase classname="tests.test_api.TestDocumentSearch" name="test_search_documents_no_matches" time="0.008" /><testcase classname="tests.test_api.TestDocumentSearch" name="test_search_documents_empty_query" time="0.007" /><testcase classname="tests.test_api.TestDocumentSearch" name="test_search_documents_short_query" time="0.007" /><testcase classname="tests.test_api.TestDocumentSearch" name="test_search_documents_unauthorized" time="0.005" /><testcase classname="tests.test_api.TestDocumentSearch" name="test_search_documents_invalid_case" time="0.006" /><testcase classname="tests.test_api.TestDocumentSearch" name="test_search_documents_sorted_by_match_count" time="0.009" /><testcase classname="tests.test_api.TestTimeline" name="test_create_timeline_event" time="0.026" /><testcase classname="tests.test_api.TestTimeline" name="test_get_timeline" time="0.021" /><testcase classname="tests.test_api.TestTimeline" name="test_delete_timeline_event" time="0.029" /><testcase classname="tests.test_api.TestCleanup" name="test_delete_case" time="0.026" /><testcase classname="tests.test_auto_identify_background.TestAutoIdentifyBackgroundTask" name="test_auto_identify_post_returns_immediately" time="0.051" /><testcase classname="tests.test_auto_identify_background.TestAutoIdentifyBackgroundTask" name="test_auto_identify_status_endpoint" time="0.051" /><testcase classname="tests.test_auto_identify_background.TestAutoIdentifyBackgroundTask" name="test_auto_identify_duplicate_prevention" time="0.050" /><testcase classname="tests.test_auto_identify_background.TestGroundsEndpoints" name="test_get_grounds_endpoint" time="0.051" /><testcase classname="tests.test_barrister_view_iteration27.TestReportExportPDF" name="test_export_pdf_returns_pdf_content" time="1.275" /><testcase classname="tests.test_barrister_view_iteration27.TestReportExportPDF" name="test_export_pdf_has_content_disposition" time="1.259" /><testcase classname="tests.test_barrister_view_iteration27.TestReportExportDOCX" name="test_export_docx_returns_docx_content" time="1.231" /><testcase classname="tests.test_barrister_view_iteration27.TestReportExportDOCX" name="test_export_docx_has_content_disposition" time="1.235" /><testcase classname="tests.test_barrister_view_iteration27.TestReportsListWithDate" name="test_reports_have_generated_at_date" time="0.010" /><testcase classname="tests.test_barrister_view_iteration27.TestGroundsEndpoint" name="test_get_grounds_returns_grounds_array" time="0.045" /><testcase classname="tests.test_barrister_view_iteration27.TestSingleReportEndpoint" name="test_get_single_report" time="0.005" /><testcase classname="tests.test_barrister_view_iteration27.TestCaseEndpoint" name="test_get_case_returns_case_data" time="0.045" /><testcase classname="tests.test_collaboration_features.TestCollaborationAPIs" name="test_share_case_by_email" time="0.258" /><testcase classname="tests.test_collaboration_features.TestCollaborationAPIs" name="test_share_case_self_error" time="0.005" /><testcase classname="tests.test_collaboration_features.TestCollaborationAPIs" name="test_generate_share_link" time="0.004" /><testcase classname="tests.test_collaboration_features.TestCollaborationAPIs" name="test_get_case_shares" time="0.006" /><testcase classname="tests.test_collaboration_features.TestCollaborationAPIs" name="test_get_shared_cases" time="0.005" /><testcase classname="tests.test_collaboration_features.TestCollaborationAPIs" name="test_get_messages" time="0.005" /><testcase classname="tests.test_collaboration_features.TestCollaborationAPIs" name="test_send_message" time="0.007" /><testcase classname="tests.test_collaboration_features.TestCollaborationAPIs" name="test_send_empty_message_error" time="0.004" /><testcase classname="tests.test_collaboration_features.TestCollaborationAPIs" name="test_get_activity" time="0.006" /><testcase classname="tests.test_collaboration_features.TestCollaborationAPIs" name="test_get_notifications" time="0.004" /><testcase classname="tests.test_collaboration_features.TestCollaborationAPIs" name="test_mark_all_notifications_read" time="0.003" /><testcase classname="tests.test_collaboration_features.TestCollaborationAPIs" name="test_case_access_for_owner" time="0.004" /><testcase classname="tests.test_collaboration_features.TestCollaborationAPIs" name="test_invalid_case_access" time="0.003" /><testcase classname="tests.test_collaboration_features.TestHealthCheck" name="test_api_health" time="0.002" /><testcase classname="tests.test_compare_contradictions.TestAuthentication" name="test_patterns_requires_auth" time="0.003" /><testcase classname="tests.test_compare_contradictions.TestAuthentication" name="test_my_cases_requires_auth" time="0.004" /><testcase classname="tests.test_compare_contradictions.TestAuthentication" name="test_success_factors_requires_auth" time="0.002" /><testcase classname="tests.test_compare_contradictions.TestAuthentication" name="test_contradictions_scan_requires_auth" time="0.002" /><testcase classname="tests.test_compare_contradictions.TestComparePatterns" name="test_get_patterns_no_filter" time="0.054" /><testcase classname="tests.test_compare_contradictions.TestComparePatterns" name="test_get_patterns_with_offence_filter" time="0.050" /><testcase classname="tests.test_compare_contradictions.TestComparePatterns" name="test_get_patterns_with_state_filter" time="0.049" /><testcase classname="tests.test_compare_contradictions.TestComparePatterns" name="test_get_patterns_with_ground_type_filter" time="0.049" /><testcase classname="tests.test_compare_contradictions.TestCompareSuccessFactors" name="test_get_success_factors" time="0.270" /><testcase classname="tests.test_compare_contradictions.TestCompareSuccessFactors" name="test_get_success_factors_with_filter" time="0.044" /><testcase classname="tests.test_compare_contradictions.TestCompareMyCases" name="test_compare_requires_2_cases" time="0.146" /><testcase classname="tests.test_compare_contradictions.TestCompareMyCases" name="test_compare_max_5_cases" time="0.043" /><testcase classname="tests.test_compare_contradictions.TestCompareMyCases" name="test_compare_validates_case_ownership" time="0.045" /><testcase classname="tests.test_compare_contradictions.TestCompareMyCases" name="test_compare_success" time="0.048" /><testcase classname="tests.test_compare_contradictions.TestContradictionFinder" name="test_scan_requires_2_documents" time="0.379" /><testcase classname="tests.test_compare_contradictions.TestContradictionFinder" name="test_get_scans_empty" time="0.044" /><testcase classname="tests.test_compare_contradictions.TestContradictionFinder" name="test_scan_validates_case_ownership" time="0.044" /><testcase classname="tests.test_compare_contradictions.TestContradictionFinder" name="test_scan_with_focus_areas" time="13.706" /><testcase classname="tests.test_compare_contradictions.TestEndpointStructure" name="test_patterns_response_structure" time="0.052" /><testcase classname="tests.test_compare_contradictions.TestEndpointStructure" name="test_success_factors_response_structure" time="0.425" /><testcase classname="tests.test_comprehensive_iteration_199.TestHealthAndBasicEndpoints" name="test_health_endpoint" time="0.003" /><testcase classname="tests.test_comprehensive_iteration_199.TestHealthAndBasicEndpoints" name="test_languages_endpoint_returns_41_languages" time="0.002" /><testcase classname="tests.test_comprehensive_iteration_199.TestAnalyticsDashboard" name="test_analytics_dashboard_returns_sales_data" time="0.005" /><testcase classname="tests.test_comprehensive_iteration_199.TestTranslationBackgroundTasks" name="test_translate_endpoint_returns_task_or_cached" time="0.003" /><testcase classname="tests.test_comprehensive_iteration_199.TestTranslationBackgroundTasks" name="test_translate_status_endpoint" time="0.003"><failure message="assert 401 == 200&#10; +  where 401 = &lt;Response [401]&gt;.status_code">tests/test_comprehensive_iteration_199.py:124: in test_translate_status_endpoint
    assert response.status_code == 200
E   assert 401 == 200
E    +  where 401 = &lt;Response [401]&gt;.status_code</failure></testcase><testcase classname="tests.test_comprehensive_iteration_199.TestCaseAndDocumentEndpoints" name="test_get_case" time="0.003" /><testcase classname="tests.test_comprehensive_iteration_199.TestCaseAndDocumentEndpoints" name="test_get_documents" time="0.002" /><testcase classname="tests.test_comprehensive_iteration_199.TestCaseAndDocumentEndpoints" name="test_get_reports" time="0.005" /><testcase classname="tests.test_comprehensive_iteration_199.TestBarristerViewEndpoint" name="test_barrister_view_endpoint" time="0.004" /><testcase classname="tests.test_comprehensive_iteration_199.TestOCREndpoint" name="test_ocr_endpoint_exists" time="0.002" /><testcase classname="tests.test_comprehensive_iteration_199.TestAuthEndpoints" name="test_auth_me_endpoint" time="0.002" /><testcase classname="tests.test_comprehensive_iteration_199.TestVisitorTracking" name="test_track_visit" time="0.003" /><testcase classname="tests.test_comprehensive_iteration_199.TestVisitorTracking" name="test_visitor_count" time="0.004" /><testcase classname="tests.test_document_exports.TestHealthCheck" name="test_api_health" time="0.002" /><testcase classname="tests.test_document_exports.TestPDFExport" name="test_pdf_export_quick_summary" time="0.031"><skipped type="pytest.skip" message="Authentication failed: 401 - {&quot;detail&quot;:&quot;Invalid email or password&quot;}">/app/backend/tests/test_document_exports.py:59: Authentication failed: 401 - {"detail":"Invalid email or password"}</skipped></testcase><testcase classname="tests.test_document_exports.TestPDFExport" name="test_pdf_export_full_detailed" time="0.000"><skipped type="pytest.skip" message="Authentication failed: 401 - {&quot;detail&quot;:&quot;Invalid email or password&quot;}">/app/backend/tests/test_document_exports.py:69: Authentication failed: 401 - {"detail":"Invalid email or password"}</skipped></testcase><testcase classname="tests.test_document_exports.TestPDFExport" name="test_pdf_export_barrister_view" time="0.000"><skipped type="pytest.skip" message="Authentication failed: 401 - {&quot;detail&quot;:&quot;Invalid email or password&quot;}">/app/backend/tests/test_document_exports.py:79: Authentication failed: 401 - {"detail":"Invalid email or password"}</skipped></testcase><testcase classname="tests.test_document_exports.TestDOCXExport" name="test_docx_export_quick_summary" time="0.000"><skipped type="pytest.skip" message="Authentication failed: 401 - {&quot;detail&quot;:&quot;Invalid email or password&quot;}">/app/backend/tests/test_document_exports.py:93: Authentication failed: 401 - {"detail":"Invalid email or password"}</skipped></testcase><testcase classname="tests.test_document_exports.TestDOCXExport" name="test_docx_export_full_detailed" time="0.000"><skipped type="pytest.skip" message="Authentication failed: 401 - {&quot;detail&quot;:&quot;Invalid email or password&quot;}">/app/backend/tests/test_document_exports.py:104: Authentication failed: 401 - {"detail":"Invalid email or password"}</skipped></testcase><testcase classname="tests.test_document_exports.TestDOCXExport" name="test_docx_export_barrister_view" time="0.000"><skipped type="pytest.skip" message="Authentication failed: 401 - {&quot;detail&quot;:&quot;Invalid email or password&quot;}">/app/backend/tests/test_document_exports.py:115: Authentication failed: 401 - {"detail":"Invalid email or password"}</skipped></testcase><testcase classname="tests.test_document_exports.TestReportAccess" name="test_get_quick_summary_report" time="0.000"><skipped type="pytest.skip" message="Authentication failed: 401 - {&quot;detail&quot;:&quot;Invalid email or password&quot;}">/app/backend/tests/test_document_exports.py:130: Authentication failed: 401 - {"detail":"Invalid email or password"}</skipped></testcase><testcase classname="tests.test_document_exports.TestReportAccess" name="test_get_full_detailed_report" time="0.000"><skipped type="pytest.skip" message="Authentication failed: 401 - {&quot;detail&quot;:&quot;Invalid email or password&quot;}">/app/backend/tests/test_document_exports.py:140: Authentication failed: 401 - {"detail":"Invalid email or password"}</skipped></testcase><testcase classname="tests.test_document_exports.TestReportAccess" name="test_get_barrister_view" time="0.000"><skipped type="pytest.skip" message="Authentication failed: 401 - {&quot;detail&quot;:&quot;Invalid email or password&quot;}">/app/backend/tests/test_document_exports.py:150: Authentication failed: 401 - {"detail":"Invalid email or password"}</skipped></testcase><testcase classname="tests.test_document_exports.TestCaseAccess" name="test_get_case" time="0.000"><skipped type="pytest.skip" message="Authentication failed: 401 - {&quot;detail&quot;:&quot;Invalid email or password&quot;}">/app/backend/tests/test_document_exports.py:164: Authentication failed: 401 - {"detail":"Invalid email or password"}</skipped></testcase><testcase classname="tests.test_export_endpoints_iteration201.TestHealthEndpoint" name="test_health_returns_200" time="0.000"><error message="failed on setup with &quot;requests.exceptions.MissingSchema: Invalid URL '/api/auth/login': No scheme supplied. Perhaps you meant https:///api/auth/login?&quot;">tests/test_export_endpoints_iteration201.py:42: in auth_session
    login_response = session.post(f"{BASE_URL}/api/auth/login", json={
/root/.venv/lib/python3.11/site-packages/requests/sessions.py:640: in post
    return self.request("POST", url, data=data, json=json, **kwargs)
           ^^^^^^^^^^^^^^^^^^^^^^^^^^^^^^^^^^^^^^^^^^^^^^^^^^^^^^^^^
/root/.venv/lib/python3.11/site-packages/requests/sessions.py:578: in request
    prep = self.prepare_request(req)
           ^^^^^^^^^^^^^^^^^^^^^^^^^
/root/.venv/lib/python3.11/site-packages/requests/sessions.py:487: in prepare_request
    p.prepare(
/root/.venv/lib/python3.11/site-packages/requests/models.py:369: in prepare
    self.prepare_url(url, params)
/root/.venv/lib/python3.11/site-packages/requests/models.py:440: in prepare_url
    raise MissingSchema(
E   requests.exceptions.MissingSchema: Invalid URL '/api/auth/login': No scheme supplied. Perhaps you meant https:///api/auth/login?</error></testcase><testcase classname="tests.test_export_endpoints_iteration201.TestReportPDFExport" name="test_export_pdf_returns_valid_pdf" time="0.000"><error message="failed on setup with &quot;requests.exceptions.MissingSchema: Invalid URL '/api/auth/login': No scheme supplied. Perhaps you meant https:///api/auth/login?&quot;">tests/test_export_endpoints_iteration201.py:42: in auth_session
    login_response = session.post(f"{BASE_URL}/api/auth/login", json={
/root/.venv/lib/python3.11/site-packages/requests/sessions.py:640: in post
    return self.request("POST", url, data=data, json=json, **kwargs)
           ^^^^^^^^^^^^^^^^^^^^^^^^^^^^^^^^^^^^^^^^^^^^^^^^^^^^^^^^^
/root/.venv/lib/python3.11/site-packages/requests/sessions.py:578: in request
    prep = self.prepare_request(req)
           ^^^^^^^^^^^^^^^^^^^^^^^^^
/root/.venv/lib/python3.11/site-packages/requests/sessions.py:487: in prepare_request
    p.prepare(
/root/.venv/lib/python3.11/site-packages/requests/models.py:369: in prepare
    self.prepare_url(url, params)
/root/.venv/lib/python3.11/site-packages/requests/models.py:440: in prepare_url
    raise MissingSchema(
E   requests.exceptions.MissingSchema: Invalid URL '/api/auth/login': No scheme supplied. Perhaps you meant https:///api/auth/login?</error></testcase><testcase classname="tests.test_export_endpoints_iteration201.TestReportPDFExport" name="test_pdf_page_count_not_doubled" time="0.000"><error message="failed on setup with &quot;requests.exceptions.MissingSchema: Invalid URL '/api/auth/login': No scheme supplied. Perhaps you meant https:///api/auth/login?&quot;">tests/test_export_endpoints_iteration201.py:42: in auth_session
    login_response = session.post(f"{BASE_URL}/api/auth/login", json={
/root/.venv/lib/python3.11/site-packages/requests/sessions.py:640: in post
    return self.request("POST", url, data=data, json=json, **kwargs)
           ^^^^^^^^^^^^^^^^^^^^^^^^^^^^^^^^^^^^^^^^^^^^^^^^^^^^^^^^^
/root/.venv/lib/python3.11/site-packages/requests/sessions.py:578: in request
    prep = self.prepare_request(req)
           ^^^^^^^^^^^^^^^^^^^^^^^^^
/root/.venv/lib/python3.11/site-packages/requests/sessions.py:487: in prepare_request
    p.prepare(
/root/.venv/lib/python3.11/site-packages/requests/models.py:369: in prepare
    self.prepare_url(url, params)
/root/.venv/lib/python3.11/site-packages/requests/models.py:440: in prepare_url
    raise MissingSchema(
E   requests.exceptions.MissingSchema: Invalid URL '/api/auth/login': No scheme supplied. Perhaps you meant https:///api/auth/login?</error></testcase><testcase classname="tests.test_export_endpoints_iteration201.TestReportPDFExport" name="test_pdf_footer_format" time="0.000"><error message="failed on setup with &quot;requests.exceptions.MissingSchema: Invalid URL '/api/auth/login': No scheme supplied. Perhaps you meant https:///api/auth/login?&quot;">tests/test_export_endpoints_iteration201.py:42: in auth_session
    login_response = session.post(f"{BASE_URL}/api/auth/login", json={
/root/.venv/lib/python3.11/site-packages/requests/sessions.py:640: in post
    return self.request("POST", url, data=data, json=json, **kwargs)
           ^^^^^^^^^^^^^^^^^^^^^^^^^^^^^^^^^^^^^^^^^^^^^^^^^^^^^^^^^
/root/.venv/lib/python3.11/site-packages/requests/sessions.py:578: in request
    prep = self.prepare_request(req)
           ^^^^^^^^^^^^^^^^^^^^^^^^^
/root/.venv/lib/python3.11/site-packages/requests/sessions.py:487: in prepare_request
    p.prepare(
/root/.venv/lib/python3.11/site-packages/requests/models.py:369: in prepare
    self.prepare_url(url, params)
/root/.venv/lib/python3.11/site-packages/requests/models.py:440: in prepare_url
    raise MissingSchema(
E   requests.exceptions.MissingSchema: Invalid URL '/api/auth/login': No scheme supplied. Perhaps you meant https:///api/auth/login?</error></testcase><testcase classname="tests.test_export_endpoints_iteration201.TestReportDOCXExport" name="test_export_docx_returns_valid_docx" time="0.000"><error message="failed on setup with &quot;requests.exceptions.MissingSchema: Invalid URL '/api/auth/login': No scheme supplied. Perhaps you meant https:///api/auth/login?&quot;">tests/test_export_endpoints_iteration201.py:42: in auth_session
    login_response = session.post(f"{BASE_URL}/api/auth/login", json={
/root/.venv/lib/python3.11/site-packages/requests/sessions.py:640: in post
    return self.request("POST", url, data=data, json=json, **kwargs)
           ^^^^^^^^^^^^^^^^^^^^^^^^^^^^^^^^^^^^^^^^^^^^^^^^^^^^^^^^^
/root/.venv/lib/python3.11/site-packages/requests/sessions.py:578: in request
    prep = self.prepare_request(req)
           ^^^^^^^^^^^^^^^^^^^^^^^^^
/root/.venv/lib/python3.11/site-packages/requests/sessions.py:487: in prepare_request
    p.prepare(
/root/.venv/lib/python3.11/site-packages/requests/models.py:369: in prepare
    self.prepare_url(url, params)
/root/.venv/lib/python3.11/site-packages/requests/models.py:440: in prepare_url
    raise MissingSchema(
E   requests.exceptions.MissingSchema: Invalid URL '/api/auth/login': No scheme supplied. Perhaps you meant https:///api/auth/login?</error></testcase><testcase classname="tests.test_export_endpoints_iteration201.TestReportDOCXExport" name="test_docx_font_sizes" time="0.000"><error message="failed on setup with &quot;requests.exceptions.MissingSchema: Invalid URL '/api/auth/login': No scheme supplied. Perhaps you meant https:///api/auth/login?&quot;">tests/test_export_endpoints_iteration201.py:42: in auth_session
    login_response = session.post(f"{BASE_URL}/api/auth/login", json={
/root/.venv/lib/python3.11/site-packages/requests/sessions.py:640: in post
    return self.request("POST", url, data=data, json=json, **kwargs)
           ^^^^^^^^^^^^^^^^^^^^^^^^^^^^^^^^^^^^^^^^^^^^^^^^^^^^^^^^^
/root/.venv/lib/python3.11/site-packages/requests/sessions.py:578: in request
    prep = self.prepare_request(req)
           ^^^^^^^^^^^^^^^^^^^^^^^^^
/root/.venv/lib/python3.11/site-packages/requests/sessions.py:487: in prepare_request
    p.prepare(
/root/.venv/lib/python3.11/site-packages/requests/models.py:369: in prepare
    self.prepare_url(url, params)
/root/.venv/lib/python3.11/site-packages/requests/models.py:440: in prepare_url
    raise MissingSchema(
E   requests.exceptions.MissingSchema: Invalid URL '/api/auth/login': No scheme supplied. Perhaps you meant https:///api/auth/login?</error></testcase><testcase classname="tests.test_export_endpoints_iteration201.TestTimelinePDFExport" name="test_timeline_export_pdf" time="0.000"><error message="failed on setup with &quot;requests.exceptions.MissingSchema: Invalid URL '/api/auth/login': No scheme supplied. Perhaps you meant https:///api/auth/login?&quot;">tests/test_export_endpoints_iteration201.py:42: in auth_session
    login_response = session.post(f"{BASE_URL}/api/auth/login", json={
/root/.venv/lib/python3.11/site-packages/requests/sessions.py:640: in post
    return self.request("POST", url, data=data, json=json, **kwargs)
           ^^^^^^^^^^^^^^^^^^^^^^^^^^^^^^^^^^^^^^^^^^^^^^^^^^^^^^^^^
/root/.venv/lib/python3.11/site-packages/requests/sessions.py:578: in request
    prep = self.prepare_request(req)
           ^^^^^^^^^^^^^^^^^^^^^^^^^
/root/.venv/lib/python3.11/site-packages/requests/sessions.py:487: in prepare_request
    p.prepare(
/root/.venv/lib/python3.11/site-packages/requests/models.py:369: in prepare
    self.prepare_url(url, params)
/root/.venv/lib/python3.11/site-packages/requests/models.py:440: in prepare_url
    raise MissingSchema(
E   requests.exceptions.MissingSchema: Invalid URL '/api/auth/login': No scheme supplied. Perhaps you meant https:///api/auth/login?</error></testcase><testcase classname="tests.test_export_endpoints_iteration201.TestBarristerQuickBrief" name="test_quick_brief_export" time="0.000"><error message="failed on setup with &quot;requests.exceptions.MissingSchema: Invalid URL '/api/auth/login': No scheme supplied. Perhaps you meant https:///api/auth/login?&quot;">tests/test_export_endpoints_iteration201.py:42: in auth_session
    login_response = session.post(f"{BASE_URL}/api/auth/login", json={
/root/.venv/lib/python3.11/site-packages/requests/sessions.py:640: in post
    return self.request("POST", url, data=data, json=json, **kwargs)
           ^^^^^^^^^^^^^^^^^^^^^^^^^^^^^^^^^^^^^^^^^^^^^^^^^^^^^^^^^
/root/.venv/lib/python3.11/site-packages/requests/sessions.py:578: in request
    prep = self.prepare_request(req)
           ^^^^^^^^^^^^^^^^^^^^^^^^^
/root/.venv/lib/python3.11/site-packages/requests/sessions.py:487: in prepare_request
    p.prepare(
/root/.venv/lib/python3.11/site-packages/requests/models.py:369: in prepare
    self.prepare_url(url, params)
/root/.venv/lib/python3.11/site-packages/requests/models.py:440: in prepare_url
    raise MissingSchema(
E   requests.exceptions.MissingSchema: Invalid URL '/api/auth/login': No scheme supplied. Perhaps you meant https:///api/auth/login?</error></testcase><testcase classname="tests.test_export_endpoints_iteration201.TestBarristerPackExport" name="test_barrister_pack_generate" time="0.000"><error message="failed on setup with &quot;requests.exceptions.MissingSchema: Invalid URL '/api/auth/login': No scheme supplied. Perhaps you meant https:///api/auth/login?&quot;">tests/test_export_endpoints_iteration201.py:42: in auth_session
    login_response = session.post(f"{BASE_URL}/api/auth/login", json={
/root/.venv/lib/python3.11/site-packages/requests/sessions.py:640: in post
    return self.request("POST", url, data=data, json=json, **kwargs)
           ^^^^^^^^^^^^^^^^^^^^^^^^^^^^^^^^^^^^^^^^^^^^^^^^^^^^^^^^^
/root/.venv/lib/python3.11/site-packages/requests/sessions.py:578: in request
    prep = self.prepare_request(req)
           ^^^^^^^^^^^^^^^^^^^^^^^^^
/root/.venv/lib/python3.11/site-packages/requests/sessions.py:487: in prepare_request
    p.prepare(
/root/.venv/lib/python3.11/site-packages/requests/models.py:369: in prepare
    self.prepare_url(url, params)
/root/.venv/lib/python3.11/site-packages/requests/models.py:440: in prepare_url
    raise MissingSchema(
E   requests.exceptions.MissingSchema: Invalid URL '/api/auth/login': No scheme supplied. Perhaps you meant https:///api/auth/login?</error></testcase><testcase classname="tests.test_export_endpoints_iteration201.TestBarristerViewExports" name="test_barrister_view_export_pdf" time="0.000"><error message="failed on setup with &quot;requests.exceptions.MissingSchema: Invalid URL '/api/auth/login': No scheme supplied. Perhaps you meant https:///api/auth/login?&quot;">tests/test_export_endpoints_iteration201.py:42: in auth_session
    login_response = session.post(f"{BASE_URL}/api/auth/login", json={
/root/.venv/lib/python3.11/site-packages/requests/sessions.py:640: in post
    return self.request("POST", url, data=data, json=json, **kwargs)
           ^^^^^^^^^^^^^^^^^^^^^^^^^^^^^^^^^^^^^^^^^^^^^^^^^^^^^^^^^
/root/.venv/lib/python3.11/site-packages/requests/sessions.py:578: in request
    prep = self.prepare_request(req)
           ^^^^^^^^^^^^^^^^^^^^^^^^^
/root/.venv/lib/python3.11/site-packages/requests/sessions.py:487: in prepare_request
    p.prepare(
/root/.venv/lib/python3.11/site-packages/requests/models.py:369: in prepare
    self.prepare_url(url, params)
/root/.venv/lib/python3.11/site-packages/requests/models.py:440: in prepare_url
    raise MissingSchema(
E   requests.exceptions.MissingSchema: Invalid URL '/api/auth/login': No scheme supplied. Perhaps you meant https:///api/auth/login?</error></testcase><testcase classname="tests.test_export_endpoints_iteration201.TestBarristerViewExports" name="test_barrister_view_export_docx" time="0.000"><error message="failed on setup with &quot;requests.exceptions.MissingSchema: Invalid URL '/api/auth/login': No scheme supplied. Perhaps you meant https:///api/auth/login?&quot;">tests/test_export_endpoints_iteration201.py:42: in auth_session
    login_response = session.post(f"{BASE_URL}/api/auth/login", json={
/root/.venv/lib/python3.11/site-packages/requests/sessions.py:640: in post
    return self.request("POST", url, data=data, json=json, **kwargs)
           ^^^^^^^^^^^^^^^^^^^^^^^^^^^^^^^^^^^^^^^^^^^^^^^^^^^^^^^^^
/root/.venv/lib/python3.11/site-packages/requests/sessions.py:578: in request
    prep = self.prepare_request(req)
           ^^^^^^^^^^^^^^^^^^^^^^^^^
/root/.venv/lib/python3.11/site-packages/requests/sessions.py:487: in prepare_request
    p.prepare(
/root/.venv/lib/python3.11/site-packages/requests/models.py:369: in prepare
    self.prepare_url(url, params)
/root/.venv/lib/python3.11/site-packages/requests/models.py:440: in prepare_url
    raise MissingSchema(
E   requests.exceptions.MissingSchema: Invalid URL '/api/auth/login': No scheme supplied. Perhaps you meant https:///api/auth/login?</error></testcase><testcase classname="tests.test_export_endpoints_iteration201.TestFooterLabelFormat" name="test_footer_label_format_in_code" time="0.000" /><testcase classname="tests.test_extract_all_text_iteration202.TestExtractAllTextBackgroundTask" name="test_01_extract_all_text_returns_immediately" time="0.273"><skipped type="pytest.skip" message="Authentication failed: 401">/app/backend/tests/test_extract_all_text_iteration202.py:50: Authentication failed: 401</skipped></testcase><testcase classname="tests.test_extract_all_text_iteration202.TestExtractAllTextBackgroundTask" name="test_02_extract_all_text_status_polling" time="0.000"><skipped type="pytest.skip" message="Authentication failed: 401">/app/backend/tests/test_extract_all_text_iteration202.py:75: Authentication failed: 401</skipped></testcase><testcase classname="tests.test_extract_all_text_iteration202.TestExtractAllTextBackgroundTask" name="test_03_status_with_bogus_task_id" time="0.000"><skipped type="pytest.skip" message="Authentication failed: 401">/app/backend/tests/test_extract_all_text_iteration202.py:130: Authentication failed: 401</skipped></testcase><testcase classname="tests.test_extract_all_text_iteration202.TestExtractAllTextBackgroundTask" name="test_04_extract_all_text_nonexistent_case" time="0.000"><skipped type="pytest.skip" message="Authentication failed: 401">/app/backend/tests/test_extract_all_text_iteration202.py:144: Authentication failed: 401</skipped></testcase><testcase classname="tests.test_extract_all_text_iteration202.TestRegressionCaseEndpoints" name="test_05_get_case_response_time" time="0.175"><skipped type="pytest.skip" message="Authentication failed: 401">/app/backend/tests/test_extract_all_text_iteration202.py:175: Authentication failed: 401</skipped></testcase><testcase classname="tests.test_extract_all_text_iteration202.TestRegressionCaseEndpoints" name="test_06_get_case_documents" time="0.000"><skipped type="pytest.skip" message="Authentication failed: 401">/app/backend/tests/test_extract_all_text_iteration202.py:197: Authentication failed: 401</skipped></testcase><testcase classname="tests.test_extract_all_text_iteration202.TestRegressionCaseEndpoints" name="test_07_upload_document" time="0.000"><skipped type="pytest.skip" message="Authentication failed: 401">/app/backend/tests/test_extract_all_text_iteration202.py:210: Authentication failed: 401</skipped></testcase><testcase classname="tests.test_extract_all_text_iteration202.TestRegressionGroundsInvestigate" name="test_08_get_grounds" time="0.205"><skipped type="pytest.skip" message="Authentication failed: 401">/app/backend/tests/test_extract_all_text_iteration202.py:274: Authentication failed: 401</skipped></testcase><testcase classname="tests.test_extract_all_text_iteration202.TestRegressionGroundsInvestigate" name="test_09_investigate_ground_returns_task_id" time="0.000"><skipped type="pytest.skip" message="Authentication failed: 401">/app/backend/tests/test_extract_all_text_iteration202.py:289: Authentication failed: 401</skipped></testcase><testcase classname="tests.test_extract_all_text_iteration202.TestHealthAndAuth" name="test_10_health_endpoint" time="0.107" /><testcase classname="tests.test_extract_all_text_iteration202.TestHealthAndAuth" name="test_11_auth_login" time="0.143"><failure message="AssertionError: Expected 200, got 401&#10;assert 401 == 200&#10; +  where 401 = &lt;Response [401]&gt;.status_code">tests/test_extract_all_text_iteration202.py:345: in test_11_auth_login
    assert response.status_code == 200, f"Expected 200, got {response.status_code}"
E   AssertionError: Expected 200, got 401
E   assert 401 == 200
E    +  where 401 = &lt;Response [401]&gt;.status_code</failure></testcase><testcase classname="tests.test_extract_all_text_iteration202.TestHealthAndAuth" name="test_12_auth_me" time="0.155"><skipped type="pytest.skip" message="Login failed">/app/backend/tests/test_extract_all_text_iteration202.py:360: Login failed</skipped></testcase><testcase classname="tests.test_framework_gap_fill_20260214" name="test_terrorism_state_coverage" time="0.000" /><testcase classname="tests.test_framework_gap_fill_20260214" name="test_organised_crime_full_coverage" time="0.000" /><testcase classname="tests.test_framework_gap_fill_20260214" name="test_cth_gap_fills" time="0.000" /><testcase classname="tests.test_framework_gap_fill_20260214" name="test_every_category_has_procedural_flow_and_mens_rea" time="0.000" /><testcase classname="tests.test_framework_gap_fill_20260214" name="test_indictable_flow_has_all_13_stages" time="0.000" /><testcase classname="tests.test_framework_gap_fill_20260214" name="test_hybrid_flow_drops_committal_and_indictment" time="0.000" /><testcase classname="tests.test_framework_gap_fill_20260214" name="test_summary_flow_basic_shape" time="0.000" /><testcase classname="tests.test_framework_gap_fill_20260214" name="test_mens_rea_framework_has_core_elements" time="0.000" /><testcase classname="tests.test_framework_gap_fill_20260214" name="test_currency_tracker_updated_2026_02" time="0.000" /><testcase classname="tests.test_framework_gap_fill_20260214" name="test_context_builder_surfaces_new_blocks" time="0.000" /><testcase classname="tests.test_framework_gap_fill_20260214" name="test_context_builder_summary_flow_for_public_order" time="0.000" /><testcase classname="tests.test_framework_gap_fill_20260214" name="test_context_builder_hybrid_flow_for_driving" time="0.000" /><testcase classname="tests.test_frameworks_refactor" name="test_every_symbol_reachable_both_ways" time="0.000" /><testcase classname="tests.test_frameworks_refactor" name="test_symbols_are_identity_equal" time="0.000" /><testcase classname="tests.test_frameworks_refactor" name="test_frameworks_all_covers_every_symbol" time="0.000" /><testcase classname="tests.test_frameworks_refactor" name="test_star_import_still_works" time="0.000" /><testcase classname="tests.test_frameworks_refactor" name="test_critical_data_intact_after_split" time="0.000" /><testcase classname="tests.test_google_oauth_iteration204.TestGoogleOAuthCallback" name="test_google_callback_missing_code_returns_400" time="0.001"><failure message="requests.exceptions.MissingSchema: Invalid URL '/api/auth/google/callback': No scheme supplied. Perhaps you meant https:///api/auth/google/callback?">tests/test_google_oauth_iteration204.py:28: in test_google_callback_missing_code_returns_400
    response = requests.post(
/root/.venv/lib/python3.11/site-packages/requests/api.py:115: in post
    return request("post", url, data=data, json=json, **kwargs)
           ^^^^^^^^^^^^^^^^^^^^^^^^^^^^^^^^^^^^^^^^^^^^^^^^^^^^
/root/.venv/lib/python3.11/site-packages/requests/api.py:59: in request
    return session.request(method=method, url=url, **kwargs)
           ^^^^^^^^^^^^^^^^^^^^^^^^^^^^^^^^^^^^^^^^^^^^^^^^^
/root/.venv/lib/python3.11/site-packages/requests/sessions.py:578: in request
    prep = self.prepare_request(req)
           ^^^^^^^^^^^^^^^^^^^^^^^^^
/root/.venv/lib/python3.11/site-packages/requests/sessions.py:487: in prepare_request
    p.prepare(
/root/.venv/lib/python3.11/site-packages/requests/models.py:369: in prepare
    self.prepare_url(url, params)
/root/.venv/lib/python3.11/site-packages/requests/models.py:440: in prepare_url
    raise MissingSchema(
E   requests.exceptions.MissingSchema: Invalid URL '/api/auth/google/callback': No scheme supplied. Perhaps you meant https:///api/auth/google/callback?</failure></testcase><testcase classname="tests.test_google_oauth_iteration204.TestGoogleOAuthCallback" name="test_google_callback_missing_redirect_uri_returns_400" time="0.000"><failure message="requests.exceptions.MissingSchema: Invalid URL '/api/auth/google/callback': No scheme supplied. Perhaps you meant https:///api/auth/google/callback?">tests/test_google_oauth_iteration204.py:39: in test_google_callback_missing_redirect_uri_returns_400
    response = requests.post(
/root/.venv/lib/python3.11/site-packages/requests/api.py:115: in post
    return request("post", url, data=data, json=json, **kwargs)
           ^^^^^^^^^^^^^^^^^^^^^^^^^^^^^^^^^^^^^^^^^^^^^^^^^^^^
/root/.venv/lib/python3.11/site-packages/requests/api.py:59: in request
    return session.request(method=method, url=url, **kwargs)
           ^^^^^^^^^^^^^^^^^^^^^^^^^^^^^^^^^^^^^^^^^^^^^^^^^
/root/.venv/lib/python3.11/site-packages/requests/sessions.py:578: in request
    prep = self.prepare_request(req)
           ^^^^^^^^^^^^^^^^^^^^^^^^^
/root/.venv/lib/python3.11/site-packages/requests/sessions.py:487: in prepare_request
    p.prepare(
/root/.venv/lib/python3.11/site-packages/requests/models.py:369: in prepare
    self.prepare_url(url, params)
/root/.venv/lib/python3.11/site-packages/requests/models.py:440: in prepare_url
    raise MissingSchema(
E   requests.exceptions.MissingSchema: Invalid URL '/api/auth/google/callback': No scheme supplied. Perhaps you meant https:///api/auth/google/callback?</failure></testcase><testcase classname="tests.test_google_oauth_iteration204.TestGoogleOAuthCallback" name="test_google_callback_invalid_code_returns_401" time="0.000"><failure message="requests.exceptions.MissingSchema: Invalid URL '/api/auth/google/callback': No scheme supplied. Perhaps you meant https:///api/auth/google/callback?">tests/test_google_oauth_iteration204.py:50: in test_google_callback_invalid_code_returns_401
    response = requests.post(
/root/.venv/lib/python3.11/site-packages/requests/api.py:115: in post
    return request("post", url, data=data, json=json, **kwargs)
           ^^^^^^^^^^^^^^^^^^^^^^^^^^^^^^^^^^^^^^^^^^^^^^^^^^^^
/root/.venv/lib/python3.11/site-packages/requests/api.py:59: in request
    return session.request(method=method, url=url, **kwargs)
           ^^^^^^^^^^^^^^^^^^^^^^^^^^^^^^^^^^^^^^^^^^^^^^^^^
/root/.venv/lib/python3.11/site-packages/requests/sessions.py:578: in request
    prep = self.prepare_request(req)
           ^^^^^^^^^^^^^^^^^^^^^^^^^
/root/.venv/lib/python3.11/site-packages/requests/sessions.py:487: in prepare_request
    p.prepare(
/root/.venv/lib/python3.11/site-packages/requests/models.py:369: in prepare
    self.prepare_url(url, params)
/root/.venv/lib/python3.11/site-packages/requests/models.py:440: in prepare_url
    raise MissingSchema(
E   requests.exceptions.MissingSchema: Invalid URL '/api/auth/google/callback': No scheme supplied. Perhaps you meant https:///api/auth/google/callback?</failure></testcase><testcase classname="tests.test_google_oauth_iteration204.TestEmergentSessionFallback" name="test_session_endpoint_exists_and_requires_session_id" time="0.000"><failure message="requests.exceptions.MissingSchema: Invalid URL '/api/auth/session': No scheme supplied. Perhaps you meant https:///api/auth/session?">tests/test_google_oauth_iteration204.py:65: in test_session_endpoint_exists_and_requires_session_id
    response = requests.post(
/root/.venv/lib/python3.11/site-packages/requests/api.py:115: in post
    return request("post", url, data=data, json=json, **kwargs)
           ^^^^^^^^^^^^^^^^^^^^^^^^^^^^^^^^^^^^^^^^^^^^^^^^^^^^
/root/.venv/lib/python3.11/site-packages/requests/api.py:59: in request
    return session.request(method=method, url=url, **kwargs)
           ^^^^^^^^^^^^^^^^^^^^^^^^^^^^^^^^^^^^^^^^^^^^^^^^^
/root/.venv/lib/python3.11/site-packages/requests/sessions.py:578: in request
    prep = self.prepare_request(req)
           ^^^^^^^^^^^^^^^^^^^^^^^^^
/root/.venv/lib/python3.11/site-packages/requests/sessions.py:487: in prepare_request
    p.prepare(
/root/.venv/lib/python3.11/site-packages/requests/models.py:369: in prepare
    self.prepare_url(url, params)
/root/.venv/lib/python3.11/site-packages/requests/models.py:440: in prepare_url
    raise MissingSchema(
E   requests.exceptions.MissingSchema: Invalid URL '/api/auth/session': No scheme supplied. Perhaps you meant https:///api/auth/session?</failure></testcase><testcase classname="tests.test_google_oauth_iteration204.TestEmergentSessionFallback" name="test_session_endpoint_invalid_session_id_returns_401_or_504" time="0.000"><failure message="requests.exceptions.MissingSchema: Invalid URL '/api/auth/session': No scheme supplied. Perhaps you meant https:///api/auth/session?">tests/test_google_oauth_iteration204.py:76: in test_session_endpoint_invalid_session_id_returns_401_or_504
    response = requests.post(
/root/.venv/lib/python3.11/site-packages/requests/api.py:115: in post
    return request("post", url, data=data, json=json, **kwargs)
           ^^^^^^^^^^^^^^^^^^^^^^^^^^^^^^^^^^^^^^^^^^^^^^^^^^^^
/root/.venv/lib/python3.11/site-packages/requests/api.py:59: in request
    return session.request(method=method, url=url, **kwargs)
           ^^^^^^^^^^^^^^^^^^^^^^^^^^^^^^^^^^^^^^^^^^^^^^^^^
/root/.venv/lib/python3.11/site-packages/requests/sessions.py:578: in request
    prep = self.prepare_request(req)
           ^^^^^^^^^^^^^^^^^^^^^^^^^
/root/.venv/lib/python3.11/site-packages/requests/sessions.py:487: in prepare_request
    p.prepare(
/root/.venv/lib/python3.11/site-packages/requests/models.py:369: in prepare
    self.prepare_url(url, params)
/root/.venv/lib/python3.11/site-packages/requests/models.py:440: in prepare_url
    raise MissingSchema(
E   requests.exceptions.MissingSchema: Invalid URL '/api/auth/session': No scheme supplied. Perhaps you meant https:///api/auth/session?</failure></testcase><testcase classname="tests.test_google_oauth_iteration204.TestEmailPasswordLogin" name="test_login_success" time="0.000"><failure message="requests.exceptions.MissingSchema: Invalid URL '/api/auth/login': No scheme supplied. Perhaps you meant https:///api/auth/login?">tests/test_google_oauth_iteration204.py:91: in test_login_success
    response = requests.post(
/root/.venv/lib/python3.11/site-packages/requests/api.py:115: in post
    return request("post", url, data=data, json=json, **kwargs)
           ^^^^^^^^^^^^^^^^^^^^^^^^^^^^^^^^^^^^^^^^^^^^^^^^^^^^
/root/.venv/lib/python3.11/site-packages/requests/api.py:59: in request
    return session.request(method=method, url=url, **kwargs)
           ^^^^^^^^^^^^^^^^^^^^^^^^^^^^^^^^^^^^^^^^^^^^^^^^^
/root/.venv/lib/python3.11/site-packages/requests/sessions.py:578: in request
    prep = self.prepare_request(req)
           ^^^^^^^^^^^^^^^^^^^^^^^^^
/root/.venv/lib/python3.11/site-packages/requests/sessions.py:487: in prepare_request
    p.prepare(
/root/.venv/lib/python3.11/site-packages/requests/models.py:369: in prepare
    self.prepare_url(url, params)
/root/.venv/lib/python3.11/site-packages/requests/models.py:440: in prepare_url
    raise MissingSchema(
E   requests.exceptions.MissingSchema: Invalid URL '/api/auth/login': No scheme supplied. Perhaps you meant https:///api/auth/login?</failure></testcase><testcase classname="tests.test_google_oauth_iteration204.TestEmailPasswordLogin" name="test_login_invalid_password_returns_401" time="0.000"><failure message="requests.exceptions.MissingSchema: Invalid URL '/api/auth/login': No scheme supplied. Perhaps you meant https:///api/auth/login?">tests/test_google_oauth_iteration204.py:104: in test_login_invalid_password_returns_401
    response = requests.post(
/root/.venv/lib/python3.11/site-packages/requests/api.py:115: in post
    return request("post", url, data=data, json=json, **kwargs)
           ^^^^^^^^^^^^^^^^^^^^^^^^^^^^^^^^^^^^^^^^^^^^^^^^^^^^
/root/.venv/lib/python3.11/site-packages/requests/api.py:59: in request
    return session.request(method=method, url=url, **kwargs)
           ^^^^^^^^^^^^^^^^^^^^^^^^^^^^^^^^^^^^^^^^^^^^^^^^^
/root/.venv/lib/python3.11/site-packages/requests/sessions.py:578: in request
    prep = self.prepare_request(req)
           ^^^^^^^^^^^^^^^^^^^^^^^^^
/root/.venv/lib/python3.11/site-packages/requests/sessions.py:487: in prepare_request
    p.prepare(
/root/.venv/lib/python3.11/site-packages/requests/models.py:369: in prepare
    self.prepare_url(url, params)
/root/.venv/lib/python3.11/site-packages/requests/models.py:440: in prepare_url
    raise MissingSchema(
E   requests.exceptions.MissingSchema: Invalid URL '/api/auth/login': No scheme supplied. Perhaps you meant https:///api/auth/login?</failure></testcase><testcase classname="tests.test_google_oauth_iteration204.TestEmailPasswordLogin" name="test_login_nonexistent_user_returns_401" time="0.000"><failure message="requests.exceptions.MissingSchema: Invalid URL '/api/auth/login': No scheme supplied. Perhaps you meant https:///api/auth/login?">tests/test_google_oauth_iteration204.py:115: in test_login_nonexistent_user_returns_401
    response = requests.post(
/root/.venv/lib/python3.11/site-packages/requests/api.py:115: in post
    return request("post", url, data=data, json=json, **kwargs)
           ^^^^^^^^^^^^^^^^^^^^^^^^^^^^^^^^^^^^^^^^^^^^^^^^^^^^
/root/.venv/lib/python3.11/site-packages/requests/api.py:59: in request
    return session.request(method=method, url=url, **kwargs)
           ^^^^^^^^^^^^^^^^^^^^^^^^^^^^^^^^^^^^^^^^^^^^^^^^^
/root/.venv/lib/python3.11/site-packages/requests/sessions.py:578: in request
    prep = self.prepare_request(req)
           ^^^^^^^^^^^^^^^^^^^^^^^^^
/root/.venv/lib/python3.11/site-packages/requests/sessions.py:487: in prepare_request
    p.prepare(
/root/.venv/lib/python3.11/site-packages/requests/models.py:369: in prepare
    self.prepare_url(url, params)
/root/.venv/lib/python3.11/site-packages/requests/models.py:440: in prepare_url
    raise MissingSchema(
E   requests.exceptions.MissingSchema: Invalid URL '/api/auth/login': No scheme supplied. Perhaps you meant https:///api/auth/login?</failure></testcase><testcase classname="tests.test_google_oauth_iteration204.TestEmailPasswordRegister" name="test_register_new_user_success" time="0.000"><failure message="requests.exceptions.MissingSchema: Invalid URL '/api/auth/register': No scheme supplied. Perhaps you meant https:///api/auth/register?">tests/test_google_oauth_iteration204.py:129: in test_register_new_user_success
    response = requests.post(
/root/.venv/lib/python3.11/site-packages/requests/api.py:115: in post
    return request("post", url, data=data, json=json, **kwargs)
           ^^^^^^^^^^^^^^^^^^^^^^^^^^^^^^^^^^^^^^^^^^^^^^^^^^^^
/root/.venv/lib/python3.11/site-packages/requests/api.py:59: in request
    return session.request(method=method, url=url, **kwargs)
           ^^^^^^^^^^^^^^^^^^^^^^^^^^^^^^^^^^^^^^^^^^^^^^^^^
/root/.venv/lib/python3.11/site-packages/requests/sessions.py:578: in request
    prep = self.prepare_request(req)
           ^^^^^^^^^^^^^^^^^^^^^^^^^
/root/.venv/lib/python3.11/site-packages/requests/sessions.py:487: in prepare_request
    p.prepare(
/root/.venv/lib/python3.11/site-packages/requests/models.py:369: in prepare
    self.prepare_url(url, params)
/root/.venv/lib/python3.11/site-packages/requests/models.py:440: in prepare_url
    raise MissingSchema(
E   requests.exceptions.MissingSchema: Invalid URL '/api/auth/register': No scheme supplied. Perhaps you meant https:///api/auth/register?</failure></testcase><testcase classname="tests.test_google_oauth_iteration204.TestEmailPasswordRegister" name="test_register_duplicate_email_returns_400" time="0.000"><failure message="requests.exceptions.MissingSchema: Invalid URL '/api/auth/register': No scheme supplied. Perhaps you meant https:///api/auth/register?">tests/test_google_oauth_iteration204.py:146: in test_register_duplicate_email_returns_400
    response = requests.post(
/root/.venv/lib/python3.11/site-packages/requests/api.py:115: in post
    return request("post", url, data=data, json=json, **kwargs)
           ^^^^^^^^^^^^^^^^^^^^^^^^^^^^^^^^^^^^^^^^^^^^^^^^^^^^
/root/.venv/lib/python3.11/site-packages/requests/api.py:59: in request
    return session.request(method=method, url=url, **kwargs)
           ^^^^^^^^^^^^^^^^^^^^^^^^^^^^^^^^^^^^^^^^^^^^^^^^^
/root/.venv/lib/python3.11/site-packages/requests/sessions.py:578: in request
    prep = self.prepare_request(req)
           ^^^^^^^^^^^^^^^^^^^^^^^^^
/root/.venv/lib/python3.11/site-packages/requests/sessions.py:487: in prepare_request
    p.prepare(
/root/.venv/lib/python3.11/site-packages/requests/models.py:369: in prepare
    self.prepare_url(url, params)
/root/.venv/lib/python3.11/site-packages/requests/models.py:440: in prepare_url
    raise MissingSchema(
E   requests.exceptions.MissingSchema: Invalid URL '/api/auth/register': No scheme supplied. Perhaps you meant https:///api/auth/register?</failure></testcase><testcase classname="tests.test_google_oauth_iteration204.TestEmailPasswordRegister" name="test_register_weak_password_returns_400" time="0.000"><failure message="requests.exceptions.MissingSchema: Invalid URL '/api/auth/register': No scheme supplied. Perhaps you meant https:///api/auth/register?">tests/test_google_oauth_iteration204.py:162: in test_register_weak_password_returns_400
    response = requests.post(
/root/.venv/lib/python3.11/site-packages/requests/api.py:115: in post
    return request("post", url, data=data, json=json, **kwargs)
           ^^^^^^^^^^^^^^^^^^^^^^^^^^^^^^^^^^^^^^^^^^^^^^^^^^^^
/root/.venv/lib/python3.11/site-packages/requests/api.py:59: in request
    return session.request(method=method, url=url, **kwargs)
           ^^^^^^^^^^^^^^^^^^^^^^^^^^^^^^^^^^^^^^^^^^^^^^^^^
/root/.venv/lib/python3.11/site-packages/requests/sessions.py:578: in request
    prep = self.prepare_request(req)
           ^^^^^^^^^^^^^^^^^^^^^^^^^
/root/.venv/lib/python3.11/site-packages/requests/sessions.py:487: in prepare_request
    p.prepare(
/root/.venv/lib/python3.11/site-packages/requests/models.py:369: in prepare
    self.prepare_url(url, params)
/root/.venv/lib/python3.11/site-packages/requests/models.py:440: in prepare_url
    raise MissingSchema(
E   requests.exceptions.MissingSchema: Invalid URL '/api/auth/register': No scheme supplied. Perhaps you meant https:///api/auth/register?</failure></testcase><testcase classname="tests.test_google_oauth_iteration204.TestAuthMe" name="test_auth_me_with_valid_session_token" time="0.000"><failure message="requests.exceptions.MissingSchema: Invalid URL '/api/auth/login': No scheme supplied. Perhaps you meant https:///api/auth/login?">tests/test_google_oauth_iteration204.py:182: in test_auth_me_with_valid_session_token
    login_response = requests.post(
/root/.venv/lib/python3.11/site-packages/requests/api.py:115: in post
    return request("post", url, data=data, json=json, **kwargs)
           ^^^^^^^^^^^^^^^^^^^^^^^^^^^^^^^^^^^^^^^^^^^^^^^^^^^^
/root/.venv/lib/python3.11/site-packages/requests/api.py:59: in request
    return session.request(method=method, url=url, **kwargs)
           ^^^^^^^^^^^^^^^^^^^^^^^^^^^^^^^^^^^^^^^^^^^^^^^^^
/root/.venv/lib/python3.11/site-packages/requests/sessions.py:578: in request
    prep = self.prepare_request(req)
           ^^^^^^^^^^^^^^^^^^^^^^^^^
/root/.venv/lib/python3.11/site-packages/requests/sessions.py:487: in prepare_request
    p.prepare(
/root/.venv/lib/python3.11/site-packages/requests/models.py:369: in prepare
    self.prepare_url(url, params)
/root/.venv/lib/python3.11/site-packages/requests/models.py:440: in prepare_url
    raise MissingSchema(
E   requests.exceptions.MissingSchema: Invalid URL '/api/auth/login': No scheme supplied. Perhaps you meant https:///api/auth/login?</failure></testcase><testcase classname="tests.test_google_oauth_iteration204.TestAuthMe" name="test_auth_me_with_cookie_session_token" time="0.000"><failure message="requests.exceptions.MissingSchema: Invalid URL '/api/auth/login': No scheme supplied. Perhaps you meant https:///api/auth/login?">tests/test_google_oauth_iteration204.py:207: in test_auth_me_with_cookie_session_token
    login_response = session.post(
/root/.venv/lib/python3.11/site-packages/requests/sessions.py:640: in post
    return self.request("POST", url, data=data, json=json, **kwargs)
           ^^^^^^^^^^^^^^^^^^^^^^^^^^^^^^^^^^^^^^^^^^^^^^^^^^^^^^^^^
/root/.venv/lib/python3.11/site-packages/requests/sessions.py:578: in request
    prep = self.prepare_request(req)
           ^^^^^^^^^^^^^^^^^^^^^^^^^
/root/.venv/lib/python3.11/site-packages/requests/sessions.py:487: in prepare_request
    p.prepare(
/root/.venv/lib/python3.11/site-packages/requests/models.py:369: in prepare
    self.prepare_url(url, params)
/root/.venv/lib/python3.11/site-packages/requests/models.py:440: in prepare_url
    raise MissingSchema(
E   requests.exceptions.MissingSchema: Invalid URL '/api/auth/login': No scheme supplied. Perhaps you meant https:///api/auth/login?</failure></testcase><testcase classname="tests.test_google_oauth_iteration204.TestAuthMe" name="test_auth_me_without_token_returns_401" time="0.000"><failure message="requests.exceptions.MissingSchema: Invalid URL '/api/auth/me': No scheme supplied. Perhaps you meant https:///api/auth/me?">tests/test_google_oauth_iteration204.py:225: in test_auth_me_without_token_returns_401
    response = requests.get(
/root/.venv/lib/python3.11/site-packages/requests/api.py:73: in get
    return request("get", url, params=params, **kwargs)
           ^^^^^^^^^^^^^^^^^^^^^^^^^^^^^^^^^^^^^^^^^^^^
/root/.venv/lib/python3.11/site-packages/requests/api.py:59: in request
    return session.request(method=method, url=url, **kwargs)
           ^^^^^^^^^^^^^^^^^^^^^^^^^^^^^^^^^^^^^^^^^^^^^^^^^
/root/.venv/lib/python3.11/site-packages/requests/sessions.py:578: in request
    prep = self.prepare_request(req)
           ^^^^^^^^^^^^^^^^^^^^^^^^^
/root/.venv/lib/python3.11/site-packages/requests/sessions.py:487: in prepare_request
    p.prepare(
/root/.venv/lib/python3.11/site-packages/requests/models.py:369: in prepare
    self.prepare_url(url, params)
/root/.venv/lib/python3.11/site-packages/requests/models.py:440: in prepare_url
    raise MissingSchema(
E   requests.exceptions.MissingSchema: Invalid URL '/api/auth/me': No scheme supplied. Perhaps you meant https:///api/auth/me?</failure></testcase><testcase classname="tests.test_google_oauth_iteration204.TestConfigLoadsGoogleCredentials" name="test_google_oauth_not_503_when_credentials_set" time="0.000"><failure message="requests.exceptions.MissingSchema: Invalid URL '/api/auth/google/callback': No scheme supplied. Perhaps you meant https:///api/auth/google/callback?">tests/test_google_oauth_iteration204.py:238: in test_google_oauth_not_503_when_credentials_set
    response = requests.post(
/root/.venv/lib/python3.11/site-packages/requests/api.py:115: in post
    return request("post", url, data=data, json=json, **kwargs)
           ^^^^^^^^^^^^^^^^^^^^^^^^^^^^^^^^^^^^^^^^^^^^^^^^^^^^
/root/.venv/lib/python3.11/site-packages/requests/api.py:59: in request
    return session.request(method=method, url=url, **kwargs)
           ^^^^^^^^^^^^^^^^^^^^^^^^^^^^^^^^^^^^^^^^^^^^^^^^^
/root/.venv/lib/python3.11/site-packages/requests/sessions.py:578: in request
    prep = self.prepare_request(req)
           ^^^^^^^^^^^^^^^^^^^^^^^^^
/root/.venv/lib/python3.11/site-packages/requests/sessions.py:487: in prepare_request
    p.prepare(
/root/.venv/lib/python3.11/site-packages/requests/models.py:369: in prepare
    self.prepare_url(url, params)
/root/.venv/lib/python3.11/site-packages/requests/models.py:440: in prepare_url
    raise MissingSchema(
E   requests.exceptions.MissingSchema: Invalid URL '/api/auth/google/callback': No scheme supplied. Perhaps you meant https:///api/auth/google/callback?</failure></testcase><testcase classname="tests.test_google_oauth_iteration204.TestLogout" name="test_logout_success" time="0.000"><failure message="requests.exceptions.MissingSchema: Invalid URL '/api/auth/login': No scheme supplied. Perhaps you meant https:///api/auth/login?">tests/test_google_oauth_iteration204.py:255: in test_logout_success
    login_response = requests.post(
/root/.venv/lib/python3.11/site-packages/requests/api.py:115: in post
    return request("post", url, data=data, json=json, **kwargs)
           ^^^^^^^^^^^^^^^^^^^^^^^^^^^^^^^^^^^^^^^^^^^^^^^^^^^^
/root/.venv/lib/python3.11/site-packages/requests/api.py:59: in request
    return session.request(method=method, url=url, **kwargs)
           ^^^^^^^^^^^^^^^^^^^^^^^^^^^^^^^^^^^^^^^^^^^^^^^^^
/root/.venv/lib/python3.11/site-packages/requests/sessions.py:578: in request
    prep = self.prepare_request(req)
           ^^^^^^^^^^^^^^^^^^^^^^^^^
/root/.venv/lib/python3.11/site-packages/requests/sessions.py:487: in prepare_request
    p.prepare(
/root/.venv/lib/python3.11/site-packages/requests/models.py:369: in prepare
    self.prepare_url(url, params)
/root/.venv/lib/python3.11/site-packages/requests/models.py:440: in prepare_url
    raise MissingSchema(
E   requests.exceptions.MissingSchema: Invalid URL '/api/auth/login': No scheme supplied. Perhaps you meant https:///api/auth/login?</failure></testcase><testcase classname="tests.test_ground_dedup" name="test_topic_coverage" time="0.001" /><testcase classname="tests.test_ground_dedup" name="test_duplicate_detection" time="0.001" /><testcase classname="tests.test_ground_dedup" name="test_non_duplicates" time="0.000" /><testcase classname="tests.test_ground_dedup" name="test_australian_spelling" time="0.000" /><testcase classname="tests.test_ground_dedup" name="test_cleanup_function" time="0.009" /><testcase classname="tests.test_ground_dedup" name="test_idempotent_sync" time="0.031" /><testcase classname="tests.test_grounds_pipeline_iteration132.TestAuthentication" name="test_login_returns_session_token" time="0.000" /><testcase classname="tests.test_health_api.TestHealthEndpoint" name="test_health_endpoint_returns_200" time="0.009" /><testcase classname="tests.test_health_api.TestHealthEndpoint" name="test_health_response_has_status_field" time="0.002" /><testcase classname="tests.test_health_api.TestHealthEndpoint" name="test_health_response_has_database_field" time="0.002" /><testcase classname="tests.test_health_api.TestHealthEndpoint" name="test_health_response_has_timestamp_field" time="0.002" /><testcase classname="tests.test_health_api.TestHealthEndpoint" name="test_database_is_connected" time="0.002" /><testcase classname="tests.test_health_api.TestRootEndpoint" name="test_root_endpoint_returns_200" time="0.003" /><testcase classname="tests.test_health_api.TestRootEndpoint" name="test_root_endpoint_has_message" time="0.002" /><testcase classname="tests.test_iteration193_bugfixes.TestTranslatorDuplicateKeyFix" name="test_translate_report_first_time" time="0.006" /><testcase classname="tests.test_iteration193_bugfixes.TestTranslatorDuplicateKeyFix" name="test_translate_report_retry_no_duplicate_error" time="0.011" /><testcase classname="tests.test_iteration193_bugfixes.TestTranslatorDuplicateKeyFix" name="test_translate_different_language" time="0.006" /><testcase classname="tests.test_iteration193_bugfixes.TestBarristerViewEndpoints" name="test_barrister_view_report_exists" time="0.004" /><testcase classname="tests.test_iteration193_bugfixes.TestBarristerViewEndpoints" name="test_quick_brief_pdf_endpoint" time="0.023" /><testcase classname="tests.test_iteration193_bugfixes.TestLanguagesEndpoint" name="test_get_supported_languages" time="0.002" /><testcase classname="tests.test_iteration193_bugfixes.TestCaseEndpoints" name="test_case_exists" time="0.004" /><testcase classname="tests.test_iteration193_bugfixes.TestCaseEndpoints" name="test_case_reports_list" time="0.008" /><testcase classname="tests.test_iteration193_bugfixes.TestCaseEndpoints" name="test_case_grounds" time="0.004" /><testcase classname="tests.test_iteration193_bugfixes.TestCaseEndpoints" name="test_case_timeline" time="0.004" /><testcase classname="tests.test_iteration193_bugfixes.TestCaseEndpoints" name="test_case_documents" time="0.005" /><testcase classname="tests.test_iteration_208_features.TestAiCostEndpoint" name="test_ai_cost_requires_auth" time="0.162" /><testcase classname="tests.test_iteration_208_features.TestAiCostEndpoint" name="test_ai_cost_returns_404_for_nonexistent_case" time="0.000"><skipped type="pytest.skip" message="Requires authenticated session to test 404 behavior">/app/backend/tests/test_iteration_208_features.py:30: Requires authenticated session to test 404 behavior</skipped></testcase><testcase classname="tests.test_iteration_208_features.TestTranslateStatusEndpoint" name="test_translate_status_requires_auth" time="0.196" /><testcase classname="tests.test_iteration_208_features.TestLanguagesEndpoint" name="test_languages_returns_list" time="0.127" /><testcase classname="tests.test_iteration_208_features.TestLanguagesEndpoint" name="test_languages_includes_common_languages" time="0.159" /><testcase classname="tests.test_iteration_208_features.TestCaseIdRegexPatterns" name="test_case_hex_format_extraction" time="0.000" /><testcase classname="tests.test_iteration_208_features.TestCaseIdRegexPatterns" name="test_report_type_extraction_case_hex" time="0.000" /><testcase classname="tests.test_iteration_208_features.TestTranslateParallelRecovery" name="test_persist_task_function_exists" time="0.000" /><testcase classname="tests.test_iteration_208_features.TestTranslateParallelRecovery" name="test_translate_tasks_dict_exists" time="0.000" /><testcase classname="tests.test_iteration_208_features.TestTranslateParallelRecovery" name="test_supported_languages_count" time="0.000" /><testcase classname="tests.test_iteration_208_features.TestFrontendCodeVerification" name="test_report_translator_max_attempts" time="0.005" /><testcase classname="tests.test_iteration_208_features.TestFrontendCodeVerification" name="test_report_translator_poll_interval" time="0.003" /><testcase classname="tests.test_iteration_208_features.TestFrontendCodeVerification" name="test_admin_dashboard_payid_testid" time="0.002" /><testcase classname="tests.test_iteration_208_features.TestFrontendCodeVerification" name="test_admin_dashboard_refresh_btn_testid" time="0.002" /><testcase classname="tests.test_iteration_208_features.TestFrontendCodeVerification" name="test_ai_cost_badge_testid" time="0.002" /><testcase classname="tests.test_iteration_208_features.TestHealthEndpoint" name="test_health_returns_200" time="0.122" /><testcase classname="tests.test_legal_framework.TestStateFrameworks" name="test_framework_exists[nsw]" time="0.000" /><testcase classname="tests.test_legal_framework.TestStateFrameworks" name="test_framework_exists[vic]" time="0.000" /><testcase classname="tests.test_legal_framework.TestStateFrameworks" name="test_framework_exists[qld]" time="0.000" /><testcase classname="tests.test_legal_framework.TestStateFrameworks" name="test_framework_exists[sa]" time="0.000" /><testcase classname="tests.test_legal_framework.TestStateFrameworks" name="test_framework_exists[wa]" time="0.000" /><testcase classname="tests.test_legal_framework.TestStateFrameworks" name="test_framework_exists[tas]" time="0.000" /><testcase classname="tests.test_legal_framework.TestStateFrameworks" name="test_framework_exists[nt]" time="0.000" /><testcase classname="tests.test_legal_framework.TestStateFrameworks" name="test_framework_exists[act]" time="0.000" /><testcase classname="tests.test_legal_framework.TestStateFrameworks" name="test_framework_exists[federal]" time="0.000" /><testcase classname="tests.test_legal_framework.TestStateFrameworks" name="test_has_primary_legislation[nsw]" time="0.000" /><testcase classname="tests.test_legal_framework.TestStateFrameworks" name="test_has_primary_legislation[vic]" time="0.000" /><testcase classname="tests.test_legal_framework.TestStateFrameworks" name="test_has_primary_legislation[qld]" time="0.000" /><testcase classname="tests.test_legal_framework.TestStateFrameworks" name="test_has_primary_legislation[sa]" time="0.000" /><testcase classname="tests.test_legal_framework.TestStateFrameworks" name="test_has_primary_legislation[wa]" time="0.000" /><testcase classname="tests.test_legal_framework.TestStateFrameworks" name="test_has_primary_legislation[tas]" time="0.000" /><testcase classname="tests.test_legal_framework.TestStateFrameworks" name="test_has_primary_legislation[nt]" time="0.000" /><testcase classname="tests.test_legal_framework.TestStateFrameworks" name="test_has_primary_legislation[act]" time="0.000" /><testcase classname="tests.test_legal_framework.TestStateFrameworks" name="test_has_primary_legislation[federal]" time="0.000" /><testcase classname="tests.test_legal_framework.TestStateFrameworks" name="test_has_last_verified[nsw]" time="0.000" /><testcase classname="tests.test_legal_framework.TestStateFrameworks" name="test_has_last_verified[vic]" time="0.000" /><testcase classname="tests.test_legal_framework.TestStateFrameworks" name="test_has_last_verified[qld]" time="0.000" /><testcase classname="tests.test_legal_framework.TestStateFrameworks" name="test_has_last_verified[sa]" time="0.000" /><testcase classname="tests.test_legal_framework.TestStateFrameworks" name="test_has_last_verified[wa]" time="0.000" /><testcase classname="tests.test_legal_framework.TestStateFrameworks" name="test_has_last_verified[tas]" time="0.000" /><testcase classname="tests.test_legal_framework.TestStateFrameworks" name="test_has_last_verified[nt]" time="0.000" /><testcase classname="tests.test_legal_framework.TestStateFrameworks" name="test_has_last_verified[act]" time="0.000" /><testcase classname="tests.test_legal_framework.TestStateFrameworks" name="test_has_last_verified[federal]" time="0.000" /><testcase classname="tests.test_legal_framework.TestOffenceCategories" name="test_minimum_categories" time="0.000" /><testcase classname="tests.test_legal_framework.TestOffenceCategories" name="test_category_has_required_fields[homicide]" time="0.000" /><testcase classname="tests.test_legal_framework.TestOffenceCategories" name="test_category_has_required_fields[assault]" time="0.000" /><testcase classname="tests.test_legal_framework.TestOffenceCategories" name="test_category_has_required_fields[sexual_offences]" time="0.000" /><testcase classname="tests.test_legal_framework.TestOffenceCategories" name="test_category_has_required_fields[robbery_theft]" time="0.000" /><testcase classname="tests.test_legal_framework.TestOffenceCategories" name="test_category_has_required_fields[drug_offences]" time="0.000" /><testcase classname="tests.test_legal_framework.TestOffenceCategories" name="test_category_has_required_fields[fraud_dishonesty]" time="0.000" /><testcase classname="tests.test_legal_framework.TestOffenceCategories" name="test_category_has_required_fields[firearms_weapons]" time="0.000" /><testcase classname="tests.test_legal_framework.TestOffenceCategories" name="test_category_has_required_fields[domestic_violence]" time="0.000" /><testcase classname="tests.test_legal_framework.TestOffenceCategories" name="test_category_has_required_fields[public_order]" time="0.000" /><testcase classname="tests.test_legal_framework.TestOffenceCategories" name="test_category_has_required_fields[terrorism]" time="0.000" /><testcase classname="tests.test_legal_framework.TestOffenceCategories" name="test_category_has_required_fields[driving_offences]" time="0.000" /><testcase classname="tests.test_legal_framework.TestOffenceCategories" name="test_category_has_required_fields[arson_property_damage]" time="0.000" /><testcase classname="tests.test_legal_framework.TestOffenceCategories" name="test_category_has_required_fields[cybercrime]" time="0.000" /><testcase classname="tests.test_legal_framework.TestOffenceCategories" name="test_category_has_required_fields[perjury_justice_offences]" time="0.000" /><testcase classname="tests.test_legal_framework.TestOffenceCategories" name="test_category_has_required_fields[extortion_blackmail]" time="0.000" /><testcase classname="tests.test_legal_framework.TestOffenceCategories" name="test_category_has_required_fields[organised_crime]" time="0.000" /><testcase classname="tests.test_legal_framework.TestOffenceCategories" name="test_category_has_required_fields[child_exploitation_material]" time="0.000" /><testcase classname="tests.test_legal_framework.TestOffenceCategories" name="test_category_has_required_fields[corruption_public_officials]" time="0.000" /><testcase classname="tests.test_legal_framework.TestOffenceCategories" name="test_no_empty_section_values[homicide]" time="0.000" /><testcase classname="tests.test_legal_framework.TestOffenceCategories" name="test_no_empty_section_values[assault]" time="0.000" /><testcase classname="tests.test_legal_framework.TestOffenceCategories" name="test_no_empty_section_values[sexual_offences]" time="0.000" /><testcase classname="tests.test_legal_framework.TestOffenceCategories" name="test_no_empty_section_values[robbery_theft]" time="0.000" /><testcase classname="tests.test_legal_framework.TestOffenceCategories" name="test_no_empty_section_values[drug_offences]" time="0.000" /><testcase classname="tests.test_legal_framework.TestOffenceCategories" name="test_no_empty_section_values[fraud_dishonesty]" time="0.000" /><testcase classname="tests.test_legal_framework.TestOffenceCategories" name="test_no_empty_section_values[firearms_weapons]" time="0.000" /><testcase classname="tests.test_legal_framework.TestOffenceCategories" name="test_no_empty_section_values[domestic_violence]" time="0.000" /><testcase classname="tests.test_legal_framework.TestOffenceCategories" name="test_no_empty_section_values[public_order]" time="0.000" /><testcase classname="tests.test_legal_framework.TestOffenceCategories" name="test_no_empty_section_values[terrorism]" time="0.000" /><testcase classname="tests.test_legal_framework.TestOffenceCategories" name="test_no_empty_section_values[driving_offences]" time="0.000" /><testcase classname="tests.test_legal_framework.TestOffenceCategories" name="test_no_empty_section_values[arson_property_damage]" time="0.000" /><testcase classname="tests.test_legal_framework.TestOffenceCategories" name="test_no_empty_section_values[cybercrime]" time="0.000" /><testcase classname="tests.test_legal_framework.TestOffenceCategories" name="test_no_empty_section_values[perjury_justice_offences]" time="0.000" /><testcase classname="tests.test_legal_framework.TestOffenceCategories" name="test_no_empty_section_values[extortion_blackmail]" time="0.000" /><testcase classname="tests.test_legal_framework.TestOffenceCategories" name="test_no_empty_section_values[organised_crime]" time="0.000" /><testcase classname="tests.test_legal_framework.TestOffenceCategories" name="test_no_empty_section_values[child_exploitation_material]" time="0.000" /><testcase classname="tests.test_legal_framework.TestOffenceCategories" name="test_no_empty_section_values[corruption_public_officials]" time="0.000" /><testcase classname="tests.test_legal_framework.TestOffenceCategories" name="test_no_duplicate_sections[homicide]" time="0.000" /><testcase classname="tests.test_legal_framework.TestOffenceCategories" name="test_no_duplicate_sections[assault]" time="0.000" /><testcase classname="tests.test_legal_framework.TestOffenceCategories" name="test_no_duplicate_sections[sexual_offences]" time="0.000" /><testcase classname="tests.test_legal_framework.TestOffenceCategories" name="test_no_duplicate_sections[robbery_theft]" time="0.000" /><testcase classname="tests.test_legal_framework.TestOffenceCategories" name="test_no_duplicate_sections[drug_offences]" time="0.000" /><testcase classname="tests.test_legal_framework.TestOffenceCategories" name="test_no_duplicate_sections[fraud_dishonesty]" time="0.000" /><testcase classname="tests.test_legal_framework.TestOffenceCategories" name="test_no_duplicate_sections[firearms_weapons]" time="0.000" /><testcase classname="tests.test_legal_framework.TestOffenceCategories" name="test_no_duplicate_sections[domestic_violence]" time="0.000" /><testcase classname="tests.test_legal_framework.TestOffenceCategories" name="test_no_duplicate_sections[public_order]" time="0.000" /><testcase classname="tests.test_legal_framework.TestOffenceCategories" name="test_no_duplicate_sections[terrorism]" time="0.000" /><testcase classname="tests.test_legal_framework.TestOffenceCategories" name="test_no_duplicate_sections[driving_offences]" time="0.000" /><testcase classname="tests.test_legal_framework.TestOffenceCategories" name="test_no_duplicate_sections[arson_property_damage]" time="0.000" /><testcase classname="tests.test_legal_framework.TestOffenceCategories" name="test_no_duplicate_sections[cybercrime]" time="0.000" /><testcase classname="tests.test_legal_framework.TestOffenceCategories" name="test_no_duplicate_sections[perjury_justice_offences]" time="0.000" /><testcase classname="tests.test_legal_framework.TestOffenceCategories" name="test_no_duplicate_sections[extortion_blackmail]" time="0.000" /><testcase classname="tests.test_legal_framework.TestOffenceCategories" name="test_no_duplicate_sections[organised_crime]" time="0.000" /><testcase classname="tests.test_legal_framework.TestOffenceCategories" name="test_no_duplicate_sections[child_exploitation_mater
[...]
eCategoriesEndpoint" name="test_get_all_categories" time="0.002" /><testcase classname="tests.test_state_offence_framework.TestOffenceCategoriesEndpoint" name="test_category_structure" time="0.002" /><testcase classname="tests.test_state_offence_framework.TestOffenceFrameworkStateSpecific" name="test_homicide_vic_legislation" time="0.002" /><testcase classname="tests.test_state_offence_framework.TestOffenceFrameworkStateSpecific" name="test_homicide_qld_legislation" time="0.002" /><testcase classname="tests.test_state_offence_framework.TestOffenceFrameworkStateSpecific" name="test_homicide_nsw_legislation" time="0.002" /><testcase classname="tests.test_state_offence_framework.TestOffenceFrameworkStateSpecific" name="test_homicide_sa_legislation" time="0.002" /><testcase classname="tests.test_state_offence_framework.TestOffenceFrameworkStateSpecific" name="test_homicide_wa_legislation" time="0.002" /><testcase classname="tests.test_state_offence_framework.TestOffenceFrameworkStateSpecific" name="test_homicide_tas_legislation" time="0.002" /><testcase classname="tests.test_state_offence_framework.TestOffenceFrameworkStateSpecific" name="test_homicide_nt_legislation" time="0.002" /><testcase classname="tests.test_state_offence_framework.TestOffenceFrameworkStateSpecific" name="test_homicide_act_legislation" time="0.002" /><testcase classname="tests.test_state_offence_framework.TestOffenceFrameworkAppealInfo" name="test_appeal_framework_vic" time="0.002" /><testcase classname="tests.test_state_offence_framework.TestOffenceFrameworkAppealInfo" name="test_appeal_framework_qld" time="0.002" /><testcase classname="tests.test_state_offence_framework.TestOffenceFrameworkAppealInfo" name="test_common_appeal_grounds_present" time="0.002" /><testcase classname="tests.test_state_offence_framework.TestOtherOffenceCategories" name="test_drug_offences_vic" time="0.002" /><testcase classname="tests.test_state_offence_framework.TestOtherOffenceCategories" name="test_drug_offences_qld" time="0.002" /><testcase classname="tests.test_state_offence_framework.TestOtherOffenceCategories" name="test_fraud_vic" time="0.002" /><testcase classname="tests.test_state_offence_framework.TestOtherOffenceCategories" name="test_domestic_violence_vic" time="0.002" /><testcase classname="tests.test_state_offence_framework.TestOtherOffenceCategories" name="test_terrorism_cth_legislation" time="0.002" /><testcase classname="tests.test_state_offence_framework.TestOtherOffenceCategories" name="test_invalid_category_returns_404" time="0.002" /><testcase classname="tests.test_state_offence_framework.TestCategoryCompleteness" name="test_homicide_all_states[nsw-NSW]" time="0.002" /><testcase classname="tests.test_state_offence_framework.TestCategoryCompleteness" name="test_homicide_all_states[vic-VIC]" time="0.002" /><testcase classname="tests.test_state_offence_framework.TestCategoryCompleteness" name="test_homicide_all_states[qld-QLD]" time="0.002" /><testcase classname="tests.test_state_offence_framework.TestCategoryCompleteness" name="test_homicide_all_states[sa-SA]" time="0.002" /><testcase classname="tests.test_state_offence_framework.TestCategoryCompleteness" name="test_homicide_all_states[wa-WA]" time="0.002" /><testcase classname="tests.test_state_offence_framework.TestCategoryCompleteness" name="test_homicide_all_states[tas-TAS]" time="0.002" /><testcase classname="tests.test_state_offence_framework.TestCategoryCompleteness" name="test_homicide_all_states[nt-NT]" time="0.002" /><testcase classname="tests.test_state_offence_framework.TestCategoryCompleteness" name="test_homicide_all_states[act-ACT]" time="0.002" /><testcase classname="tests.test_state_offence_framework.TestCategoryCompleteness" name="test_common_categories_vic[homicide]" time="0.002" /><testcase classname="tests.test_state_offence_framework.TestCategoryCompleteness" name="test_common_categories_vic[assault]" time="0.002" /><testcase classname="tests.test_state_offence_framework.TestCategoryCompleteness" name="test_common_categories_vic[drug_offences]" time="0.002" /><testcase classname="tests.test_state_offence_framework.TestCategoryCompleteness" name="test_common_categories_vic[fraud_dishonesty]" time="0.002" /><testcase classname="tests.test_state_offence_framework.TestCategoryCompleteness" name="test_common_categories_vic[domestic_violence]" time="0.002" /><testcase classname="tests.test_state_offence_framework.TestCategoryCompleteness" name="test_common_categories_vic[driving_offences]" time="0.002" /><testcase classname="tests.test_translate_parallel_recovery" name="test_persist_task_writes_to_db" time="0.001" /><testcase classname="tests.test_translate_parallel_recovery" name="test_chunks_run_concurrently" time="0.404" /><testcase classname="tests.test_translate_parallel_recovery" name="test_status_endpoint_recovers_from_mongo_after_restart" time="0.001" /><testcase classname="tests.test_translate_section" name="test_unsupported_language_returns_400" time="0.002" /><testcase classname="tests.test_translate_section" name="test_english_returns_original_unchanged" time="0.002" /><testcase classname="tests.test_translate_section" name="test_empty_section_text_returns_400" time="0.001" /><testcase classname="tests.test_translate_section" name="test_too_long_section_returns_400" time="0.002" /><testcase classname="tests.test_translate_section" name="test_cache_hit_short_circuits_llm" time="0.002" /><testcase classname="tests.test_translate_section" name="test_cache_miss_calls_llm_and_persists" time="0.003" /><testcase classname="tests.test_translate_section" name="test_report_not_in_case_returns_404" time="0.002" /><testcase classname="tests.test_translate_section" name="test_llm_failure_returns_502" time="0.003" /><testcase classname="tests.test_translate_section_api.TestTranslateSectionAuth" name="test_unauthenticated_returns_401" time="0.000"><error message="failed on setup with &quot;requests.exceptions.MissingSchema: Invalid URL '/api/auth/login': No scheme supplied. Perhaps you meant https:///api/auth/login?&quot;">tests/test_translate_section_api.py:19: in auth_token
    response = requests.post(
/root/.venv/lib/python3.11/site-packages/requests/api.py:115: in post
    return request("post", url, data=data, json=json, **kwargs)
           ^^^^^^^^^^^^^^^^^^^^^^^^^^^^^^^^^^^^^^^^^^^^^^^^^^^^
/root/.venv/lib/python3.11/site-packages/requests/api.py:59: in request
    return session.request(method=method, url=url, **kwargs)
           ^^^^^^^^^^^^^^^^^^^^^^^^^^^^^^^^^^^^^^^^^^^^^^^^^
/root/.venv/lib/python3.11/site-packages/requests/sessions.py:578: in request
    prep = self.prepare_request(req)
           ^^^^^^^^^^^^^^^^^^^^^^^^^
/root/.venv/lib/python3.11/site-packages/requests/sessions.py:487: in prepare_request
    p.prepare(
/root/.venv/lib/python3.11/site-packages/requests/models.py:369: in prepare
    self.prepare_url(url, params)
/root/.venv/lib/python3.11/site-packages/requests/models.py:440: in prepare_url
    raise MissingSchema(
E   requests.exceptions.MissingSchema: Invalid URL '/api/auth/login': No scheme supplied. Perhaps you meant https:///api/auth/login?</error></testcase><testcase classname="tests.test_translate_section_api.TestTranslateSectionAuth" name="test_invalid_case_returns_403_or_404" time="0.000"><error message="failed on setup with &quot;requests.exceptions.MissingSchema: Invalid URL '/api/auth/login': No scheme supplied. Perhaps you meant https:///api/auth/login?&quot;">tests/test_translate_section_api.py:19: in auth_token
    response = requests.post(
/root/.venv/lib/python3.11/site-packages/requests/api.py:115: in post
    return request("post", url, data=data, json=json, **kwargs)
           ^^^^^^^^^^^^^^^^^^^^^^^^^^^^^^^^^^^^^^^^^^^^^^^^^^^^
/root/.venv/lib/python3.11/site-packages/requests/api.py:59: in request
    return session.request(method=method, url=url, **kwargs)
           ^^^^^^^^^^^^^^^^^^^^^^^^^^^^^^^^^^^^^^^^^^^^^^^^^
/root/.venv/lib/python3.11/site-packages/requests/sessions.py:578: in request
    prep = self.prepare_request(req)
           ^^^^^^^^^^^^^^^^^^^^^^^^^
/root/.venv/lib/python3.11/site-packages/requests/sessions.py:487: in prepare_request
    p.prepare(
/root/.venv/lib/python3.11/site-packages/requests/models.py:369: in prepare
    self.prepare_url(url, params)
/root/.venv/lib/python3.11/site-packages/requests/models.py:440: in prepare_url
    raise MissingSchema(
E   requests.exceptions.MissingSchema: Invalid URL '/api/auth/login': No scheme supplied. Perhaps you meant https:///api/auth/login?</error></testcase><testcase classname="tests.test_translate_section_api.TestTranslateSectionValidation" name="test_unsupported_language_returns_400" time="0.000"><error message="failed on setup with &quot;requests.exceptions.MissingSchema: Invalid URL '/api/auth/login': No scheme supplied. Perhaps you meant https:///api/auth/login?&quot;">tests/test_translate_section_api.py:19: in auth_token
    response = requests.post(
/root/.venv/lib/python3.11/site-packages/requests/api.py:115: in post
    return request("post", url, data=data, json=json, **kwargs)
           ^^^^^^^^^^^^^^^^^^^^^^^^^^^^^^^^^^^^^^^^^^^^^^^^^^^^
/root/.venv/lib/python3.11/site-packages/requests/api.py:59: in request
    return session.request(method=method, url=url, **kwargs)
           ^^^^^^^^^^^^^^^^^^^^^^^^^^^^^^^^^^^^^^^^^^^^^^^^^
/root/.venv/lib/python3.11/site-packages/requests/sessions.py:578: in request
    prep = self.prepare_request(req)
           ^^^^^^^^^^^^^^^^^^^^^^^^^
/root/.venv/lib/python3.11/site-packages/requests/sessions.py:487: in prepare_request
    p.prepare(
/root/.venv/lib/python3.11/site-packages/requests/models.py:369: in prepare
    self.prepare_url(url, params)
/root/.venv/lib/python3.11/site-packages/requests/models.py:440: in prepare_url
    raise MissingSchema(
E   requests.exceptions.MissingSchema: Invalid URL '/api/auth/login': No scheme supplied. Perhaps you meant https:///api/auth/login?</error></testcase><testcase classname="tests.test_translate_section_api.TestTranslateSectionValidation" name="test_empty_section_text_returns_400" time="0.000"><error message="failed on setup with &quot;requests.exceptions.MissingSchema: Invalid URL '/api/auth/login': No scheme supplied. Perhaps you meant https:///api/auth/login?&quot;">tests/test_translate_section_api.py:19: in auth_token
    response = requests.post(
/root/.venv/lib/python3.11/site-packages/requests/api.py:115: in post
    return request("post", url, data=data, json=json, **kwargs)
           ^^^^^^^^^^^^^^^^^^^^^^^^^^^^^^^^^^^^^^^^^^^^^^^^^^^^
/root/.venv/lib/python3.11/site-packages/requests/api.py:59: in request
    return session.request(method=method, url=url, **kwargs)
           ^^^^^^^^^^^^^^^^^^^^^^^^^^^^^^^^^^^^^^^^^^^^^^^^^
/root/.venv/lib/python3.11/site-packages/requests/sessions.py:578: in request
    prep = self.prepare_request(req)
           ^^^^^^^^^^^^^^^^^^^^^^^^^
/root/.venv/lib/python3.11/site-packages/requests/sessions.py:487: in prepare_request
    p.prepare(
/root/.venv/lib/python3.11/site-packages/requests/models.py:369: in prepare
    self.prepare_url(url, params)
/root/.venv/lib/python3.11/site-packages/requests/models.py:440: in prepare_url
    raise MissingSchema(
E   requests.exceptions.MissingSchema: Invalid URL '/api/auth/login': No scheme supplied. Perhaps you meant https:///api/auth/login?</error></testcase><testcase classname="tests.test_translate_section_api.TestTranslateSectionValidation" name="test_too_long_section_returns_400" time="0.000"><error message="failed on setup with &quot;requests.exceptions.MissingSchema: Invalid URL '/api/auth/login': No scheme supplied. Perhaps you meant https:///api/auth/login?&quot;">tests/test_translate_section_api.py:19: in auth_token
    response = requests.post(
/root/.venv/lib/python3.11/site-packages/requests/api.py:115: in post
    return request("post", url, data=data, json=json, **kwargs)
           ^^^^^^^^^^^^^^^^^^^^^^^^^^^^^^^^^^^^^^^^^^^^^^^^^^^^
/root/.venv/lib/python3.11/site-packages/requests/api.py:59: in request
    return session.request(method=method, url=url, **kwargs)
           ^^^^^^^^^^^^^^^^^^^^^^^^^^^^^^^^^^^^^^^^^^^^^^^^^
/root/.venv/lib/python3.11/site-packages/requests/sessions.py:578: in request
    prep = self.prepare_request(req)
           ^^^^^^^^^^^^^^^^^^^^^^^^^
/root/.venv/lib/python3.11/site-packages/requests/sessions.py:487: in prepare_request
    p.prepare(
/root/.venv/lib/python3.11/site-packages/requests/models.py:369: in prepare
    self.prepare_url(url, params)
/root/.venv/lib/python3.11/site-packages/requests/models.py:440: in prepare_url
    raise MissingSchema(
E   requests.exceptions.MissingSchema: Invalid URL '/api/auth/login': No scheme supplied. Perhaps you meant https:///api/auth/login?</error></testcase><testcase classname="tests.test_translate_section_api.TestTranslateSectionValidation" name="test_report_not_in_case_returns_404" time="0.000"><error message="failed on setup with &quot;requests.exceptions.MissingSchema: Invalid URL '/api/auth/login': No scheme supplied. Perhaps you meant https:///api/auth/login?&quot;">tests/test_translate_section_api.py:19: in auth_token
    response = requests.post(
/root/.venv/lib/python3.11/site-packages/requests/api.py:115: in post
    return request("post", url, data=data, json=json, **kwargs)
           ^^^^^^^^^^^^^^^^^^^^^^^^^^^^^^^^^^^^^^^^^^^^^^^^^^^^
/root/.venv/lib/python3.11/site-packages/requests/api.py:59: in request
    return session.request(method=method, url=url, **kwargs)
           ^^^^^^^^^^^^^^^^^^^^^^^^^^^^^^^^^^^^^^^^^^^^^^^^^
/root/.venv/lib/python3.11/site-packages/requests/sessions.py:578: in request
    prep = self.prepare_request(req)
           ^^^^^^^^^^^^^^^^^^^^^^^^^
/root/.venv/lib/python3.11/site-packages/requests/sessions.py:487: in prepare_request
    p.prepare(
/root/.venv/lib/python3.11/site-packages/requests/models.py:369: in prepare
    self.prepare_url(url, params)
/root/.venv/lib/python3.11/site-packages/requests/models.py:440: in prepare_url
    raise MissingSchema(
E   requests.exceptions.MissingSchema: Invalid URL '/api/auth/login': No scheme supplied. Perhaps you meant https:///api/auth/login?</error></testcase><testcase classname="tests.test_translate_section_api.TestTranslateSectionEnglishNoOp" name="test_english_returns_original_unchanged" time="0.000"><error message="failed on setup with &quot;requests.exceptions.MissingSchema: Invalid URL '/api/auth/login': No scheme supplied. Perhaps you meant https:///api/auth/login?&quot;">tests/test_translate_section_api.py:19: in auth_token
    response = requests.post(
/root/.venv/lib/python3.11/site-packages/requests/api.py:115: in post
    return request("post", url, data=data, json=json, **kwargs)
           ^^^^^^^^^^^^^^^^^^^^^^^^^^^^^^^^^^^^^^^^^^^^^^^^^^^^
/root/.venv/lib/python3.11/site-packages/requests/api.py:59: in request
    return session.request(method=method, url=url, **kwargs)
           ^^^^^^^^^^^^^^^^^^^^^^^^^^^^^^^^^^^^^^^^^^^^^^^^^
/root/.venv/lib/python3.11/site-packages/requests/sessions.py:578: in request
    prep = self.prepare_request(req)
           ^^^^^^^^^^^^^^^^^^^^^^^^^
/root/.venv/lib/python3.11/site-packages/requests/sessions.py:487: in prepare_request
    p.prepare(
/root/.venv/lib/python3.11/site-packages/requests/models.py:369: in prepare
    self.prepare_url(url, params)
/root/.venv/lib/python3.11/site-packages/requests/models.py:440: in prepare_url
    raise MissingSchema(
E   requests.exceptions.MissingSchema: Invalid URL '/api/auth/login': No scheme supplied. Perhaps you meant https:///api/auth/login?</error></testcase><testcase classname="tests.test_translate_section_api.TestTranslateSectionResponseShape" name="test_response_has_required_fields" time="0.000"><error message="failed on setup with &quot;requests.exceptions.MissingSchema: Invalid URL '/api/auth/login': No scheme supplied. Perhaps you meant https:///api/auth/login?&quot;">tests/test_translate_section_api.py:19: in auth_token
    response = requests.post(
/root/.venv/lib/python3.11/site-packages/requests/api.py:115: in post
    return request("post", url, data=data, json=json, **kwargs)
           ^^^^^^^^^^^^^^^^^^^^^^^^^^^^^^^^^^^^^^^^^^^^^^^^^^^^
/root/.venv/lib/python3.11/site-packages/requests/api.py:59: in request
    return session.request(method=method, url=url, **kwargs)
           ^^^^^^^^^^^^^^^^^^^^^^^^^^^^^^^^^^^^^^^^^^^^^^^^^
/root/.venv/lib/python3.11/site-packages/requests/sessions.py:578: in request
    prep = self.prepare_request(req)
           ^^^^^^^^^^^^^^^^^^^^^^^^^
/root/.venv/lib/python3.11/site-packages/requests/sessions.py:487: in prepare_request
    p.prepare(
/root/.venv/lib/python3.11/site-packages/requests/models.py:369: in prepare
    self.prepare_url(url, params)
/root/.venv/lib/python3.11/site-packages/requests/models.py:440: in prepare_url
    raise MissingSchema(
E   requests.exceptions.MissingSchema: Invalid URL '/api/auth/login': No scheme supplied. Perhaps you meant https:///api/auth/login?</error></testcase><testcase classname="tests.test_translate_section_api.TestTranslateSectionEndpoint" name="test_endpoint_exists_and_accepts_post" time="0.000"><error message="failed on setup with &quot;requests.exceptions.MissingSchema: Invalid URL '/api/auth/login': No scheme supplied. Perhaps you meant https:///api/auth/login?&quot;">tests/test_translate_section_api.py:19: in auth_token
    response = requests.post(
/root/.venv/lib/python3.11/site-packages/requests/api.py:115: in post
    return request("post", url, data=data, json=json, **kwargs)
           ^^^^^^^^^^^^^^^^^^^^^^^^^^^^^^^^^^^^^^^^^^^^^^^^^^^^
/root/.venv/lib/python3.11/site-packages/requests/api.py:59: in request
    return session.request(method=method, url=url, **kwargs)
           ^^^^^^^^^^^^^^^^^^^^^^^^^^^^^^^^^^^^^^^^^^^^^^^^^
/root/.venv/lib/python3.11/site-packages/requests/sessions.py:578: in request
    prep = self.prepare_request(req)
           ^^^^^^^^^^^^^^^^^^^^^^^^^
/root/.venv/lib/python3.11/site-packages/requests/sessions.py:487: in prepare_request
    p.prepare(
/root/.venv/lib/python3.11/site-packages/requests/models.py:369: in prepare
    self.prepare_url(url, params)
/root/.venv/lib/python3.11/site-packages/requests/models.py:440: in prepare_url
    raise MissingSchema(
E   requests.exceptions.MissingSchema: Invalid URL '/api/auth/login': No scheme supplied. Perhaps you meant https:///api/auth/login?</error></testcase><testcase classname="tests.test_translate_section_api.TestTranslateSectionEndpoint" name="test_supported_languages_list" time="0.004"><failure message="requests.exceptions.MissingSchema: Invalid URL '/api/languages': No scheme supplied. Perhaps you meant https:///api/languages?">tests/test_translate_section_api.py:266: in test_supported_languages_list
    response = requests.get(f"{BASE_URL}/api/languages", timeout=30)
               ^^^^^^^^^^^^^^^^^^^^^^^^^^^^^^^^^^^^^^^^^^^^^^^^^^^^^
/root/.venv/lib/python3.11/site-packages/requests/api.py:73: in get
    return request("get", url, params=params, **kwargs)
           ^^^^^^^^^^^^^^^^^^^^^^^^^^^^^^^^^^^^^^^^^^^^
/root/.venv/lib/python3.11/site-packages/requests/api.py:59: in request
    return session.request(method=method, url=url, **kwargs)
           ^^^^^^^^^^^^^^^^^^^^^^^^^^^^^^^^^^^^^^^^^^^^^^^^^
/root/.venv/lib/python3.11/site-packages/requests/sessions.py:578: in request
    prep = self.prepare_request(req)
           ^^^^^^^^^^^^^^^^^^^^^^^^^
/root/.venv/lib/python3.11/site-packages/requests/sessions.py:487: in prepare_request
    p.prepare(
/root/.venv/lib/python3.11/site-packages/requests/models.py:369: in prepare
    self.prepare_url(url, params)
/root/.venv/lib/python3.11/site-packages/requests/models.py:440: in prepare_url
    raise MissingSchema(
E   requests.exceptions.MissingSchema: Invalid URL '/api/languages': No scheme supplied. Perhaps you meant https:///api/languages?</failure></testcase></testsuite></testsuites>