<?xml version="1.0" encoding="utf-8"?><testsuites name="pytest tests"><testsuite name="pytest" errors="0" failures="0" skipped="0" tests="12" time="13.538" timestamp="2026-04-10T10:36:05.378015+00:00" hostname="agent-env-5cef9b74-84d9-4cf7-aca4-abcd3467b71f"><testcase classname="backend.tests.test_iteration179_auth_flow.TestAuthEmailPassword" name="test_login_success_returns_session_token" time="0.268" /><testcase classname="backend.tests.test_iteration179_auth_flow.TestAuthEmailPassword" name="test_login_invalid_credentials_returns_401" time="0.146" /><testcase classname="backend.tests.test_iteration179_auth_flow.TestAuthEmailPassword" name="test_login_wrong_password_returns_401" time="0.145" /><testcase classname="backend.tests.test_iteration179_auth_flow.TestAuthMe" name="test_auth_me_with_valid_token" time="0.241" /><testcase classname="backend.tests.test_iteration179_auth_flow.TestAuthMe" name="test_auth_me_without_token_returns_401" time="0.097" /><testcase classname="backend.tests.test_iteration179_auth_flow.TestAuthMe" name="test_auth_me_with_invalid_token_returns_401" time="0.147" /><testcase classname="backend.tests.test_iteration179_auth_flow.TestAuthSessionEndpoint" name="test_session_without_session_id_returns_400" time="0.140" /><testcase classname="backend.tests.test_iteration179_auth_flow.TestAuthSessionEndpoint" name="test_session_with_invalid_session_id_returns_error" time="11.595" /><testcase classname="backend.tests.test_iteration179_auth_flow.TestProtectedRoutes" name="test_cases_endpoint_requires_auth" time="0.187" /><testcase classname="backend.tests.test_iteration179_auth_flow.TestProtectedRoutes" name="test_cases_endpoint_with_valid_auth" time="0.290" /><testcase classname="backend.tests.test_iteration179_auth_flow.TestHealthEndpoints" name="test_health_endpoint" time="0.109" /><testcase classname="backend.tests.test_iteration179_auth_flow.TestHealthEndpoints" name="test_ready_endpoint" time="0.106" /></testsuite></testsuites>