<?xml version="1.0" encoding="utf-8"?><testsuites name="pytest tests"><testsuite name="pytest" errors="0" failures="0" skipped="0" tests="6" time="1.404" timestamp="2026-03-29T01:24:20.786193+00:00" hostname="agent-env-5cef9b74-84d9-4cf7-aca4-abcd3467b71f"><testcase classname="backend.tests.test_iteration107_paywall_autodetect.TestGroundsPaywallAndAutoDetection" name="test_01_health_check" time="0.252" /><testcase classname="backend.tests.test_iteration107_paywall_autodetect.TestGroundsPaywallAndAutoDetection" name="test_02_karlsson_case_metadata_auto_detected" time="0.199" /><testcase classname="backend.tests.test_iteration107_paywall_autodetect.TestGroundsPaywallAndAutoDetection" name="test_03_grounds_paywall_returns_locked_response" time="0.191" /><testcase classname="backend.tests.test_iteration107_paywall_autodetect.TestGroundsPaywallAndAutoDetection" name="test_04_bundle_export_still_works" time="0.273" /><testcase classname="backend.tests.test_iteration107_paywall_autodetect.TestGroundsPaywallAndAutoDetection" name="test_05_verify_no_admin_bypass_in_grounds" time="0.207" /><testcase classname="backend.tests.test_iteration107_paywall_autodetect.TestOffenceCategoriesEndpoint" name="test_offence_categories_available" time="0.205" /></testsuite></testsuites>