<?xml version="1.0" encoding="utf-8"?><testsuites name="pytest tests"><testsuite name="pytest" errors="0" failures="0" skipped="0" tests="11" time="1.263" timestamp="2026-03-28T12:58:37.498269+00:00" hostname="agent-env-a8d48533-c7f2-4321-8098-10307a366a65"><testcase classname="backend.tests.test_iteration99_sentence_wording.TestSentenceNormalizationLogic" name="test_comma_removal_pattern" time="0.000" /><testcase classname="backend.tests.test_iteration99_sentence_wording.TestSentenceNormalizationLogic" name="test_for_offence_removal_pattern" time="0.000" /><testcase classname="backend.tests.test_iteration99_sentence_wording.TestSentenceNormalizationLogic" name="test_minimum_npp_normalization" time="0.000" /><testcase classname="backend.tests.test_iteration99_sentence_wording.TestReportSentenceWording" name="test_quick_summary_report_sentence" time="0.137" /><testcase classname="backend.tests.test_iteration99_sentence_wording.TestReportSentenceWording" name="test_full_detailed_report_sentence" time="0.103" /><testcase classname="backend.tests.test_iteration99_sentence_wording.TestReportSentenceWording" name="test_extensive_log_report_sentence" time="0.112" /><testcase classname="backend.tests.test_iteration99_sentence_wording.TestReportSentenceWording" name="test_barrister_view_report_sentence" time="0.104" /><testcase classname="backend.tests.test_iteration99_sentence_wording.TestCaseData" name="test_case_exists" time="0.107" /><testcase classname="backend.tests.test_iteration99_sentence_wording.TestCaseData" name="test_all_reports_exist" time="0.164" /><testcase classname="backend.tests.test_iteration99_sentence_wording.TestExportEndpoints" name="test_pdf_export_endpoint_accessible" time="0.217" /><testcase classname="backend.tests.test_iteration99_sentence_wording.TestExportEndpoints" name="test_docx_export_endpoint_accessible" time="0.248" /></testsuite></testsuites>