<?xml version="1.0" encoding="utf-8"?><testsuites name="pytest tests"><testsuite name="pytest" errors="0" failures="0" skipped="0" tests="10" time="9.854" timestamp="2026-03-14T05:26:16.496314+00:00" hostname="agent-env-48cedb9d-1128-4771-965b-835589d3339a"><testcase classname="backend.tests.test_delete_alertdialog.TestDeleteAndProgressAPI" name="test_login_with_test_credentials" time="0.261" /><testcase classname="backend.tests.test_delete_alertdialog.TestDeleteAndProgressAPI" name="test_delete_case_requires_auth" time="0.107" /><testcase classname="backend.tests.test_delete_alertdialog.TestDeleteAndProgressAPI" name="test_delete_case_full_flow" time="0.368" /><testcase classname="backend.tests.test_delete_alertdialog.TestDeleteAndProgressAPI" name="test_delete_nonexistent_case" time="0.220" /><testcase classname="backend.tests.test_delete_alertdialog.TestDeleteAndProgressAPI" name="test_delete_report_requires_auth" time="0.170" /><testcase classname="backend.tests.test_delete_alertdialog.TestDeleteAndProgressAPI" name="test_delete_report_nonexistent" time="0.308" /><testcase classname="backend.tests.test_delete_alertdialog.TestDeleteAndProgressAPI" name="test_progress_analysis_requires_auth" time="1.315" /><testcase classname="backend.tests.test_delete_alertdialog.TestDeleteAndProgressAPI" name="test_progress_analysis_nonexistent_case" time="0.207" /><testcase classname="backend.tests.test_delete_alertdialog.TestDeleteAndProgressAPI" name="test_progress_analysis_endpoint_exists" time="6.641" /><testcase classname="backend.tests.test_delete_alertdialog.TestDeleteAndProgressAPI" name="test_cleanup_test_cases" time="0.195" /></testsuite></testsuites>