<?xml version="1.0" encoding="utf-8"?><testsuites name="pytest tests"><testsuite name="pytest" errors="0" failures="0" skipped="0" tests="13" time="3.162" timestamp="2026-03-30T19:53:59.647391+00:00" hostname="agent-env-5cef9b74-84d9-4cf7-aca4-abcd3467b71f"><testcase classname="backend.tests.test_iteration136_caselaw.TestCaseLawEndpoints" name="test_health_endpoint" time="0.218" /><testcase classname="backend.tests.test_iteration136_caselaw.TestCaseLawEndpoints" name="test_caselaw_databases_endpoint_no_state" time="0.214" /><testcase classname="backend.tests.test_iteration136_caselaw.TestCaseLawEndpoints" name="test_caselaw_databases_endpoint_with_nsw_state" time="0.212" /><testcase classname="backend.tests.test_iteration136_caselaw.TestCaseLawEndpoints" name="test_caselaw_databases_endpoint_with_qld_state" time="0.296" /><testcase classname="backend.tests.test_iteration136_caselaw.TestCaseLawEndpoints" name="test_case_caselaw_search_endpoint" time="0.241" /><testcase classname="backend.tests.test_iteration136_caselaw.TestCaseLawEndpoints" name="test_case_caselaw_search_with_custom_query" time="0.216" /><testcase classname="backend.tests.test_iteration136_caselaw.TestCaseLawEndpoints" name="test_nsw_case_has_nsw_databases" time="0.201" /><testcase classname="backend.tests.test_iteration136_caselaw.TestCaseLawEndpoints" name="test_search_links_have_valid_urls" time="0.290" /><testcase classname="backend.tests.test_iteration136_caselaw.TestCaseLawEndpoints" name="test_databases_have_required_fields" time="0.191" /><testcase classname="backend.tests.test_iteration136_caselaw.TestCaseLawEndpoints" name="test_case_not_found_returns_404" time="0.202" /><testcase classname="backend.tests.test_iteration136_caselaw.TestCaseLawGroundEndpoint" name="test_ground_caselaw_endpoint_exists" time="0.254" /><testcase classname="backend.tests.test_iteration136_caselaw.TestCaseLawServiceLogic" name="test_all_states_have_databases" time="0.248" /><testcase classname="backend.tests.test_iteration136_caselaw.TestCaseLawServiceLogic" name="test_search_template_urls_are_valid" time="0.290" /></testsuite></testsuites>