<?xml version="1.0" encoding="utf-8"?><testsuites name="pytest tests"><testsuite name="pytest" errors="0" failures="1" skipped="0" tests="31" time="0.733" timestamp="2026-03-21T15:13:18.389119+00:00" hostname="agent-env-e929d602-debd-46b5-839f-bf5e903c0c04"><testcase classname="backend.tests.test_iteration75_all_reports.TestAllReportsExist" name="test_reports_list_returns_6_reports" time="0.232" /><testcase classname="backend.tests.test_iteration75_all_reports.TestAllReportsExist" name="test_quick_summary_standard_exists" time="0.364" /><testcase classname="backend.tests.test_iteration75_all_reports.TestAllReportsExist" name="test_quick_summary_aggressive_exists" time="0.000" /><testcase classname="backend.tests.test_iteration75_all_reports.TestAllReportsExist" name="test_full_detailed_standard_exists" time="0.000" /><testcase classname="backend.tests.test_iteration75_all_reports.TestAllReportsExist" name="test_full_detailed_aggressive_exists" time="0.000" /><testcase classname="backend.tests.test_iteration75_all_reports.TestAllReportsExist" name="test_extensive_log_standard_exists" time="0.000" /><testcase classname="backend.tests.test_iteration75_all_reports.TestAllReportsExist" name="test_extensive_log_aggressive_exists" time="0.000" /><testcase classname="backend.tests.test_iteration75_all_reports.TestWordCounts" name="test_quick_summary_standard_word_count" time="0.000" /><testcase classname="backend.tests.test_iteration75_all_reports.TestWordCounts" name="test_quick_summary_aggressive_word_count" time="0.000" /><testcase classname="backend.tests.test_iteration75_all_reports.TestWordCounts" name="test_full_detailed_standard_word_count" time="0.000" /><testcase classname="backend.tests.test_iteration75_all_reports.TestWordCounts" name="test_full_detailed_aggressive_word_count" time="0.000" /><testcase classname="backend.tests.test_iteration75_all_reports.TestWordCounts" name="test_extensive_log_standard_word_count" time="0.001" /><testcase classname="backend.tests.test_iteration75_all_reports.TestWordCounts" name="test_extensive_log_aggressive_word_count" time="0.001" /><testcase classname="backend.tests.test_iteration75_all_reports.TestSectionCounts" name="test_quick_summary_standard_sections" time="0.000" /><testcase classname="backend.tests.test_iteration75_all_reports.TestSectionCounts" name="test_quick_summary_aggressive_sections" time="0.000" /><testcase classname="backend.tests.test_iteration75_all_reports.TestSectionCounts" name="test_full_detailed_standard_sections" time="0.000" /><testcase classname="backend.tests.test_iteration75_all_reports.TestSectionCounts" name="test_full_detailed_aggressive_sections" time="0.000" /><testcase classname="backend.tests.test_iteration75_all_reports.TestSectionCounts" name="test_extensive_log_standard_sections" time="0.001" /><testcase classname="backend.tests.test_iteration75_all_reports.TestSectionCounts" name="test_extensive_log_aggressive_sections" time="0.001" /><testcase classname="backend.tests.test_iteration75_all_reports.TestNoAIPlaceholders" name="test_quick_summary_standard_no_placeholders" time="0.001" /><testcase classname="backend.tests.test_iteration75_all_reports.TestNoAIPlaceholders" name="test_quick_summary_aggressive_no_placeholders" time="0.000" /><testcase classname="backend.tests.test_iteration75_all_reports.TestNoAIPlaceholders" name="test_full_detailed_standard_no_placeholders" time="0.001" /><testcase classname="backend.tests.test_iteration75_all_reports.TestNoAIPlaceholders" name="test_full_detailed_aggressive_no_placeholders" time="0.001" /><testcase classname="backend.tests.test_iteration75_all_reports.TestNoAIPlaceholders" name="test_extensive_log_standard_no_placeholders" time="0.001" /><testcase classname="backend.tests.test_iteration75_all_reports.TestNoAIPlaceholders" name="test_extensive_log_aggressive_no_placeholders" time="0.001" /><testcase classname="backend.tests.test_iteration75_all_reports.TestContentHierarchy" name="test_full_detailed_not_repeating_quick_summary_standard" time="0.003" /><testcase classname="backend.tests.test_iteration75_all_reports.TestContentHierarchy" name="test_extensive_log_not_repeating_full_detailed_standard" time="0.007" /><testcase classname="backend.tests.test_iteration75_all_reports.TestContentHierarchy" name="test_full_detailed_aggressive_not_repeating_quick_summary_aggressive" time="0.004"><failure message="AssertionError: Overlap 13.8% &gt;= 10% - too much repetition&#10;assert 13.75818939845146 &lt; 10">backend/tests/test_iteration75_all_reports.py:476: in test_full_detailed_aggressive_not_repeating_quick_summary_aggressive
    assert overlap_pct &lt; 10, f"Overlap {overlap_pct:.1f}% &gt;= 10% - too much repetition"
E   AssertionError: Overlap 13.8% &gt;= 10% - too much repetition
E   assert 13.75818939845146 &lt; 10</failure></testcase><testcase classname="backend.tests.test_iteration75_all_reports.TestContentHierarchy" name="test_extensive_log_aggressive_not_repeating_full_detailed_aggressive" time="0.007" /><testcase classname="backend.tests.test_iteration75_all_reports.TestAggressiveModeFlag" name="test_standard_reports_not_aggressive" time="0.000" /><testcase classname="backend.tests.test_iteration75_all_reports.TestAggressiveModeFlag" name="test_aggressive_reports_have_flag" time="0.000" /></testsuite></testsuites>