<?xml version="1.0" encoding="utf-8"?><testsuites name="pytest tests"><testsuite name="pytest" errors="0" failures="0" skipped="0" tests="7" time="2.847" timestamp="2026-03-29T01:01:45.425750+00:00" hostname="agent-env-5cef9b74-84d9-4cf7-aca4-abcd3467b71f"><testcase classname="backend.tests.test_iteration106_auto_detection.TestAutoDetection" name="test_01_health_check" time="0.263" /><testcase classname="backend.tests.test_iteration106_auto_detection.TestAutoDetection" name="test_02_reset_case_metadata" time="0.150" /><testcase classname="backend.tests.test_iteration106_auto_detection.TestAutoDetection" name="test_03_extract_all_text_with_auto_detection" time="1.766" /><testcase classname="backend.tests.test_iteration106_auto_detection.TestAutoDetection" name="test_04_verify_case_updated_after_detection" time="0.051" /><testcase classname="backend.tests.test_iteration106_auto_detection.TestBundleExport" name="test_bundle_export_returns_pdf" time="0.312" /><testcase classname="backend.tests.test_iteration106_auto_detection.TestCaseDetails" name="test_get_karlsson_case" time="0.186" /><testcase classname="backend.tests.test_iteration106_auto_detection.TestCaseDetails" name="test_get_dummy_murder_case" time="0.055" /></testsuite></testsuites>