<?xml version="1.0" encoding="utf-8"?><testsuites name="pytest tests"><testsuite name="pytest" errors="0" failures="0" skipped="0" tests="8" time="2.616" timestamp="2026-04-08T14:05:21.062936+00:00" hostname="agent-env-5cef9b74-84d9-4cf7-aca4-abcd3467b71f"><testcase classname="backend.tests.test_iteration159_features.TestHealthAndAuth" name="test_health_endpoint" time="0.219" /><testcase classname="backend.tests.test_iteration159_features.TestHealthAndAuth" name="test_login_with_credentials" time="0.164" /><testcase classname="backend.tests.test_iteration159_features.TestGroundsReorder" name="test_get_grounds_returns_sorted_by_priority" time="0.270" /><testcase classname="backend.tests.test_iteration159_features.TestGroundsReorder" name="test_reorder_grounds_endpoint_exists" time="0.456" /><testcase classname="backend.tests.test_iteration159_features.TestGroundsReorder" name="test_reorder_persists_priority_order" time="0.532" /><testcase classname="backend.tests.test_iteration159_features.TestGroundsReorder" name="test_reorder_with_empty_list_fails" time="0.277" /><testcase classname="backend.tests.test_iteration159_features.TestGroundsReorder" name="test_reorder_with_invalid_ground_id_fails" time="0.237" /><testcase classname="backend.tests.test_iteration159_features.TestGroundsEndpointSorting" name="test_grounds_sorted_by_priority_then_strength" time="0.372" /></testsuite></testsuites>