<?xml version="1.0" encoding="utf-8"?><testsuites name="pytest tests"><testsuite name="pytest" errors="0" failures="0" skipped="0" tests="9" time="1.941" timestamp="2026-03-28T10:22:35.905749+00:00" hostname="agent-env-a8d48533-c7f2-4321-8098-10307a366a65"><testcase classname="backend.tests.test_iteration96_exports.TestHealthCheck" name="test_api_health" time="0.224" /><testcase classname="backend.tests.test_iteration96_exports.TestReportExports" name="test_export_report_pdf" time="0.517" /><testcase classname="backend.tests.test_iteration96_exports.TestReportExports" name="test_export_report_docx" time="0.466" /><testcase classname="backend.tests.test_iteration96_exports.TestReportExports" name="test_export_barrister_pdf" time="0.230" /><testcase classname="backend.tests.test_iteration96_exports.TestReportExports" name="test_export_barrister_docx" time="0.186" /><testcase classname="backend.tests.test_iteration96_exports.TestBarristerView" name="test_get_barrister_view" time="0.059" /><testcase classname="backend.tests.test_iteration96_exports.TestReportStatus" name="test_get_report_status" time="0.052" /><testcase classname="backend.tests.test_iteration96_exports.TestCaseReports" name="test_get_case_reports" time="0.086" /><testcase classname="backend.tests.test_iteration96_exports.TestCaseData" name="test_get_case_data" time="0.052" /></testsuite></testsuites>