<?xml version="1.0" encoding="utf-8"?><testsuites name="pytest tests"><testsuite name="pytest" errors="0" failures="0" skipped="0" tests="15" time="0.243" timestamp="2026-03-26T11:32:00.554421+00:00" hostname="agent-env-423b1610-ec89-4cb0-bc40-beeee12abe19"><testcase classname="backend.tests.test_iteration86_features.TestHealthCheck" name="test_health_endpoint_returns_healthy" time="0.144" /><testcase classname="backend.tests.test_iteration86_features.TestReportTypes" name="test_report_types_in_frontend_code" time="0.003" /><testcase classname="backend.tests.test_iteration86_features.TestReportTypes" name="test_barrister_view_option_exists" time="0.003" /><testcase classname="backend.tests.test_iteration86_features.TestReportTypes" name="test_barrister_view_locked_logic" time="0.003" /><testcase classname="backend.tests.test_iteration86_features.TestDocumentsSection" name="test_no_extract_text_button" time="0.003" /><testcase classname="backend.tests.test_iteration86_features.TestDocumentsSection" name="test_no_ocr_scan_button" time="0.002" /><testcase classname="backend.tests.test_iteration86_features.TestDocumentsSection" name="test_upload_document_button_exists" time="0.002" /><testcase classname="backend.tests.test_iteration86_features.TestStrengthRatingColours" name="test_strong_rating_red_colour" time="0.005" /><testcase classname="backend.tests.test_iteration86_features.TestStrengthRatingColours" name="test_moderate_rating_blue_colour" time="0.005" /><testcase classname="backend.tests.test_iteration86_features.TestGeneratingIndicator" name="test_generating_indicator_has_blue_header" time="0.003" /><testcase classname="backend.tests.test_iteration86_features.TestGeneratingIndicator" name="test_generating_indicator_has_progress_steps" time="0.003" /><testcase classname="backend.tests.test_iteration86_features.TestGeneratingIndicator" name="test_generating_indicator_has_elapsed_time" time="0.003" /><testcase classname="backend.tests.test_iteration86_features.TestDeleteConfirmationDialogs" name="test_delete_report_confirmation_dialog" time="0.003" /><testcase classname="backend.tests.test_iteration86_features.TestDeleteConfirmationDialogs" name="test_delete_event_confirmation_in_casedetail" time="0.002" /><testcase classname="backend.tests.test_iteration86_features.TestDeleteConfirmationDialogs" name="test_delete_ground_confirmation_in_casedetail" time="0.002" /></testsuite></testsuites>