<?xml version="1.0" encoding="utf-8"?><testsuites name="pytest tests"><testsuite name="pytest" errors="0" failures="0" skipped="0" tests="12" time="1.556" timestamp="2026-04-18T08:30:31.180525+00:00" hostname="agent-env-5cef9b74-84d9-4cf7-aca4-abcd3467b71f"><testcase classname="tests.test_export_endpoints_iteration201.TestHealthEndpoint" name="test_health_returns_200" time="0.276" /><testcase classname="tests.test_export_endpoints_iteration201.TestReportPDFExport" name="test_export_pdf_returns_valid_pdf" time="0.215" /><testcase classname="tests.test_export_endpoints_iteration201.TestReportPDFExport" name="test_pdf_page_count_not_doubled" time="0.139" /><testcase classname="tests.test_export_endpoints_iteration201.TestReportPDFExport" name="test_pdf_footer_format" time="0.145" /><testcase classname="tests.test_export_endpoints_iteration201.TestReportDOCXExport" name="test_export_docx_returns_valid_docx" time="0.193" /><testcase classname="tests.test_export_endpoints_iteration201.TestReportDOCXExport" name="test_docx_font_sizes" time="0.187" /><testcase classname="tests.test_export_endpoints_iteration201.TestTimelinePDFExport" name="test_timeline_export_pdf" time="0.060" /><testcase classname="tests.test_export_endpoints_iteration201.TestBarristerQuickBrief" name="test_quick_brief_export" time="0.055" /><testcase classname="tests.test_export_endpoints_iteration201.TestBarristerPackExport" name="test_barrister_pack_generate" time="0.109" /><testcase classname="tests.test_export_endpoints_iteration201.TestBarristerViewExports" name="test_barrister_view_export_pdf" time="0.057" /><testcase classname="tests.test_export_endpoints_iteration201.TestBarristerViewExports" name="test_barrister_view_export_docx" time="0.047" /><testcase classname="tests.test_export_endpoints_iteration201.TestFooterLabelFormat" name="test_footer_label_format_in_code" time="0.002" /></testsuite></testsuites>