<?xml version="1.0" encoding="utf-8"?><testsuites name="pytest tests"><testsuite name="pytest" errors="0" failures="0" skipped="0" tests="12" time="11.510" timestamp="2026-04-11T05:43:49.484448+00:00" hostname="agent-env-5cef9b74-84d9-4cf7-aca4-abcd3467b71f"><testcase classname="backend.tests.test_iteration185_bug_fixes.TestAuth" name="test_login_success" time="0.219" /><testcase classname="backend.tests.test_iteration185_bug_fixes.TestCreatedAtFix" name="test_grounds_list_no_keyerror" time="0.265" /><testcase classname="backend.tests.test_iteration185_bug_fixes.TestCreatedAtFix" name="test_grounds_auto_identify_status" time="0.116" /><testcase classname="backend.tests.test_iteration185_bug_fixes.TestCreatedAtFix" name="test_grounds_auto_identify_endpoint" time="0.103" /><testcase classname="backend.tests.test_iteration185_bug_fixes.TestCreatedAtFix" name="test_pipeline_summary" time="1.244" /><testcase classname="backend.tests.test_iteration185_bug_fixes.TestGroundsInvestigate" name="test_get_grounds_for_investigation" time="0.287" /><testcase classname="backend.tests.test_iteration185_bug_fixes.TestGroundsInvestigate" name="test_investigate_ground" time="8.158" /><testcase classname="backend.tests.test_iteration185_bug_fixes.TestTimelineOrdering" name="test_timeline_events_sorted_chronologically" time="0.302" /><testcase classname="backend.tests.test_iteration185_bug_fixes.TestCaseDetailPage" name="test_case_detail_loads" time="0.239" /><testcase classname="backend.tests.test_iteration185_bug_fixes.TestCaseDetailPage" name="test_case_documents_load" time="0.108" /><testcase classname="backend.tests.test_iteration185_bug_fixes.TestCaseDetailPage" name="test_case_reports_load" time="0.149" /><testcase classname="backend.tests.test_iteration185_bug_fixes.TestDashboard" name="test_cases_list_loads" time="0.248" /></testsuite></testsuites>