<?xml version="1.0" encoding="utf-8"?><testsuites name="pytest tests"><testsuite name="pytest" errors="0" failures="0" skipped="0" tests="15" time="71.562" timestamp="2026-03-14T05:37:31.416047+00:00" hostname="agent-env-48cedb9d-1128-4771-965b-835589d3339a"><testcase classname="backend.tests.test_iteration58_apis.TestBackendAPIs" name="test_delete_case_requires_auth" time="0.181" /><testcase classname="backend.tests.test_iteration58_apis.TestBackendAPIs" name="test_delete_case_creates_and_deletes" time="0.347" /><testcase classname="backend.tests.test_iteration58_apis.TestBackendAPIs" name="test_delete_case_nonexistent_returns_404" time="0.196" /><testcase classname="backend.tests.test_iteration58_apis.TestBackendAPIs" name="test_delete_report_requires_auth" time="0.106" /><testcase classname="backend.tests.test_iteration58_apis.TestBackendAPIs" name="test_delete_report_nonexistent_returns_404" time="0.183" /><testcase classname="backend.tests.test_iteration58_apis.TestBackendAPIs" name="test_progress_analysis_requires_auth" time="1.353" /><testcase classname="backend.tests.test_iteration58_apis.TestBackendAPIs" name="test_progress_analysis_nonexistent_case_404" time="36.797" /><testcase classname="backend.tests.test_iteration58_apis.TestBackendAPIs" name="test_progress_analysis_endpoint_exists" time="6.804" /><testcase classname="backend.tests.test_iteration58_apis.TestBackendAPIs" name="test_auto_identify_grounds_requires_auth" time="0.128" /><testcase classname="backend.tests.test_iteration58_apis.TestBackendAPIs" name="test_auto_identify_grounds_nonexistent_case_404" time="0.180" /><testcase classname="backend.tests.test_iteration58_apis.TestBackendAPIs" name="test_auto_identify_grounds_endpoint_exists" time="3.237" /><testcase classname="backend.tests.test_iteration58_apis.TestBackendAPIs" name="test_investigate_ground_requires_auth" time="0.105" /><testcase classname="backend.tests.test_iteration58_apis.TestBackendAPIs" name="test_investigate_ground_nonexistent_returns_404" time="0.197" /><testcase classname="backend.tests.test_iteration58_apis.TestBackendAPIs" name="test_investigate_ground_endpoint_exists" time="21.359" /><testcase classname="backend.tests.test_iteration58_apis.TestBackendAPIs" name="test_create_ground_manually" time="0.322" /></testsuite></testsuites>