<?xml version="1.0" encoding="utf-8"?><testsuites name="pytest tests"><testsuite name="pytest" errors="0" failures="0" skipped="0" tests="14" time="3.180" timestamp="2026-03-31T10:02:33.189481+00:00" hostname="agent-env-5cef9b74-84d9-4cf7-aca4-abcd3467b71f"><testcase classname="backend.tests.test_iteration138_ui_bugfixes.TestHealthAndAuth" name="test_health_endpoint" time="0.201" /><testcase classname="backend.tests.test_iteration138_ui_bugfixes.TestHealthAndAuth" name="test_login_returns_session_token" time="0.131" /><testcase classname="backend.tests.test_iteration138_ui_bugfixes.TestHealthAndAuth" name="test_auth_me_with_bearer_token" time="0.233" /><testcase classname="backend.tests.test_iteration138_ui_bugfixes.TestCaseEndpoints" name="test_get_case_details" time="0.231" /><testcase classname="backend.tests.test_iteration138_ui_bugfixes.TestCaseEndpoints" name="test_get_case_documents" time="0.274" /><testcase classname="backend.tests.test_iteration138_ui_bugfixes.TestCaseEndpoints" name="test_get_case_timeline" time="0.220" /><testcase classname="backend.tests.test_iteration138_ui_bugfixes.TestCaseEndpoints" name="test_get_case_grounds" time="0.241" /><testcase classname="backend.tests.test_iteration138_ui_bugfixes.TestCaseEndpoints" name="test_get_case_notes" time="0.220" /><testcase classname="backend.tests.test_iteration138_ui_bugfixes.TestCaseEndpoints" name="test_get_case_reports" time="0.232" /><testcase classname="backend.tests.test_iteration138_ui_bugfixes.TestSimilarCasesPlaceholder" name="test_no_case_name_placeholder_in_grounds" time="0.230" /><testcase classname="backend.tests.test_iteration138_ui_bugfixes.TestVerifyBatchEndpoint" name="test_verify_top_3_issues" time="0.235" /><testcase classname="backend.tests.test_iteration138_ui_bugfixes.TestVerifyBatchEndpoint" name="test_verify_top_6_issues" time="0.227" /><testcase classname="backend.tests.test_iteration138_ui_bugfixes.TestReportStatus" name="test_reports_have_valid_status" time="0.230" /><testcase classname="backend.tests.test_iteration138_ui_bugfixes.TestCaseLawDatabases" name="test_caselaw_databases_endpoint" time="0.220" /></testsuite></testsuites>