<?xml version="1.0" encoding="utf-8"?><testsuites name="pytest tests"><testsuite name="pytest" errors="0" failures="1" skipped="0" tests="11" time="1.106" timestamp="2026-03-29T01:37:05.812159+00:00" hostname="agent-env-5cef9b74-84d9-4cf7-aca4-abcd3467b71f"><testcase classname="backend.tests.test_iteration108_auto_generate.TestAutoGenerateFeatures" name="test_health_check" time="0.321" /><testcase classname="backend.tests.test_iteration108_auto_generate.TestAutoGenerateFeatures" name="test_case_has_summary_field" time="0.055" /><testcase classname="backend.tests.test_iteration108_auto_generate.TestAutoGenerateFeatures" name="test_timeline_events_exist" time="0.052" /><testcase classname="backend.tests.test_iteration108_auto_generate.TestAutoGenerateFeatures" name="test_timeline_events_have_ai_generated_source" time="0.054" /><testcase classname="backend.tests.test_iteration108_auto_generate.TestAutoGenerateFeatures" name="test_investigate_endpoint_exists" time="0.053" /><testcase classname="backend.tests.test_iteration108_auto_generate.TestAutoGenerateFeatures" name="test_investigate_ground_returns_deep_analysis" time="0.053" /><testcase classname="backend.tests.test_iteration108_auto_generate.TestAutoGenerateFeatures" name="test_ground_has_deep_analysis_structure" time="0.052" /><testcase classname="backend.tests.test_iteration108_auto_generate.TestAutoGenerateFeatures" name="test_documents_exist_for_case" time="0.069" /><testcase classname="backend.tests.test_iteration108_auto_generate.TestAutoGenerateFeatures" name="test_offence_categories_endpoint" time="0.049"><failure message="AssertionError: Should return list of categories&#10;assert False&#10; +  where False = isinstance({'categories': [{'description': 'Murder, manslaughter, and related offences', 'id': 'homicide', 'name': 'Homicide', 'offences': ['Murder', 'Manslaughter', 'Attempted Murder', 'Dangerous Driving Causing Death', 'Infanticide', 'Aiding Suicide']}, {'description': 'Assault, grievous bodily harm, and violent offences', 'id': 'assault', 'name': 'Assault &amp; Violence', 'offences': ['Common Assault', 'Assault Occasioning ABH', 'Assault Occasioning GBH', 'Wounding', 'Affray', 'Intimidation', ...]}, {'description': 'Sexual assault and related offences', 'id': 'sexual_offences', 'name': 'Sexual Offences', 'offences': ['Sexual Assault', 'Aggravated Sexual Assault', 'Sexual Touching', 'Indecent Assault', 'Child Sexual Offences', 'Rape', ...]}, {'description': 'Robbery, theft, stealing, and property offences', 'id': 'robbery_theft', 'name': 'Robbery &amp; Theft', 'offences': ['Armed Robbery', 'Robbery', 'Theft', 'Stealing', 'Receiving Stolen Property', 'Break and Enter', ...]}, {'description': 'Drug possession, supply, and trafficking', 'id': 'drug_offences', 'name': 'Drug Offences', 'offences': ['Drug Possession', 'Drug Supply', 'Drug Trafficking', 'Drug Importation', 'Drug Manufacturing', 'Cultivating Cannabis', ...]}, {'description': 'Fraud, forgery, and dishonesty offences', 'id': 'fraud_dishonesty', 'name': 'Fraud &amp; Dishonesty', 'offences': ['Fraud', 'Forgery', 'Identity Theft', 'Money Laundering', 'Obtaining by Deception', 'Dishonestly Obtaining Financial Advantage', ...]}, ...]}, list)">backend/tests/test_iteration108_auto_generate.py:198: in test_offence_categories_endpoint
    assert isinstance(categories, list), "Should return list of categories"
E   AssertionError: Should return list of categories
E   assert False
E    +  where False = isinstance({'categories': [{'description': 'Murder, manslaughter, and related offences', 'id': 'homicide', 'name': 'Homicide', 'offences': ['Murder', 'Manslaughter', 'Attempted Murder', 'Dangerous Driving Causing Death', 'Infanticide', 'Aiding Suicide']}, {'description': 'Assault, grievous bodily harm, and violent offences', 'id': 'assault', 'name': 'Assault &amp; Violence', 'offences': ['Common Assault', 'Assault Occasioning ABH', 'Assault Occasioning GBH', 'Wounding', 'Affray', 'Intimidation', ...]}, {'description': 'Sexual assault and related offences', 'id': 'sexual_offences', 'name': 'Sexual Offences', 'offences': ['Sexual Assault', 'Aggravated Sexual Assault', 'Sexual Touching', 'Indecent Assault', 'Child Sexual Offences', 'Rape', ...]}, {'description': 'Robbery, theft, stealing, and property offences', 'id': 'robbery_theft', 'name': 'Robbery &amp; Theft', 'offences': ['Armed Robbery', 'Robbery', 'Theft', 'Stealing', 'Receiving Stolen Property', 'Break and Enter', ...]}, {'description': 'Drug possession, supply, and trafficking', 'id': 'drug_offences', 'name': 'Drug Offences', 'offences': ['Drug Possession', 'Drug Supply', 'Drug Trafficking', 'Drug Importation', 'Drug Manufacturing', 'Cultivating Cannabis', ...]}, {'description': 'Fraud, forgery, and dishonesty offences', 'id': 'fraud_dishonesty', 'name': 'Fraud &amp; Dishonesty', 'offences': ['Fraud', 'Forgery', 'Identity Theft', 'Money Laundering', 'Obtaining by Deception', 'Dishonestly Obtaining Financial Advantage', ...]}, ...]}, list)</failure></testcase><testcase classname="backend.tests.test_iteration108_auto_generate.TestDocumentUploadTrigger" name="test_upload_document_endpoint_exists" time="0.214" /><testcase classname="backend.tests.test_iteration108_auto_generate.TestDocumentUploadTrigger" name="test_case_metadata_auto_detected" time="0.051" /></testsuite></testsuites>