<?xml version="1.0" encoding="utf-8"?><testsuites name="pytest tests"><testsuite name="pytest" errors="0" failures="0" skipped="0" tests="14" time="2.363" timestamp="2026-04-11T10:08:42.855792+00:00" hostname="agent-env-5cef9b74-84d9-4cf7-aca4-abcd3467b71f"><testcase classname="tests.test_iteration189_stripe_removal.TestStripeRemoval" name="test_stripe_checkout_returns_404" time="0.160" /><testcase classname="tests.test_iteration189_stripe_removal.TestPayIDPaymentFlow" name="test_payid_create_reference_requires_auth" time="0.109" /><testcase classname="tests.test_iteration189_stripe_removal.TestPayIDPaymentFlow" name="test_payid_create_reference_with_auth" time="0.261" /><testcase classname="tests.test_iteration189_stripe_removal.TestPayIDPaymentFlow" name="test_payid_verify_endpoint_exists" time="0.105" /><testcase classname="tests.test_iteration189_stripe_removal.TestPaymentHistory" name="test_payment_history_returns_data" time="0.235" /><testcase classname="tests.test_iteration189_stripe_removal.TestPaymentHistory" name="test_payment_history_no_stripe_method" time="0.111" /><testcase classname="tests.test_iteration189_stripe_removal.TestPaymentHistory" name="test_payment_prices_returns_data" time="0.109" /><testcase classname="tests.test_iteration189_stripe_removal.TestHealthEndpoints" name="test_health_endpoint" time="0.111" /><testcase classname="tests.test_iteration189_stripe_removal.TestHealthEndpoints" name="test_ready_endpoint" time="0.093" /><testcase classname="tests.test_iteration189_stripe_removal.TestAuthEndpoints" name="test_login_with_valid_credentials" time="0.133" /><testcase classname="tests.test_iteration189_stripe_removal.TestAuthEndpoints" name="test_auth_me_with_token" time="0.236" /><testcase classname="tests.test_iteration189_stripe_removal.TestCasesEndpoint" name="test_cases_list" time="0.255" /><testcase classname="tests.test_iteration189_stripe_removal.TestCasesEndpoint" name="test_case_detail" time="0.106" /><testcase classname="tests.test_iteration189_stripe_removal.TestNotificationsEndpoint" name="test_notifications_list" time="0.268" /></testsuite></testsuites>