<?xml version="1.0" encoding="utf-8"?><testsuites name="pytest tests"><testsuite name="pytest" errors="0" failures="0" skipped="0" tests="12" time="70.602" timestamp="2026-04-19T05:30:10.967775+00:00" hostname="agent-env-5cef9b74-84d9-4cf7-aca4-abcd3467b71f"><testcase classname="tests.test_extract_all_text_iteration202.TestExtractAllTextBackgroundTask" name="test_01_extract_all_text_returns_immediately" time="0.347" /><testcase classname="tests.test_extract_all_text_iteration202.TestExtractAllTextBackgroundTask" name="test_02_extract_all_text_status_polling" time="68.131" /><testcase classname="tests.test_extract_all_text_iteration202.TestExtractAllTextBackgroundTask" name="test_03_status_with_bogus_task_id" time="0.108" /><testcase classname="tests.test_extract_all_text_iteration202.TestExtractAllTextBackgroundTask" name="test_04_extract_all_text_nonexistent_case" time="0.175" /><testcase classname="tests.test_extract_all_text_iteration202.TestRegressionCaseEndpoints" name="test_05_get_case_response_time" time="0.282" /><testcase classname="tests.test_extract_all_text_iteration202.TestRegressionCaseEndpoints" name="test_06_get_case_documents" time="0.123" /><testcase classname="tests.test_extract_all_text_iteration202.TestRegressionCaseEndpoints" name="test_07_upload_document" time="0.297" /><testcase classname="tests.test_extract_all_text_iteration202.TestRegressionGroundsInvestigate" name="test_08_get_grounds" time="0.324" /><testcase classname="tests.test_extract_all_text_iteration202.TestRegressionGroundsInvestigate" name="test_09_investigate_ground_returns_task_id" time="0.265" /><testcase classname="tests.test_extract_all_text_iteration202.TestHealthAndAuth" name="test_10_health_endpoint" time="0.106" /><testcase classname="tests.test_extract_all_text_iteration202.TestHealthAndAuth" name="test_11_auth_login" time="0.141" /><testcase classname="tests.test_extract_all_text_iteration202.TestHealthAndAuth" name="test_12_auth_me" time="0.234" /></testsuite></testsuites>