<?xml version="1.0" encoding="utf-8"?><testsuites name="pytest tests"><testsuite name="pytest" errors="0" failures="0" skipped="0" tests="10" time="2.119" timestamp="2026-04-06T12:21:08.253510+00:00" hostname="agent-env-5cef9b74-84d9-4cf7-aca4-abcd3467b71f"><testcase classname="backend.tests.test_iteration150_barrister_reports.TestHealthAndBasics" name="test_api_health" time="0.205" /><testcase classname="backend.tests.test_iteration150_barrister_reports.TestHealthAndBasics" name="test_frontend_loads" time="0.132" /><testcase classname="backend.tests.test_iteration150_barrister_reports.TestAuthentication" name="test_login_flow" time="0.150" /><testcase classname="backend.tests.test_iteration150_barrister_reports.TestTrialPricingReversion" name="test_trial_status_admin_not_eligible" time="0.180" /><testcase classname="backend.tests.test_iteration150_barrister_reports.TestTrialPricingReversion" name="test_trial_status_response_structure" time="0.182" /><testcase classname="backend.tests.test_iteration150_barrister_reports.TestBarristerViewInReportsList" name="test_reports_list_includes_barrister_view" time="0.314" /><testcase classname="backend.tests.test_iteration150_barrister_reports.TestBarristerViewInReportsList" name="test_reports_list_shows_all_four_types" time="0.257" /><testcase classname="backend.tests.test_iteration150_barrister_reports.TestBarristerViewInReportsList" name="test_barrister_report_has_correct_structure" time="0.253" /><testcase classname="backend.tests.test_iteration150_barrister_reports.TestReportsSectionRendering" name="test_barrister_view_theme_in_frontend_code" time="0.001" /><testcase classname="backend.tests.test_iteration150_barrister_reports.TestReportsSectionRendering" name="test_barrister_view_button_navigation" time="0.363" /></testsuite></testsuites>