<?xml version="1.0" encoding="utf-8"?><testsuites name="pytest tests"><testsuite name="pytest" errors="0" failures="0" skipped="0" tests="9" time="2.241" timestamp="2026-04-09T16:57:18.429946+00:00" hostname="agent-env-5cef9b74-84d9-4cf7-aca4-abcd3467b71f"><testcase classname="backend.tests.test_iteration165_bugfixes.TestAdminPaymentBypass" name="test_admin_payment_summary_all_unlocked" time="0.142" /><testcase classname="backend.tests.test_iteration165_bugfixes.TestTranslationAPI" name="test_get_languages_returns_41" time="0.163" /><testcase classname="backend.tests.test_iteration165_bugfixes.TestTranslationAPI" name="test_translate_cached_spanish" time="0.317" /><testcase classname="backend.tests.test_iteration165_bugfixes.TestGroundsAPI" name="test_get_grounds_returns_12" time="0.118" /><testcase classname="backend.tests.test_iteration165_bugfixes.TestCaseExportPack" name="test_case_export_pack_returns_pdf" time="0.955" /><testcase classname="backend.tests.test_iteration165_bugfixes.TestExportPreview" name="test_export_preview_returns_counts" time="0.118" /><testcase classname="backend.tests.test_iteration165_bugfixes.TestTrialStatus" name="test_trial_status_endpoint" time="0.154" /><testcase classname="backend.tests.test_iteration165_bugfixes.TestFeaturePrices" name="test_feature_prices_endpoint" time="0.109" /><testcase classname="backend.tests.test_iteration165_bugfixes.TestHealthCheck" name="test_health_endpoint" time="0.109" /></testsuite></testsuites>