<?xml version="1.0" encoding="utf-8"?><testsuites name="pytest tests"><testsuite name="pytest" errors="0" failures="0" skipped="0" tests="8" time="2.956" timestamp="2026-04-09T17:49:31.166359+00:00" hostname="agent-env-5cef9b74-84d9-4cf7-aca4-abcd3467b71f"><testcase classname="backend.tests.test_iteration166_barrister_view.TestBarristerViewNoAutoGenerate" name="test_barrister_view_returns_existing_report_when_completed" time="0.220" /><testcase classname="backend.tests.test_iteration166_barrister_view.TestBarristerViewNoAutoGenerate" name="test_barrister_view_returns_404_when_no_report_exists" time="0.121" /><testcase classname="backend.tests.test_iteration166_barrister_view.TestBarristerViewNoAutoGenerate" name="test_barrister_view_with_regenerate_true_starts_generation" time="0.156" /><testcase classname="backend.tests.test_iteration166_barrister_view.TestReportsListIncludesBarristerView" name="test_reports_list_includes_all_report_types" time="1.735" /><testcase classname="backend.tests.test_iteration166_barrister_view.TestReportsListIncludesBarristerView" name="test_reports_list_barrister_view_has_correct_structure" time="0.176" /><testcase classname="backend.tests.test_iteration166_barrister_view.TestBarristerViewEndpointBehavior" name="test_barrister_view_without_regenerate_does_not_auto_generate" time="0.125" /><testcase classname="backend.tests.test_iteration166_barrister_view.TestBarristerViewEndpointBehavior" name="test_barrister_view_status_endpoint" time="0.234" /><testcase classname="backend.tests.test_iteration166_barrister_view.TestHealthCheck" name="test_health_endpoint" time="0.123" /></testsuite></testsuites>