<?xml version="1.0" encoding="utf-8"?><testsuites name="pytest tests"><testsuite name="pytest" errors="0" failures="0" skipped="0" tests="15" time="49.559" timestamp="2026-04-09T13:52:39.597417+00:00" hostname="agent-env-5cef9b74-84d9-4cf7-aca4-abcd3467b71f"><testcase classname="backend.tests.test_iteration163_export_translate.TestLanguagesEndpoint" name="test_get_languages_returns_list" time="0.276" /><testcase classname="backend.tests.test_iteration163_export_translate.TestLanguagesEndpoint" name="test_languages_includes_common_languages" time="0.121" /><testcase classname="backend.tests.test_iteration163_export_translate.TestLanguagesEndpoint" name="test_languages_includes_english" time="0.148" /><testcase classname="backend.tests.test_iteration163_export_translate.TestCaseExportPackEndpoint" name="test_case_pack_returns_pdf_for_case_with_reports" time="0.965" /><testcase classname="backend.tests.test_iteration163_export_translate.TestCaseExportPackEndpoint" name="test_case_pack_returns_404_for_case_without_reports" time="0.131" /><testcase classname="backend.tests.test_iteration163_export_translate.TestCaseExportPackEndpoint" name="test_case_pack_requires_authentication" time="0.152" /><testcase classname="backend.tests.test_iteration163_export_translate.TestCaseExportPackEndpoint" name="test_case_pack_returns_404_for_invalid_case" time="0.122" /><testcase classname="backend.tests.test_iteration163_export_translate.TestTranslateEndpoint" name="test_translate_rejects_english_language" time="0.116" /><testcase classname="backend.tests.test_iteration163_export_translate.TestTranslateEndpoint" name="test_translate_rejects_invalid_language_code" time="0.139" /><testcase classname="backend.tests.test_iteration163_export_translate.TestTranslateEndpoint" name="test_translate_requires_authentication" time="0.141" /><testcase classname="backend.tests.test_iteration163_export_translate.TestTranslateEndpoint" name="test_translate_requires_report_id" time="0.114" /><testcase classname="backend.tests.test_iteration163_export_translate.TestTranslateEndpoint" name="test_translate_requires_language" time="0.113" /><testcase classname="backend.tests.test_iteration163_export_translate.TestTranslateEndpoint" name="test_translate_returns_404_for_invalid_report" time="0.107" /><testcase classname="backend.tests.test_iteration163_export_translate.TestTranslateEndpoint" name="test_translate_accepts_valid_request" time="46.641" /><testcase classname="backend.tests.test_iteration163_export_translate.TestExportPreviewEndpoint" name="test_export_preview_returns_counts" time="0.189" /></testsuite></testsuites>