<?xml version="1.0" encoding="utf-8"?><testsuites name="pytest tests"><testsuite name="pytest" errors="0" failures="0" skipped="0" tests="6" time="1.738" timestamp="2026-04-06T10:53:10.443973+00:00" hostname="agent-env-5cef9b74-84d9-4cf7-aca4-abcd3467b71f"><testcase classname="tests.test_iteration146.TestHealthAndAuth" name="test_health_endpoint" time="0.177" /><testcase classname="tests.test_iteration146.TestHealthAndAuth" name="test_login_with_valid_credentials" time="0.138" /><testcase classname="tests.test_iteration146.TestPayIDEmailFix" name="test_payid_create_reference_returns_correct_email" time="0.387" /><testcase classname="tests.test_iteration146.TestExportPackageFix" name="test_export_preview_endpoint" time="0.399" /><testcase classname="tests.test_iteration146.TestExportPackageFix" name="test_export_package_endpoint" time="0.460" /><testcase classname="tests.test_iteration146.TestFeaturePrices" name="test_get_feature_prices" time="0.110" /></testsuite></testsuites>