<?xml version="1.0" encoding="utf-8"?><testsuites name="pytest tests"><testsuite name="pytest" errors="0" failures="0" skipped="0" tests="8" time="2.250" timestamp="2026-04-06T15:09:12.317313+00:00" hostname="agent-env-5cef9b74-84d9-4cf7-aca4-abcd3467b71f"><testcase classname="backend.tests.test_iteration_152.TestAuthentication" name="test_login_success" time="0.183" /><testcase classname="backend.tests.test_iteration_152.TestAuthentication" name="test_login_invalid_credentials" time="0.130" /><testcase classname="backend.tests.test_iteration_152.TestCases" name="test_get_cases" time="0.259" /><testcase classname="backend.tests.test_iteration_152.TestCases" name="test_get_case_detail" time="0.320" /><testcase classname="backend.tests.test_iteration_152.TestGrounds" name="test_get_grounds" time="0.315" /><testcase classname="backend.tests.test_iteration_152.TestReports" name="test_get_reports" time="0.334" /><testcase classname="backend.tests.test_iteration_152.TestLegalFramework" name="test_get_legal_framework" time="0.324" /><testcase classname="backend.tests.test_iteration_152.TestEvidence" name="test_get_evidence" time="0.316" /></testsuite></testsuites>