<?xml version="1.0" encoding="utf-8"?><testsuites name="pytest tests"><testsuite name="pytest" errors="0" failures="0" skipped="0" tests="13" time="2.337" timestamp="2026-04-06T05:23:26.143866+00:00" hostname="agent-env-5cef9b74-84d9-4cf7-aca4-abcd3467b71f"><testcase classname="backend.tests.test_auth_flow_iteration143.TestAuthEndpoints" name="test_health_endpoint" time="0.136" /><testcase classname="backend.tests.test_auth_flow_iteration143.TestAuthEndpoints" name="test_session_endpoint_requires_session_id" time="0.154" /><testcase classname="backend.tests.test_auth_flow_iteration143.TestAuthEndpoints" name="test_session_endpoint_invalid_session_id" time="0.329" /><testcase classname="backend.tests.test_auth_flow_iteration143.TestAuthEndpoints" name="test_me_endpoint_requires_auth" time="0.102" /><testcase classname="backend.tests.test_auth_flow_iteration143.TestAuthEndpoints" name="test_me_endpoint_invalid_token" time="0.117" /><testcase classname="backend.tests.test_auth_flow_iteration143.TestAuthEndpoints" name="test_logout_endpoint_without_token" time="0.099" /><testcase classname="backend.tests.test_auth_flow_iteration143.TestEmailPasswordAuth" name="test_login_missing_fields" time="0.140" /><testcase classname="backend.tests.test_auth_flow_iteration143.TestEmailPasswordAuth" name="test_login_invalid_credentials" time="0.126" /><testcase classname="backend.tests.test_auth_flow_iteration143.TestEmailPasswordAuth" name="test_register_weak_password" time="0.131" /><testcase classname="backend.tests.test_auth_flow_iteration143.TestEmailPasswordAuth" name="test_register_invalid_email" time="0.100" /><testcase classname="backend.tests.test_auth_flow_iteration143.TestAuthenticatedFlow" name="test_me_with_valid_token" time="0.250" /><testcase classname="backend.tests.test_auth_flow_iteration143.TestAuthenticatedFlow" name="test_logout_invalidates_session" time="0.455" /><testcase classname="backend.tests.test_auth_flow_iteration143.TestLoginFlow" name="test_login_with_test_credentials" time="0.130" /></testsuite></testsuites>