<?xml version="1.0" encoding="utf-8"?><testsuites name="pytest tests"><testsuite name="pytest" errors="0" failures="0" skipped="0" tests="4" time="0.660" timestamp="2026-03-14T04:56:45.487958+00:00" hostname="agent-env-48cedb9d-1128-4771-965b-835589d3339a"><testcase classname="backend.tests.test_delete_report_api.TestHealthAndReportEndpoints" name="test_health_check_returns_200" time="0.154" /><testcase classname="backend.tests.test_delete_report_api.TestHealthAndReportEndpoints" name="test_health_check_database_connected" time="0.148" /><testcase classname="backend.tests.test_delete_report_api.TestHealthAndReportEndpoints" name="test_delete_report_requires_auth" time="0.159" /><testcase classname="backend.tests.test_delete_report_api.TestHealthAndReportEndpoints" name="test_root_api_endpoint" time="0.140" /></testsuite></testsuites>