<?xml version="1.0" encoding="utf-8"?><testsuites name="pytest tests"><testsuite name="pytest" errors="0" failures="0" skipped="0" tests="6" time="83.451" timestamp="2026-03-19T15:07:57.888923+00:00" hostname="agent-env-a5d8b3cd-917a-493d-bc67-0c78ae81e0ef"><testcase classname="backend.tests.test_background_report_generation.TestHealthEndpoint" name="test_health_returns_healthy" time="0.304" /><testcase classname="backend.tests.test_background_report_generation.TestReportGenerationEndpoints" name="test_generate_report_returns_immediately" time="0.187" /><testcase classname="backend.tests.test_background_report_generation.TestReportGenerationEndpoints" name="test_report_status_endpoint" time="1.253" /><testcase classname="backend.tests.test_background_report_generation.TestReportGenerationEndpoints" name="test_get_reports_list" time="37.999" /><testcase classname="backend.tests.test_background_report_generation.TestReportPollingFlow" name="test_full_generation_and_polling_flow" time="43.504" /><testcase classname="backend.tests.test_background_report_generation.TestLegacyReportCompatibility" name="test_existing_report_accessible" time="0.139" /></testsuite></testsuites>