<?xml version="1.0" encoding="utf-8"?><testsuites name="pytest tests"><testsuite name="pytest" errors="0" failures="0" skipped="0" tests="43" time="0.280" timestamp="2026-03-26T09:10:56.310460+00:00" hostname="agent-env-da0796f7-8a70-4120-8689-33285bbe5a7c"><testcase classname="backend.tests.test_iteration82_features.TestBackendHealth" name="test_health_endpoint_returns_healthy" time="0.168" /><testcase classname="backend.tests.test_iteration82_features.TestBackendStripReportPlaceholders" name="test_function_exists_in_server" time="0.001" /><testcase classname="backend.tests.test_iteration82_features.TestBackendStripReportPlaceholders" name="test_strips_prompt_instruction_keep_all" time="0.001" /><testcase classname="backend.tests.test_iteration82_features.TestBackendStripReportPlaceholders" name="test_strips_detailed_pathway_analysis" time="0.001" /><testcase classname="backend.tests.test_iteration82_features.TestBackendStripReportPlaceholders" name="test_strips_word_count_parentheses" time="0.001" /><testcase classname="backend.tests.test_iteration82_features.TestBackendStripReportPlaceholders" name="test_strips_we_us_our_language" time="0.001" /><testcase classname="backend.tests.test_iteration82_features.TestBackendStripReportPlaceholders" name="test_we_us_replacements_are_correct" time="0.001" /><testcase classname="backend.tests.test_iteration82_features.TestBackendReportGuardrails" name="test_guardrails_variable_exists" time="0.001" /><testcase classname="backend.tests.test_iteration82_features.TestBackendReportGuardrails" name="test_guardrails_contains_language_rules" time="0.000" /><testcase classname="backend.tests.test_iteration82_features.TestBackendReportGuardrails" name="test_guardrails_bans_we_us_our" time="0.001" /><testcase classname="backend.tests.test_iteration82_features.TestBackendReportGuardrails" name="test_guardrails_mentions_educational_tool" time="0.001" /><testcase classname="backend.tests.test_iteration82_features.TestBackendReportGuardrails" name="test_guardrails_mentions_not_legal_team" time="0.001" /><testcase classname="backend.tests.test_iteration82_features.TestBackendReportPrompts" name="test_quick_summary_has_material_counts" time="0.001" /><testcase classname="backend.tests.test_iteration82_features.TestBackendReportPrompts" name="test_full_detailed_has_material_counts" time="0.001" /><testcase classname="backend.tests.test_iteration82_features.TestBackendReportPrompts" name="test_extensive_log_has_material_counts" time="0.001" /><testcase classname="backend.tests.test_iteration82_features.TestBackendReportPrompts" name="test_prompts_have_grounds_to_cover" time="0.001" /><testcase classname="backend.tests.test_iteration82_features.TestBackendReportPrompts" name="test_grounds_to_cover_has_must_include_all" time="0.001" /><testcase classname="backend.tests.test_iteration82_features.TestBackendReportPrompts" name="test_quick_summary_has_paid_reports_section" time="0.000" /><testcase classname="backend.tests.test_iteration82_features.TestBackendReportPrompts" name="test_paid_reports_section_has_150_pricing" time="0.001" /><testcase classname="backend.tests.test_iteration82_features.TestBackendReportPrompts" name="test_paid_reports_section_has_200_pricing" time="0.001" /><testcase classname="backend.tests.test_iteration82_features.TestFrontendCleanAIContent" name="test_function_exists" time="0.000" /><testcase classname="backend.tests.test_iteration82_features.TestFrontendCleanAIContent" name="test_strips_keep_all_instructions" time="0.000" /><testcase classname="backend.tests.test_iteration82_features.TestFrontendCleanAIContent" name="test_strips_detailed_pathway_analysis" time="0.000" /><testcase classname="backend.tests.test_iteration82_features.TestFrontendCleanAIContent" name="test_has_we_us_replacements" time="0.000" /><testcase classname="backend.tests.test_iteration82_features.TestFrontendCleanAIContent" name="test_has_australian_spelling_replacements" time="0.000" /><testcase classname="backend.tests.test_iteration82_features.TestFrontendComparisonTable" name="test_comparison_table_exists" time="0.000" /><testcase classname="backend.tests.test_iteration82_features.TestFrontendComparisonTable" name="test_comparison_table_has_free_column" time="0.000" /><testcase classname="backend.tests.test_iteration82_features.TestFrontendComparisonTable" name="test_comparison_table_has_150_column" time="0.000" /><testcase classname="backend.tests.test_iteration82_features.TestFrontendComparisonTable" name="test_comparison_table_has_200_column" time="0.000" /><testcase classname="backend.tests.test_iteration82_features.TestFrontendComparisonTable" name="test_comparison_table_has_checkmarks" time="0.000" /><testcase classname="backend.tests.test_iteration82_features.TestFrontendDisclaimerFooter" name="test_disclaimer_footer_exists" time="0.000" /><testcase classname="backend.tests.test_iteration82_features.TestFrontendDisclaimerFooter" name="test_disclaimer_has_hazard_symbol" time="0.000" /><testcase classname="backend.tests.test_iteration82_features.TestFrontendDisclaimerFooter" name="test_disclaimer_has_not_legal_advice_text" time="0.000" /><testcase classname="backend.tests.test_iteration82_features.TestFrontendPrintPreview" name="test_print_preview_function_exists" time="0.000" /><testcase classname="backend.tests.test_iteration82_features.TestFrontendPrintPreview" name="test_print_preview_has_comparison_table" time="0.000" /><testcase classname="backend.tests.test_iteration82_features.TestFrontendPrintPreview" name="test_print_preview_has_disclaimer" time="0.001" /><testcase classname="backend.tests.test_iteration82_features.TestFrontendPrintPreview" name="test_print_preview_has_styled_headers" time="0.000" /><testcase classname="backend.tests.test_iteration82_features.TestFrontendPrintPreview" name="test_print_preview_has_numbered_sections" time="0.000" /><testcase classname="backend.tests.test_iteration82_features.TestNotesAPI" name="test_notes_endpoint_structure_exists" time="0.000" /><testcase classname="backend.tests.test_iteration82_features.TestNotesAPI" name="test_notes_post_endpoint_exists" time="0.000" /><testcase classname="backend.tests.test_iteration82_features.TestNotesAPI" name="test_notes_model_exists" time="0.000" /><testcase classname="backend.tests.test_iteration82_features.TestReportsPricing" name="test_reports_section_has_correct_pricing" time="0.000" /><testcase classname="backend.tests.test_iteration82_features.TestReportsPricing" name="test_report_theme_has_pricing" time="0.000" /></testsuite></testsuites>