<?xml version="1.0" encoding="utf-8"?><testsuites name="pytest tests"><testsuite name="pytest" errors="0" failures="0" skipped="0" tests="10" time="15.207" timestamp="2026-03-26T15:14:16.304106+00:00" hostname="agent-env-423b1610-ec89-4cb0-bc40-beeee12abe19"><testcase classname="backend.tests.test_iteration88_barristerview.TestBackendHealth" name="test_health_endpoint" time="0.234" /><testcase classname="backend.tests.test_iteration88_barristerview.TestBarristerViewCodeStructure" name="test_merge_categories_exists" time="0.001" /><testcase classname="backend.tests.test_iteration88_barristerview.TestBarristerViewCodeStructure" name="test_classify_section_function_exists" time="0.000" /><testcase classname="backend.tests.test_iteration88_barristerview.TestBarristerViewCodeStructure" name="test_parse_analysis_function_exists" time="0.000" /><testcase classname="backend.tests.test_iteration88_barristerview.TestBarristerViewCodeStructure" name="test_merge_all_reports_uses_categories" time="0.000" /><testcase classname="backend.tests.test_iteration88_barristerview.TestBarristerViewCodeStructure" name="test_clean_sentence_truncates_to_80_chars" time="0.000" /><testcase classname="backend.tests.test_iteration88_barristerview.TestBarristerViewCodeStructure" name="test_no_duplicate_functions_removed" time="0.000" /><testcase classname="backend.tests.test_iteration88_barristerview.TestBarristerViewCodeStructure" name="test_section_titles_use_dark_text" time="0.000" /><testcase classname="backend.tests.test_iteration88_barristerview.TestBarristerViewCodeStructure" name="test_table_of_contents_structure" time="0.000" /><testcase classname="backend.tests.test_iteration88_barristerview.TestFrontendCompilation" name="test_frontend_build_succeeds" time="14.913" /></testsuite></testsuites>