<?xml version="1.0" encoding="utf-8"?><testsuites name="pytest tests"><testsuite name="pytest" errors="0" failures="0" skipped="0" tests="22" time="19.123" timestamp="2026-03-21T11:54:23.377492+00:00" hostname="agent-env-58f4ee07-947b-43d0-98f3-62fff1bed744"><testcase classname="backend.tests.test_iteration69.TestBackendHealth" name="test_health_endpoint" time="0.848" /><testcase classname="backend.tests.test_iteration69.TestAdminDashboardCodeVerification" name="test_refresh_payments_btn_data_testid" time="0.001" /><testcase classname="backend.tests.test_iteration69.TestAdminDashboardCodeVerification" name="test_refreshing_payments_state" time="0.000" /><testcase classname="backend.tests.test_iteration69.TestAdminDashboardCodeVerification" name="test_fetch_pending_payments_error_toasts" time="0.000" /><testcase classname="backend.tests.test_iteration69.TestAdminDashboardCodeVerification" name="test_refresh_button_loading_state" time="0.000" /><testcase classname="backend.tests.test_iteration69.TestReportViewCodeVerification" name="test_clean_ai_content_round_bracket_note" time="0.000" /><testcase classname="backend.tests.test_iteration69.TestReportViewCodeVerification" name="test_clean_ai_content_link_formatting" time="0.000" /><testcase classname="backend.tests.test_iteration69.TestReportViewCodeVerification" name="test_clean_ai_content_entries_will" time="0.000" /><testcase classname="backend.tests.test_iteration69.TestReportViewCodeVerification" name="test_section_filtering_threshold_80" time="0.000" /><testcase classname="backend.tests.test_iteration69.TestBarristerViewCodeVerification" name="test_clean_ai_content_round_bracket_note" time="0.000" /><testcase classname="backend.tests.test_iteration69.TestBarristerViewCodeVerification" name="test_clean_ai_content_link_formatting" time="0.000" /><testcase classname="backend.tests.test_iteration69.TestBarristerViewCodeVerification" name="test_clean_ai_content_entries_will" time="0.000" /><testcase classname="backend.tests.test_iteration69.TestBarristerViewCodeVerification" name="test_parse_analysis_markdown_heading_detection" time="0.000" /><testcase classname="backend.tests.test_iteration69.TestBarristerViewCodeVerification" name="test_parse_analysis_numbered_allcaps_heading" time="0.000" /><testcase classname="backend.tests.test_iteration69.TestBarristerViewCodeVerification" name="test_clean_title_helper" time="0.000" /><testcase classname="backend.tests.test_iteration69.TestBarristerViewCodeVerification" name="test_section_filtering_threshold_80" time="0.000" /><testcase classname="backend.tests.test_iteration69.TestCaseDetailCodeVerification" name="test_print_button_all_tabs" time="0.000" /><testcase classname="backend.tests.test_iteration69.TestCaseDetailCodeVerification" name="test_ios_detection_for_print" time="0.000" /><testcase classname="backend.tests.test_iteration69.TestCaseDetailCodeVerification" name="test_ios_iframe_approach" time="0.000" /><testcase classname="backend.tests.test_iteration69.TestCaseDetailCodeVerification" name="test_data_tab_content_attribute" time="0.000" /><testcase classname="backend.tests.test_iteration69.TestFrontendBuild" name="test_frontend_compiles" time="18.023" /><testcase classname="backend.tests.test_iteration69.TestLoginAPI" name="test_login_with_valid_credentials" time="0.166" /></testsuite></testsuites>