<?xml version="1.0" encoding="utf-8"?><testsuites name="pytest tests"><testsuite name="pytest" errors="0" failures="0" skipped="0" tests="7" time="1.887" timestamp="2026-03-29T05:00:33.318446+00:00" hostname="agent-env-5cef9b74-84d9-4cf7-aca4-abcd3467b71f"><testcase classname="tests.test_iteration113_exports.TestHealthAndAuth" name="test_health_check" time="0.173" /><testcase classname="tests.test_iteration113_exports.TestHealthAndAuth" name="test_login_success" time="0.131" /><testcase classname="tests.test_iteration113_exports.TestChatEndpoint" name="test_get_messages_returns_200" time="0.255" /><testcase classname="tests.test_iteration113_exports.TestExportFeatures" name="test_word_export_success" time="0.359" /><testcase classname="tests.test_iteration113_exports.TestExportFeatures" name="test_pdf_export_success" time="0.391" /><testcase classname="tests.test_iteration113_exports.TestReportView" name="test_get_report_success" time="0.240" /><testcase classname="tests.test_iteration113_exports.TestReportView" name="test_get_case_success" time="0.277" /></testsuite></testsuites>