<?xml version="1.0" encoding="utf-8"?><testsuites name="pytest tests"><testsuite name="pytest" errors="0" failures="0" skipped="0" tests="16" time="2.777" timestamp="2026-03-26T21:12:10.229685+00:00" hostname="agent-env-a8d48533-c7f2-4321-8098-10307a366a65"><testcase classname="tests.test_iteration92_health_check.TestHealthAndPublicEndpoints" name="test_health_endpoint" time="0.215" /><testcase classname="tests.test_iteration92_health_check.TestHealthAndPublicEndpoints" name="test_offence_categories_endpoint" time="0.114" /><testcase classname="tests.test_iteration92_health_check.TestHealthAndPublicEndpoints" name="test_states_endpoint" time="0.134" /><testcase classname="tests.test_iteration92_health_check.TestHealthAndPublicEndpoints" name="test_offence_framework_endpoint" time="0.151" /><testcase classname="tests.test_iteration92_health_check.TestUnauthenticatedAccess" name="test_cases_requires_auth" time="0.119" /><testcase classname="tests.test_iteration92_health_check.TestUnauthenticatedAccess" name="test_case_detail_requires_auth" time="0.111" /><testcase classname="tests.test_iteration92_health_check.TestUnauthenticatedAccess" name="test_reports_requires_auth" time="0.125" /><testcase classname="tests.test_iteration92_health_check.TestUnauthenticatedAccess" name="test_grounds_requires_auth" time="0.121" /><testcase classname="tests.test_iteration92_health_check.TestUnauthenticatedAccess" name="test_barrister_view_requires_auth" time="0.122" /><testcase classname="tests.test_iteration92_health_check.TestContactEndpoint" name="test_contact_form_validation" time="0.108" /><testcase classname="tests.test_iteration92_health_check.TestContactEndpoint" name="test_contact_form_with_data" time="0.689" /><testcase classname="tests.test_iteration92_health_check.TestAuthEndpoints" name="test_auth_me_requires_session" time="0.123" /><testcase classname="tests.test_iteration92_health_check.TestAuthEndpoints" name="test_auth_login_endpoint_exists" time="0.137" /><testcase classname="tests.test_iteration92_health_check.TestAuthEndpoints" name="test_auth_register_endpoint_exists" time="0.124" /><testcase classname="tests.test_iteration92_health_check.TestProgressAnalysis" name="test_progress_analysis_requires_auth" time="0.135" /><testcase classname="tests.test_iteration92_health_check.TestStatisticsEndpoints" name="test_appeal_statistics_endpoint" time="0.181" /></testsuite></testsuites>