<?xml version="1.0" encoding="utf-8"?><testsuites name="pytest tests"><testsuite name="pytest" errors="0" failures="1" skipped="0" tests="16" time="14.476" timestamp="2026-04-19T16:08:23.480584+00:00" hostname="agent-env-5cef9b74-84d9-4cf7-aca4-abcd3467b71f"><testcase classname="tests.test_google_oauth_iteration204.TestGoogleOAuthCallback" name="test_google_callback_missing_code_returns_400" time="0.258" /><testcase classname="tests.test_google_oauth_iteration204.TestGoogleOAuthCallback" name="test_google_callback_missing_redirect_uri_returns_400" time="0.152" /><testcase classname="tests.test_google_oauth_iteration204.TestGoogleOAuthCallback" name="test_google_callback_invalid_code_returns_401" time="0.284" /><testcase classname="tests.test_google_oauth_iteration204.TestEmergentSessionFallback" name="test_session_endpoint_exists_and_requires_session_id" time="0.153" /><testcase classname="tests.test_google_oauth_iteration204.TestEmergentSessionFallback" name="test_session_endpoint_invalid_session_id_returns_401_or_504" time="11.855" /><testcase classname="tests.test_google_oauth_iteration204.TestEmailPasswordLogin" name="test_login_success" time="0.186" /><testcase classname="tests.test_google_oauth_iteration204.TestEmailPasswordLogin" name="test_login_invalid_password_returns_401" time="0.132" /><testcase classname="tests.test_google_oauth_iteration204.TestEmailPasswordLogin" name="test_login_nonexistent_user_returns_401" time="0.182" /><testcase classname="tests.test_google_oauth_iteration204.TestEmailPasswordRegister" name="test_register_new_user_success" time="0.159" /><testcase classname="tests.test_google_oauth_iteration204.TestEmailPasswordRegister" name="test_register_duplicate_email_returns_400" time="0.105" /><testcase classname="tests.test_google_oauth_iteration204.TestEmailPasswordRegister" name="test_register_weak_password_returns_400" time="0.107" /><testcase classname="tests.test_google_oauth_iteration204.TestAuthMe" name="test_auth_me_with_valid_session_token" time="0.255" /><testcase classname="tests.test_google_oauth_iteration204.TestAuthMe" name="test_auth_me_with_cookie_session_token" time="0.187" /><testcase classname="tests.test_google_oauth_iteration204.TestAuthMe" name="test_auth_me_without_token_returns_401" time="0.139" /><testcase classname="tests.test_google_oauth_iteration204.TestConfigLoadsGoogleCredentials" name="test_google_oauth_not_503_when_credentials_set" time="0.109" /><testcase classname="tests.test_google_oauth_iteration204.TestLogout" name="test_logout_success" time="0.121"><failure message="assert 429 == 200&#10; +  where 429 = &lt;Response [429]&gt;.status_code">tests/test_google_oauth_iteration204.py:260: in test_logout_success
    assert login_response.status_code == 200
E   assert 429 == 200
E    +  where 429 = &lt;Response [429]&gt;.status_code</failure></testcase></testsuite></testsuites>