<?xml version="1.0" encoding="utf-8"?><testsuites name="pytest tests"><testsuite name="pytest" errors="0" failures="0" skipped="0" tests="21" time="2.441" timestamp="2026-03-21T09:48:10.667897+00:00" hostname="agent-env-58f4ee07-947b-43d0-98f3-62fff1bed744"><testcase classname="backend.tests.test_iteration67_content_quality.TestIteration67ContentQuality" name="test_01_health_endpoint" time="0.356" /><testcase classname="backend.tests.test_iteration67_content_quality.TestIteration67ContentQuality" name="test_02_create_case_with_sentence_field" time="0.358" /><testcase classname="backend.tests.test_iteration67_content_quality.TestIteration67ContentQuality" name="test_03_update_case_with_sentence_field" time="0.380" /><testcase classname="backend.tests.test_iteration67_content_quality.TestIteration67ContentQuality" name="test_04_get_case_includes_sentence" time="0.316" /><testcase classname="backend.tests.test_iteration67_content_quality.TestIteration67ContentQuality" name="test_05_report_export_pdf_endpoint_exists" time="0.624" /><testcase classname="backend.tests.test_iteration67_content_quality.TestIteration67ContentQuality" name="test_06_timeline_export_pdf_endpoint_exists" time="0.322" /><testcase classname="backend.tests.test_iteration67_content_quality.TestBackendCodeVerification" name="test_07_report_guardrails_anti_preamble" time="0.001" /><testcase classname="backend.tests.test_iteration67_content_quality.TestBackendCodeVerification" name="test_08_report_guardrails_anti_bracket" time="0.001" /><testcase classname="backend.tests.test_iteration67_content_quality.TestBackendCodeVerification" name="test_09_case_model_has_sentence_field" time="0.000" /><testcase classname="backend.tests.test_iteration67_content_quality.TestBackendCodeVerification" name="test_10_case_create_model_has_sentence_field" time="0.001" /><testcase classname="backend.tests.test_iteration67_content_quality.TestBackendCodeVerification" name="test_11_case_context_includes_sentence" time="0.000" /><testcase classname="backend.tests.test_iteration67_content_quality.TestFrontendCodeVerification" name="test_12_reportview_cleanAIContent_exists" time="0.000" /><testcase classname="backend.tests.test_iteration67_content_quality.TestFrontendCodeVerification" name="test_13_barristerview_cleanAIContent_exists" time="0.000" /><testcase classname="backend.tests.test_iteration67_content_quality.TestFrontendCodeVerification" name="test_14_reportview_extractSentenceSummary_uses_caseData" time="0.000" /><testcase classname="backend.tests.test_iteration67_content_quality.TestFrontendCodeVerification" name="test_15_barristerview_extractSentenceSummary_uses_caseData" time="0.000" /><testcase classname="backend.tests.test_iteration67_content_quality.TestFrontendCodeVerification" name="test_16_reportview_section_filtering" time="0.000" /><testcase classname="backend.tests.test_iteration67_content_quality.TestFrontendCodeVerification" name="test_17_barristerview_section_filtering" time="0.000" /><testcase classname="backend.tests.test_iteration67_content_quality.TestFrontendCodeVerification" name="test_18_dashboard_sentence_input_field" time="0.000" /><testcase classname="backend.tests.test_iteration67_content_quality.TestFrontendCodeVerification" name="test_19_casedetail_ios_timeline_pdf_fix" time="0.000" /><testcase classname="backend.tests.test_iteration67_content_quality.TestFrontendCodeVerification" name="test_20_reportview_print_button" time="0.000" /><testcase classname="backend.tests.test_iteration67_content_quality.TestFrontendCodeVerification" name="test_21_australian_english_spelling" time="0.001" /></testsuite></testsuites>