<?xml version="1.0" encoding="utf-8"?><testsuites name="pytest tests"><testsuite name="pytest" errors="0" failures="0" skipped="0" tests="4" time="0.723" timestamp="2026-03-13T15:55:34.050952+00:00" hostname="agent-env-c2d71b8c-5f9d-49b4-8dca-8ac6facbaf79"><testcase classname="backend.tests.test_iteration43_api.TestHealthAndPricing" name="test_health_check" time="0.248" /><testcase classname="backend.tests.test_iteration43_api.TestHealthAndPricing" name="test_payment_prices_endpoint" time="0.145" /><testcase classname="backend.tests.test_iteration43_api.TestHealthAndPricing" name="test_states_endpoint" time="0.147" /><testcase classname="backend.tests.test_iteration43_api.TestHealthAndPricing" name="test_offence_categories_endpoint" time="0.125" /></testsuite></testsuites>