<?xml version="1.0" encoding="utf-8"?><testsuites name="pytest tests"><testsuite name="pytest" errors="0" failures="1" skipped="0" tests="13" time="5.615" timestamp="2026-04-11T07:53:55.491490+00:00" hostname="agent-env-5cef9b74-84d9-4cf7-aca4-abcd3467b71f"><testcase classname="tests.test_iteration186_download_token.TestAuthDownloadToken" name="test_download_token_generation" time="0.356" /><testcase classname="tests.test_iteration186_download_token.TestAuthDownloadToken" name="test_download_token_requires_auth" time="0.120" /><testcase classname="tests.test_iteration186_download_token.TestAuthDownloadToken" name="test_download_token_works_as_query_param" time="0.248" /><testcase classname="tests.test_iteration186_download_token.TestAuthDownloadToken" name="test_download_token_single_use" time="0.309" /><testcase classname="tests.test_iteration186_download_token.TestAuthDownloadToken" name="test_legacy_session_token_still_works" time="0.130" /><testcase classname="tests.test_iteration186_download_token.TestAuthDownloadToken" name="test_bearer_header_auth_works" time="0.107" /><testcase classname="tests.test_iteration186_download_token.TestAuthDownloadToken" name="test_cookie_auth_works" time="0.104" /><testcase classname="tests.test_iteration186_download_token.TestPDFExportWithDownloadToken" name="test_pdf_export_with_download_token" time="1.528" /><testcase classname="tests.test_iteration186_download_token.TestPDFExportWithDownloadToken" name="test_pdf_export_with_bearer_token" time="0.951" /><testcase classname="tests.test_iteration186_download_token.TestPDFExportWithDownloadToken" name="test_docx_export_with_download_token" time="1.018" /><testcase classname="tests.test_iteration186_download_token.TestExportFooterFormat" name="test_export_footer_module_exists" time="0.001" /><testcase classname="tests.test_iteration186_download_token.TestExportFooterFormat" name="test_footer_label_format_exact" time="0.000" /><testcase classname="tests.test_iteration186_download_token.TestTimelinePDFExport" name="test_timeline_pdf_with_download_token" time="0.645"><failure message="AssertionError: Timeline PDF export failed: Internal Server Error&#10;assert 500 == 200&#10; +  where 500 = &lt;Response [500]&gt;.status_code">tests/test_iteration186_download_token.py:377: in test_timeline_pdf_with_download_token
    assert pdf_response.status_code == 200, f"Timeline PDF export failed: {pdf_response.text[:500]}"
E   AssertionError: Timeline PDF export failed: Internal Server Error
E   assert 500 == 200
E    +  where 500 = &lt;Response [500]&gt;.status_code</failure></testcase></testsuite></testsuites>