<?xml version="1.0" encoding="utf-8"?><testsuites name="pytest tests"><testsuite name="pytest" errors="0" failures="0" skipped="0" tests="22" time="3.576" timestamp="2026-04-11T09:49:12.525998+00:00" hostname="agent-env-5cef9b74-84d9-4cf7-aca4-abcd3467b71f"><testcase classname="tests.test_iteration188_api_endpoints.TestHealthEndpoint" name="test_health_returns_200" time="0.122" /><testcase classname="tests.test_iteration188_api_endpoints.TestAuthEndpoints" name="test_login_success" time="0.135" /><testcase classname="tests.test_iteration188_api_endpoints.TestAuthEndpoints" name="test_login_invalid_credentials" time="0.111" /><testcase classname="tests.test_iteration188_api_endpoints.TestAuthEndpoints" name="test_auth_me_requires_auth" time="0.098" /><testcase classname="tests.test_iteration188_api_endpoints.TestAuthEndpoints" name="test_auth_me_with_token" time="0.252" /><testcase classname="tests.test_iteration188_api_endpoints.TestCaseEndpoints" name="test_cases_list_requires_auth" time="0.098" /><testcase classname="tests.test_iteration188_api_endpoints.TestCaseEndpoints" name="test_cases_list_with_auth" time="0.241" /><testcase classname="tests.test_iteration188_api_endpoints.TestCaseEndpoints" name="test_case_detail" time="0.104" /><testcase classname="tests.test_iteration188_api_endpoints.TestCaseEndpoints" name="test_case_documents" time="0.100" /><testcase classname="tests.test_iteration188_api_endpoints.TestCaseEndpoints" name="test_case_timeline" time="0.101" /><testcase classname="tests.test_iteration188_api_endpoints.TestCaseEndpoints" name="test_case_grounds" time="0.119" /><testcase classname="tests.test_iteration188_api_endpoints.TestCaseEndpoints" name="test_case_notes" time="0.100" /><testcase classname="tests.test_iteration188_api_endpoints.TestCaseEndpoints" name="test_case_reports" time="0.153" /><testcase classname="tests.test_iteration188_api_endpoints.TestNotificationsEndpoint" name="test_notifications_endpoint" time="0.250" /><testcase classname="tests.test_iteration188_api_endpoints.TestPaymentEndpoints" name="test_payment_prices" time="0.220" /><testcase classname="tests.test_iteration188_api_endpoints.TestPaymentEndpoints" name="test_payment_history" time="0.110" /><testcase classname="tests.test_iteration188_api_endpoints.TestPaymentEndpoints" name="test_stripe_checkout_requires_auth" time="0.113" /><testcase classname="tests.test_iteration188_api_endpoints.TestPaymentEndpoints" name="test_stripe_checkout_with_auth" time="0.592" /><testcase classname="tests.test_iteration188_api_endpoints.TestPublicEndpoints" name="test_statistics_public" time="0.132" /><testcase classname="tests.test_iteration188_api_endpoints.TestPublicEndpoints" name="test_languages_endpoint" time="0.103" /><testcase classname="tests.test_iteration188_api_endpoints.TestPublicEndpoints" name="test_states_endpoint" time="0.121" /><testcase classname="tests.test_iteration188_api_endpoints.TestPublicEndpoints" name="test_offence_categories_endpoint" time="0.114" /></testsuite></testsuites>