<?xml version="1.0" encoding="utf-8"?><testsuites name="pytest tests"><testsuite name="pytest" errors="0" failures="0" skipped="5" tests="11" time="1.480" timestamp="2026-04-19T06:01:52.850543+00:00" hostname="agent-env-5cef9b74-84d9-4cf7-aca4-abcd3467b71f"><testcase classname="tests.test_report_progress_iteration203.TestReportProgressFeature" name="test_status_endpoint_returns_basic_fields" time="0.203" /><testcase classname="tests.test_report_progress_iteration203.TestReportProgressFeature" name="test_completed_report_status_no_progress" time="0.201" /><testcase classname="tests.test_report_progress_iteration203.TestReportProgressFeature" name="test_full_report_fetch_no_generation_progress_leak" time="0.178" /><testcase classname="tests.test_report_progress_iteration203.TestReportProgressFeature" name="test_get_reports_list_endpoint" time="0.204" /><testcase classname="tests.test_report_progress_iteration203.TestProgressFieldStructure" name="test_seed_generating_report_and_verify_progress" time="0.117"><skipped type="pytest.skip" message="Authentication failed: 429">/app/backend/tests/test_report_progress_iteration203.py:127: Authentication failed: 429</skipped></testcase><testcase classname="tests.test_report_progress_iteration203.TestProgressFieldStructure" name="test_progress_not_returned_for_completed_seeded_report" time="0.111"><skipped type="pytest.skip" message="Authentication failed: 429">/app/backend/tests/test_report_progress_iteration203.py:205: Authentication failed: 429</skipped></testcase><testcase classname="tests.test_report_progress_iteration203.TestPassTitlesMapping" name="test_pass_titles_full_detailed_via_api" time="0.001" /><testcase classname="tests.test_report_progress_iteration203.TestPassTitlesMapping" name="test_pass_titles_extensive_log_via_api" time="0.000" /><testcase classname="tests.test_report_progress_iteration203.TestRegressionEndpoints" name="test_get_single_report" time="0.128"><skipped type="pytest.skip" message="Authentication failed: 429">/app/backend/tests/test_report_progress_iteration203.py:332: Authentication failed: 429</skipped></testcase><testcase classname="tests.test_report_progress_iteration203.TestRegressionEndpoints" name="test_report_not_found" time="0.140"><skipped type="pytest.skip" message="Authentication failed: 429">/app/backend/tests/test_report_progress_iteration203.py:344: Authentication failed: 429</skipped></testcase><testcase classname="tests.test_report_progress_iteration203.TestRegressionEndpoints" name="test_health_endpoint" time="0.145"><skipped type="pytest.skip" message="Authentication failed: 429">/app/backend/tests/test_report_progress_iteration203.py:351: Authentication failed: 429</skipped></testcase></testsuite></testsuites>