<?xml version="1.0" encoding="utf-8"?><testsuites name="pytest tests"><testsuite name="pytest" errors="0" failures="0" skipped="0" tests="22" time="13.653" timestamp="2026-03-29T12:23:04.405849+00:00" hostname="agent-env-5cef9b74-84d9-4cf7-aca4-abcd3467b71f"><testcase classname="tests.test_iteration118_refactoring.TestHealthAndAuth" name="test_health_check" time="0.006" /><testcase classname="tests.test_iteration118_refactoring.TestHealthAndAuth" name="test_login_success" time="0.034" /><testcase classname="tests.test_iteration118_refactoring.TestExtractedRouters" name="test_get_documents" time="0.040" /><testcase classname="tests.test_iteration118_refactoring.TestExtractedRouters" name="test_get_timeline" time="0.037" /><testcase classname="tests.test_iteration118_refactoring.TestExtractedRouters" name="test_get_notes" time="0.038" /><testcase classname="tests.test_iteration118_refactoring.TestExtractedRouters" name="test_get_deadlines" time="0.038" /><testcase classname="tests.test_iteration118_refactoring.TestExtractedRouters" name="test_get_checklist" time="0.037" /><testcase classname="tests.test_iteration118_refactoring.TestExtractedRouters" name="test_get_case_strength" time="0.039" /><testcase classname="tests.test_iteration118_refactoring.TestExtractedRouters" name="test_get_grounds" time="0.037" /><testcase classname="tests.test_iteration118_refactoring.TestExtractedRouters" name="test_get_payment_prices" time="0.033" /><testcase classname="tests.test_iteration118_refactoring.TestExtractedRouters" name="test_get_case_payments" time="0.036" /><testcase classname="tests.test_iteration118_refactoring.TestExtractedRouters" name="test_get_resource_directory" time="0.035" /><testcase classname="tests.test_iteration118_refactoring.TestExtractedRouters" name="test_get_templates" time="0.034" /><testcase classname="tests.test_iteration118_refactoring.TestExtractedRouters" name="test_analyze_contradictions" time="6.622" /><testcase classname="tests.test_iteration118_refactoring.TestExtractedRouters" name="test_progress_analysis" time="6.305" /><testcase classname="tests.test_iteration118_refactoring.TestExtractedRouters" name="test_get_reports" time="0.039" /><testcase classname="tests.test_iteration118_refactoring.TestExtractedRouters" name="test_get_barrister_view" time="0.037" /><testcase classname="tests.test_iteration118_refactoring.TestExtractedRouters" name="test_get_messages" time="0.035" /><testcase classname="tests.test_iteration118_refactoring.TestCasesRouter" name="test_list_cases" time="0.039" /><testcase classname="tests.test_iteration118_refactoring.TestCasesRouter" name="test_get_single_case" time="0.036" /><testcase classname="tests.test_iteration118_refactoring.TestRouterImports" name="test_all_routers_loaded" time="0.002" /><testcase classname="tests.test_iteration118_refactoring.TestRouterImports" name="test_no_route_conflicts" time="0.006" /></testsuite></testsuites>