<?xml version="1.0" encoding="utf-8"?><testsuites name="pytest tests"><testsuite name="pytest" errors="0" failures="0" skipped="0" tests="9" time="1.516" timestamp="2026-04-07T20:56:57.019804+00:00" hostname="agent-env-5cef9b74-84d9-4cf7-aca4-abcd3467b71f"><testcase classname="tests.test_iteration156_credibility_fixes.TestCredibilityFixesBackend" name="test_grounds_endpoint_returns_200" time="0.237" /><testcase classname="tests.test_iteration156_credibility_fixes.TestCredibilityFixesBackend" name="test_grounds_have_required_fields" time="0.239" /><testcase classname="tests.test_iteration156_credibility_fixes.TestCredibilityFixesBackend" name="test_law_sections_structure" time="0.249" /><testcase classname="tests.test_iteration156_credibility_fixes.TestCredibilityFixesBackend" name="test_similar_cases_structure" time="0.213" /><testcase classname="tests.test_iteration156_credibility_fixes.TestCredibilityFixesBackend" name="test_auto_identify_endpoint_returns_task_id" time="0.203" /><testcase classname="tests.test_iteration156_credibility_fixes.TestCredibilityFixesBackend" name="test_auto_identify_status_endpoint" time="0.244" /><testcase classname="tests.test_iteration156_credibility_fixes.TestPipelineModelsFields" name="test_issue_classification_has_new_fields" time="0.063" /><testcase classname="tests.test_iteration156_credibility_fixes.TestVerifyPostProcessing" name="test_law_section_filter_removes_not_provided" time="0.000" /><testcase classname="tests.test_iteration156_credibility_fixes.TestVerifyPostProcessing" name="test_similar_case_filter_removes_placeholders" time="0.000" /></testsuite></testsuites>