<?xml version="1.0" encoding="utf-8"?><testsuites name="pytest tests"><testsuite name="pytest" errors="0" failures="0" skipped="0" tests="16" time="0.358" timestamp="2026-03-26T15:00:39.588292+00:00" hostname="agent-env-423b1610-ec89-4cb0-bc40-beeee12abe19"><testcase classname="backend.tests.test_iteration87_features.TestBackendHealth" name="test_health_endpoint_returns_healthy" time="0.282" /><testcase classname="backend.tests.test_iteration87_features.TestSanitiseReportOutputFrontend" name="test_reportview_has_you_your_stripping" time="0.001" /><testcase classname="backend.tests.test_iteration87_features.TestSanitiseReportOutputFrontend" name="test_barristerview_has_you_your_stripping" time="0.001" /><testcase classname="backend.tests.test_iteration87_features.TestSanitiseReportOutputFrontend" name="test_reportview_has_placeholder_stripping" time="0.001" /><testcase classname="backend.tests.test_iteration87_features.TestBackendStripReportPlaceholders" name="test_backend_has_you_your_stripping" time="0.005" /><testcase classname="backend.tests.test_iteration87_features.TestBackendStripReportPlaceholders" name="test_backend_has_placeholder_stripping" time="0.004" /><testcase classname="backend.tests.test_iteration87_features.TestHowItWorksPage" name="test_no_printed_directly_text" time="0.000" /><testcase classname="backend.tests.test_iteration87_features.TestHowItWorksPage" name="test_has_export_references" time="0.000" /><testcase classname="backend.tests.test_iteration87_features.TestHowItWorksPage" name="test_pricing_grid_responsive" time="0.000" /><testcase classname="backend.tests.test_iteration87_features.TestHowItWorksPage" name="test_barrister_view_pricing_card_exists" time="0.000" /><testcase classname="backend.tests.test_iteration87_features.TestLandingPageFooter" name="test_footer_has_explore_column" time="0.000" /><testcase classname="backend.tests.test_iteration87_features.TestLandingPageFooter" name="test_footer_has_legal_column" time="0.000" /><testcase classname="backend.tests.test_iteration87_features.TestPDFExportHeader" name="test_pdf_export_includes_grounds" time="0.000" /><testcase classname="backend.tests.test_iteration87_features.TestPDFExportHeader" name="test_pdf_export_includes_sentence" time="0.000" /><testcase classname="backend.tests.test_iteration87_features.TestDOCXExportHeader" name="test_docx_export_includes_grounds" time="0.000" /><testcase classname="backend.tests.test_iteration87_features.TestDOCXExportHeader" name="test_docx_export_includes_sentence" time="0.000" /></testsuite></testsuites>