<?xml version="1.0" encoding="utf-8"?><testsuites name="pytest tests"><testsuite name="pytest" errors="0" failures="1" skipped="0" tests="13" time="2.831" timestamp="2026-03-31T05:44:12.676891+00:00" hostname="agent-env-5cef9b74-84d9-4cf7-aca4-abcd3467b71f"><testcase classname="tests.test_iteration137_bugfixes.TestHealthAndBasics" name="test_health_endpoint" time="0.144" /><testcase classname="tests.test_iteration137_bugfixes.TestAuthBearerToken" name="test_login_returns_session_token" time="0.175" /><testcase classname="tests.test_iteration137_bugfixes.TestAuthBearerToken" name="test_auth_me_with_bearer_token" time="0.294" /><testcase classname="tests.test_iteration137_bugfixes.TestAuthBearerToken" name="test_auth_me_without_token_fails" time="0.164" /><testcase classname="tests.test_iteration137_bugfixes.TestAuthBearerToken" name="test_logout_with_bearer_token" time="0.347" /><testcase classname="tests.test_iteration137_bugfixes.TestCaseAccess" name="test_get_case_with_bearer_token" time="0.284" /><testcase classname="tests.test_iteration137_bugfixes.TestCaseAccess" name="test_get_case_grounds_with_bearer_token" time="0.242" /><testcase classname="tests.test_iteration137_bugfixes.TestCaseAccess" name="test_get_case_documents_with_bearer_token" time="0.289" /><testcase classname="tests.test_iteration137_bugfixes.TestCaseAccess" name="test_get_case_timeline_with_bearer_token" time="0.237" /><testcase classname="tests.test_iteration137_bugfixes.TestCaseAccess" name="test_get_case_notes_with_bearer_token" time="0.242" /><testcase classname="tests.test_iteration137_bugfixes.TestSessionEndpoint" name="test_session_endpoint_exists" time="0.100" /><testcase classname="tests.test_iteration137_bugfixes.TestSessionEndpoint" name="test_session_endpoint_requires_session_id" time="0.113" /><testcase classname="tests.test_iteration137_bugfixes.TestCaselawEndpoints" name="test_caselaw_databases_endpoint" time="0.116"><failure message="AssertionError: assert ('databases' in {'national': [{'coverage': 'All Commonwealth, State, and Territory courts', 'description': '500,000+ searchable case law documents across all Australian jurisdictions', 'icon': 'globe', 'id': 'austlii_all', ...}, {'coverage': 'High Court judgments', 'description': 'Decisions of the highest court in the Australian judicial system', 'icon': 'landmark', 'id': 'hca', ...}, {'coverage': 'Selected courts across all jurisdictions', 'description': 'Judgments and Decisions Enhanced — cross-jurisdiction awareness service', 'icon': 'search', 'id': 'jade', ...}, {'coverage': 'Academic papers and case citations', 'description': 'Academic and legal case search — useful for finding commentary', 'icon': 'graduation', 'id': 'google_scholar', ...}], 'states': {'act': {'databases': [{'coverage': 'Supreme Court, Court of Appeal', 'description': 'ACT Supreme Court judgments', 'icon': 'scale', 'id': 'act_courts', ...}, {'coverage': 'All ACT courts and tribunals', 'description': 'Free comprehensive ACT case law database', 'icon': 'book', 'id': 'austlii_act', ...}], 'primary_court': 'ACT Court of Appeal', 'state_name': 'Australian Capital Territory'}, 'nsw': {'databases': [{'coverage': 'Supreme Court, D...scription': 'Official NSW Courts — judgments from 1988 onwards', 'icon': 'scale', 'id': 'nsw_caselaw', ...}, {'coverage': 'All NSW courts and tribunals', 'description': 'Free comprehensive NSW case law database', 'icon': 'book', 'id': 'austlii_nsw', ...}], 'primary_court': 'NSW Court of Criminal Appeal', 'state_name': 'New South Wales'}, 'nt': {'databases': [{'coverage': 'All NT courts and tribunals', 'description': 'Free comprehensive NT case law database', 'icon': 'book', 'id': 'austlii_nt', ...}], 'primary_court': 'NT Supreme Court', 'state_name': 'Northern Territory'}, 'qld': {'databases': [{'coverage': 'Court of Appeal, Supreme Court, District Court, Magistrates Court', 'description': 'Authorised reports and unreported judgments', 'icon': 'scale', 'id': 'qld_judgments', ...}, {'coverage': 'Queensland sentencing data and decisions', 'description': 'Sentencing information, case summaries, public remarks', 'icon': 'library', 'id': 'sclqld', ...}, {'coverage': 'All Queensland courts and tribunals', 'description': 'Free comprehensive QLD case law database', 'icon': 'book', 'id': 'austlii_qld', ...}], 'primary_court': 'Queensland Court of Appeal', 'state_name': 'Queensland'}, ...}} or False)&#10; +  where False = isinstance({'national': [{'coverage': 'All Commonwealth, State, and Territory courts', 'description': '500,000+ searchable case law documents across all Australian jurisdictions', 'icon': 'globe', 'id': 'austlii_all', ...}, {'coverage': 'High Court judgments', 'description': 'Decisions of the highest court in the Australian judicial system', 'icon': 'landmark', 'id': 'hca', ...}, {'coverage': 'Selected courts across all jurisdictions', 'description': 'Judgments and Decisions Enhanced — cross-jurisdiction awareness service', 'icon': 'search', 'id': 'jade', ...}, {'coverage': 'Academic papers and case citations', 'description': 'Academic and legal case search — useful for finding commentary', 'icon': 'graduation', 'id': 'google_scholar', ...}], 'states': {'act': {'databases': [{'coverage': 'Supreme Court, Court of Appeal', 'description': 'ACT Supreme Court judgments', 'icon': 'scale', 'id': 'act_courts', ...}, {'coverage': 'All ACT courts and tribunals', 'description': 'Free comprehensive ACT case law database', 'icon': 'book', 'id': 'austlii_act', ...}], 'primary_court': 'ACT Court of Appeal', 'state_name': 'Australian Capital Territory'}, 'nsw': {'databases': [{'coverage': 'Supreme Court, D...scription': 'Official NSW Courts — judgments from 1988 onwards', 'icon': 'scale', 'id': 'nsw_caselaw', ...}, {'coverage': 'All NSW courts and tribunals', 'description': 'Free comprehensive NSW case law database', 'icon': 'book', 'id': 'austlii_nsw', ...}], 'primary_court': 'NSW Court of Criminal Appeal', 'state_name': 'New South Wales'}, 'nt': {'databases': [{'coverage': 'All NT courts and tribunals', 'description': 'Free comprehensive NT case law database', 'icon': 'book', 'id': 'austlii_nt', ...}], 'primary_court': 'NT Supreme Court', 'state_name': 'Northern Territory'}, 'qld': {'databases': [{'coverage': 'Court of Appeal, Supreme Court, District Court, Magistrates Court', 'description': 'Authorised reports and unreported judgments', 'icon': 'scale', 'id': 'qld_judgments', ...}, {'coverage': 'Queensland sentencing data and decisions', 'description': 'Sentencing information, case summaries, public remarks', 'icon': 'library', 'id': 'sclqld', ...}, {'coverage': 'All Queensland courts and tribunals', 'description': 'Free comprehensive QLD case law database', 'icon': 'book', 'id': 'austlii_qld', ...}], 'primary_court': 'Queensland Court of Appeal', 'state_name': 'Queensland'}, ...}}, list)">tests/test_iteration137_bugfixes.py:200: in test_caselaw_databases_endpoint
    assert "databases" in data or isinstance(data, list)
E   AssertionError: assert ('databases' in {'national': [{'coverage': 'All Commonwealth, State, and Territory courts', 'description': '500,000+ searchable case law documents across all Australian jurisdictions', 'icon': 'globe', 'id': 'austlii_all', ...}, {'coverage': 'High Court judgments', 'description': 'Decisions of the highest court in the Australian judicial system', 'icon': 'landmark', 'id': 'hca', ...}, {'coverage': 'Selected courts across all jurisdictions', 'description': 'Judgments and Decisions Enhanced — cross-jurisdiction awareness service', 'icon': 'search', 'id': 'jade', ...}, {'coverage': 'Academic papers and case citations', 'description': 'Academic and legal case search — useful for finding commentary', 'icon': 'graduation', 'id': 'google_scholar', ...}], 'states': {'act': {'databases': [{'coverage': 'Supreme Court, Court of Appeal', 'description': 'ACT Supreme Court judgments', 'icon': 'scale', 'id': 'act_courts', ...}, {'coverage': 'All ACT courts and tribunals', 'description': 'Free comprehensive ACT case law database', 'icon': 'book', 'id': 'austlii_act', ...}], 'primary_court': 'ACT Court of Appeal', 'state_name': 'Australian Capital Territory'}, 'nsw': {'databases': [{'coverage': 'Supreme Court, D...scription': 'Official NSW Courts — judgments from 1988 onwards', 'icon': 'scale', 'id': 'nsw_caselaw', ...}, {'coverage': 'All NSW courts and tribunals', 'description': 'Free comprehensive NSW case law database', 'icon': 'book', 'id': 'austlii_nsw', ...}], 'primary_court': 'NSW Court of Criminal Appeal', 'state_name': 'New South Wales'}, 'nt': {'databases': [{'coverage': 'All NT courts and tribunals', 'description': 'Free comprehensive NT case law database', 'icon': 'book', 'id': 'austlii_nt', ...}], 'primary_court': 'NT Supreme Court', 'state_name': 'Northern Territory'}, 'qld': {'databases': [{'coverage': 'Court of Appeal, Supreme Court, District Court, Magistrates Court', 'description': 'Authorised reports and unreported judgments', 'icon': 'scale', 'id': 'qld_judgments', ...}, {'coverage': 'Queensland sentencing data and decisions', 'description': 'Sentencing information, case summaries, public remarks', 'icon': 'library', 'id': 'sclqld', ...}, {'coverage': 'All Queensland courts and tribunals', 'description': 'Free comprehensive QLD case law database', 'icon': 'book', 'id': 'austlii_qld', ...}], 'primary_court': 'Queensland Court of Appeal', 'state_name': 'Queensland'}, ...}} or False)
E    +  where False = isinstance({'national': [{'coverage': 'All Commonwealth, State, and Territory courts', 'description': '500,000+ searchable case law documents across all Australian jurisdictions', 'icon': 'globe', 'id': 'austlii_all', ...}, {'coverage': 'High Court judgments', 'description': 'Decisions of the highest court in the Australian judicial system', 'icon': 'landmark', 'id': 'hca', ...}, {'coverage': 'Selected courts across all jurisdictions', 'description': 'Judgments and Decisions Enhanced — cross-jurisdiction awareness service', 'icon': 'search', 'id': 'jade', ...}, {'coverage': 'Academic papers and case citations', 'description': 'Academic and legal case search — useful for finding commentary', 'icon': 'graduation', 'id': 'google_scholar', ...}], 'states': {'act': {'databases': [{'coverage': 'Supreme Court, Court of Appeal', 'description': 'ACT Supreme Court judgments', 'icon': 'scale', 'id': 'act_courts', ...}, {'coverage': 'All ACT courts and tribunals', 'description': 'Free comprehensive ACT case law database', 'icon': 'book', 'id': 'austlii_act', ...}], 'primary_court': 'ACT Court of Appeal', 'state_name': 'Australian Capital Territory'}, 'nsw': {'databases': [{'coverage': 'Supreme Court, D...scription': 'Official NSW Courts — judgments from 1988 onwards', 'icon': 'scale', 'id': 'nsw_caselaw', ...}, {'coverage': 'All NSW courts and tribunals', 'description': 'Free comprehensive NSW case law database', 'icon': 'book', 'id': 'austlii_nsw', ...}], 'primary_court': 'NSW Court of Criminal Appeal', 'state_name': 'New South Wales'}, 'nt': {'databases': [{'coverage': 'All NT courts and tribunals', 'description': 'Free comprehensive NT case law database', 'icon': 'book', 'id': 'austlii_nt', ...}], 'primary_court': 'NT Supreme Court', 'state_name': 'Northern Territory'}, 'qld': {'databases': [{'coverage': 'Court of Appeal, Supreme Court, District Court, Magistrates Court', 'description': 'Authorised reports and unreported judgments', 'icon': 'scale', 'id': 'qld_judgments', ...}, {'coverage': 'Queensland sentencing data and decisions', 'description': 'Sentencing information, case summaries, public remarks', 'icon': 'library', 'id': 'sclqld', ...}, {'coverage': 'All Queensland courts and tribunals', 'description': 'Free comprehensive QLD case law database', 'icon': 'book', 'id': 'austlii_qld', ...}], 'primary_court': 'Queensland Court of Appeal', 'state_name': 'Queensland'}, ...}}, list)</failure></testcase></testsuite></testsuites>