<?xml version="1.0" encoding="utf-8"?><testsuites name="pytest tests"><testsuite name="pytest" errors="0" failures="0" skipped="0" tests="41" time="6.581" timestamp="2026-04-09T14:38:47.350967+00:00" hostname="agent-env-5cef9b74-84d9-4cf7-aca4-abcd3467b71f"><testcase classname="backend.tests.test_iteration164_comprehensive.TestAuthFlows" name="test_email_registration_new_user" time="0.193" /><testcase classname="backend.tests.test_iteration164_comprehensive.TestAuthFlows" name="test_email_login_existing_user" time="0.145" /><testcase classname="backend.tests.test_iteration164_comprehensive.TestAuthFlows" name="test_wrong_password_error" time="0.143" /><testcase classname="backend.tests.test_iteration164_comprehensive.TestAuthFlows" name="test_duplicate_email_registration_rejection" time="0.110" /><testcase classname="backend.tests.test_iteration164_comprehensive.TestAuthFlows" name="test_auth_me_with_valid_token" time="0.118" /><testcase classname="backend.tests.test_iteration164_comprehensive.TestAuthFlows" name="test_auth_me_without_token" time="0.101" /><testcase classname="backend.tests.test_iteration164_comprehensive.TestAuthFlows" name="test_auth_logout" time="0.105" /><testcase classname="backend.tests.test_iteration164_comprehensive.TestCasesAPI" name="test_get_cases_list" time="0.108" /><testcase classname="backend.tests.test_iteration164_comprehensive.TestCasesAPI" name="test_create_case" time="0.113" /><testcase classname="backend.tests.test_iteration164_comprehensive.TestCasesAPI" name="test_get_single_case" time="0.112" /><testcase classname="backend.tests.test_iteration164_comprehensive.TestCasesAPI" name="test_update_case" time="0.174" /><testcase classname="backend.tests.test_iteration164_comprehensive.TestCasesAPI" name="test_delete_case" time="0.217" /><testcase classname="backend.tests.test_iteration164_comprehensive.TestReportsAPI" name="test_get_reports_for_case" time="0.195" /><testcase classname="backend.tests.test_iteration164_comprehensive.TestReportsAPI" name="test_get_reports_for_case_no_reports" time="0.112" /><testcase classname="backend.tests.test_iteration164_comprehensive.TestExportAPI" name="test_export_preview" time="0.111" /><testcase classname="backend.tests.test_iteration164_comprehensive.TestExportAPI" name="test_export_case_pack_with_reports" time="0.959" /><testcase classname="backend.tests.test_iteration164_comprehensive.TestExportAPI" name="test_export_case_pack_no_reports_returns_404" time="0.119" /><testcase classname="backend.tests.test_iteration164_comprehensive.TestTranslationAPI" name="test_get_languages" time="0.107" /><testcase classname="backend.tests.test_iteration164_comprehensive.TestTranslationAPI" name="test_translate_rejects_english" time="0.103" /><testcase classname="backend.tests.test_iteration164_comprehensive.TestTranslationAPI" name="test_translate_rejects_invalid_language" time="0.234" /><testcase classname="backend.tests.test_iteration164_comprehensive.TestTranslationAPI" name="test_translate_rejects_missing_report_id" time="0.109" /><testcase classname="backend.tests.test_iteration164_comprehensive.TestTranslationAPI" name="test_translate_cached_spanish" time="0.129" /><testcase classname="backend.tests.test_iteration164_comprehensive.TestTranslationAPI" name="test_translated_pdf_for_cached_language" time="0.172" /><testcase classname="backend.tests.test_iteration164_comprehensive.TestTranslationAPI" name="test_translated_pdf_for_uncached_language_returns_404" time="0.116" /><testcase classname="backend.tests.test_iteration164_comprehensive.TestGroundsAPI" name="test_get_grounds" time="0.124" /><testcase classname="backend.tests.test_iteration164_comprehensive.TestGroundsAPI" name="test_create_ground" time="0.300" /><testcase classname="backend.tests.test_iteration164_comprehensive.TestTimelineAPI" name="test_get_timeline" time="0.109" /><testcase classname="backend.tests.test_iteration164_comprehensive.TestDocumentsAPI" name="test_get_documents" time="0.181" /><testcase classname="backend.tests.test_iteration164_comprehensive.TestNotesAPI" name="test_get_notes" time="0.114" /><testcase classname="backend.tests.test_iteration164_comprehensive.TestNotesAPI" name="test_create_note" time="0.127" /><testcase classname="backend.tests.test_iteration164_comprehensive.TestEdgeCases" name="test_access_nonexistent_case" time="0.145" /><testcase classname="backend.tests.test_iteration164_comprehensive.TestEdgeCases" name="test_access_nonexistent_report" time="0.105" /><testcase classname="backend.tests.test_iteration164_comprehensive.TestEdgeCases" name="test_create_case_with_empty_title" time="0.113" /><testcase classname="backend.tests.test_iteration164_comprehensive.TestEdgeCases" name="test_translate_report_with_empty_content" time="0.116" /><testcase classname="backend.tests.test_iteration164_comprehensive.TestCrossUserAccess" name="test_access_case_without_auth" time="0.105" /><testcase classname="backend.tests.test_iteration164_comprehensive.TestCrossUserAccess" name="test_create_case_without_auth" time="0.128" /><testcase classname="backend.tests.test_iteration164_comprehensive.TestErrorHandling" name="test_invalid_json_body" time="0.120" /><testcase classname="backend.tests.test_iteration164_comprehensive.TestErrorHandling" name="test_missing_required_fields" time="0.127" /><testcase classname="backend.tests.test_iteration164_comprehensive.TestErrorHandling" name="test_error_response_has_detail" time="0.126" /><testcase classname="backend.tests.test_iteration164_comprehensive.TestDatabaseOperations" name="test_report_translations_unique_constraint" time="0.185" /><testcase classname="backend.tests.test_iteration164_comprehensive.TestDatabaseOperations" name="test_cases_user_id_index" time="0.107" /></testsuite></testsuites>