<?xml version="1.0" encoding="utf-8"?><testsuites name="pytest tests"><testsuite name="pytest" errors="0" failures="0" skipped="0" tests="27" time="36.989" timestamp="2026-03-30T14:16:07.368711+00:00" hostname="agent-env-5cef9b74-84d9-4cf7-aca4-abcd3467b71f"><testcase classname="backend.tests.test_staged_pipeline_iteration131.TestAuthentication" name="test_login_returns_session_token" time="0.215" /><testcase classname="backend.tests.test_staged_pipeline_iteration131.TestRegressionHealth" name="test_health_endpoint_returns_healthy" time="0.117" /><testcase classname="backend.tests.test_staged_pipeline_iteration131.TestRegressionCases" name="test_get_cases_returns_user_cases" time="0.290" /><testcase classname="backend.tests.test_staged_pipeline_iteration131.TestRegressionPipelineStatus" name="test_old_pipeline_status_works" time="0.148" /><testcase classname="backend.tests.test_staged_pipeline_iteration131.TestRegressionBarristerPack" name="test_barrister_pack_returns_pdf" time="0.263" /><testcase classname="backend.tests.test_staged_pipeline_iteration131.TestStagedPipelineExtract" name="test_extract_document_returns_success" time="10.849" /><testcase classname="backend.tests.test_staged_pipeline_iteration131.TestStagedPipelineExtract" name="test_extract_document_not_found" time="0.152" /><testcase classname="backend.tests.test_staged_pipeline_iteration131.TestStagedPipelineExtract" name="test_extract_case_not_found" time="0.133" /><testcase classname="backend.tests.test_staged_pipeline_iteration131.TestStagedPipelineRefresh" name="test_refresh_case_extract_returns_success" time="0.131" /><testcase classname="backend.tests.test_staged_pipeline_iteration131.TestStagedPipelineRefresh" name="test_refresh_case_not_found" time="0.125" /><testcase classname="backend.tests.test_staged_pipeline_iteration131.TestStagedPipelineClassify" name="test_classify_issues_returns_success" time="7.296" /><testcase classname="backend.tests.test_staged_pipeline_iteration131.TestStagedPipelineClassify" name="test_classify_case_not_found" time="0.195" /><testcase classname="backend.tests.test_staged_pipeline_iteration131.TestStagedPipelineVerify" name="test_verify_issue_returns_success" time="7.644" /><testcase classname="backend.tests.test_staged_pipeline_iteration131.TestStagedPipelineVerify" name="test_verify_issue_not_found" time="0.179" /><testcase classname="backend.tests.test_staged_pipeline_iteration131.TestStagedPipelineVerify" name="test_verify_case_not_found" time="0.167" /><testcase classname="backend.tests.test_staged_pipeline_iteration131.TestStagedPipelineSyncGrounds" name="test_sync_grounds_returns_success" time="0.250" /><testcase classname="backend.tests.test_staged_pipeline_iteration131.TestStagedPipelineSyncGrounds" name="test_sync_grounds_case_not_found" time="0.113" /><testcase classname="backend.tests.test_staged_pipeline_iteration131.TestStagedPipelineDraft" name="test_draft_report_returns_content" time="7.578" /><testcase classname="backend.tests.test_staged_pipeline_iteration131.TestStagedPipelineDraft" name="test_draft_report_case_not_found" time="0.161" /><testcase classname="backend.tests.test_staged_pipeline_iteration131.TestStagedPipelineDraft" name="test_draft_report_requires_case_extract" time="0.000" /><testcase classname="backend.tests.test_staged_pipeline_iteration131.TestStagedPipelineUnauthorized" name="test_extract_unauthorized" time="0.118" /><testcase classname="backend.tests.test_staged_pipeline_iteration131.TestStagedPipelineUnauthorized" name="test_refresh_unauthorized" time="0.159" /><testcase classname="backend.tests.test_staged_pipeline_iteration131.TestStagedPipelineUnauthorized" name="test_classify_unauthorized" time="0.115" /><testcase classname="backend.tests.test_staged_pipeline_iteration131.TestStagedPipelineUnauthorized" name="test_verify_unauthorized" time="0.114" /><testcase classname="backend.tests.test_staged_pipeline_iteration131.TestStagedPipelineUnauthorized" name="test_sync_unauthorized" time="0.121" /><testcase classname="backend.tests.test_staged_pipeline_iteration131.TestStagedPipelineUnauthorized" name="test_draft_unauthorized" time="0.111" /><testcase classname="backend.tests.test_staged_pipeline_iteration131.TestDocumentUploadRegression" name="test_document_upload_endpoint_exists" time="0.155" /></testsuite></testsuites>