<?xml version="1.0" encoding="utf-8"?><testsuites name="pytest tests"><testsuite name="pytest" errors="0" failures="1" skipped="0" tests="12" time="1.717" timestamp="2026-03-30T06:51:12.324905+00:00" hostname="agent-env-5cef9b74-84d9-4cf7-aca4-abcd3467b71f"><testcase classname="tests.test_legitimacy_engine.TestHealthAndAuth" name="test_health_endpoint" time="0.252" /><testcase classname="tests.test_legitimacy_engine.TestHealthAndAuth" name="test_login_success" time="0.153"><failure message="AssertionError: assert 'user' in {'email': 'djkingy79@gmail.com', 'name': 'Da1NOnly KiNg', 'picture': 'https://lh3.googleusercontent.com/a/ACg8ocJk5zECR6QEn-NDu7kyZUiSvexYAEMKo_qvbU19Mnd35eksNcZF1g=s96-c', 'session_token': 'sess_2b99a3cf1f4346e9aa413440e271e002', ...}">tests/test_legitimacy_engine.py:37: in test_login_success
    assert "user" in data
E   AssertionError: assert 'user' in {'email': 'djkingy79@gmail.com', 'name': 'Da1NOnly KiNg', 'picture': 'https://lh3.googleusercontent.com/a/ACg8ocJk5zECR6QEn-NDu7kyZUiSvexYAEMKo_qvbU19Mnd35eksNcZF1g=s96-c', 'session_token': 'sess_2b99a3cf1f4346e9aa413440e271e002', ...}</failure></testcase><testcase classname="tests.test_legitimacy_engine.TestLegitimacyEngine" name="test_grounds_endpoint_returns_legitimacy_scores" time="0.241" /><testcase classname="tests.test_legitimacy_engine.TestCaseReadiness" name="test_strength_endpoint_returns_readiness" time="0.139" /><testcase classname="tests.test_legitimacy_engine.TestUserIdAccessControl" name="test_deadline_patch_requires_user_id" time="0.149" /><testcase classname="tests.test_legitimacy_engine.TestUserIdAccessControl" name="test_checklist_patch_requires_user_id" time="0.207" /><testcase classname="tests.test_legitimacy_engine.TestCompareEndpoints" name="test_patterns_endpoint" time="0.104" /><testcase classname="tests.test_legitimacy_engine.TestCompareEndpoints" name="test_case_composition_endpoint" time="0.261" /><testcase classname="tests.test_legitimacy_engine.TestUnverifiedBadges" name="test_similar_cases_marked_unverified" time="0.104" /><testcase classname="tests.test_legitimacy_engine.TestLegitimacyEngineLogic" name="test_legal_basis_scores" time="0.001" /><testcase classname="tests.test_legitimacy_engine.TestLegitimacyEngineLogic" name="test_evidence_scoring" time="0.000" /><testcase classname="tests.test_legitimacy_engine.TestLegitimacyEngineLogic" name="test_hard_safety_rule" time="0.000" /></testsuite></testsuites>