<?xml version="1.0" encoding="utf-8"?><testsuites name="pytest tests"><testsuite name="pytest" errors="0" failures="0" skipped="0" tests="34" time="0.219" timestamp="2026-03-26T10:02:57.529752+00:00" hostname="agent-env-da0796f7-8a70-4120-8689-33285bbe5a7c"><testcase classname="backend.tests.test_iteration83_features.TestBackendHealth" name="test_health_endpoint" time="0.123" /><testcase classname="backend.tests.test_iteration83_features.TestBackendStripReportPlaceholders" name="test_function_exists" time="0.001" /><testcase classname="backend.tests.test_iteration83_features.TestBackendStripReportPlaceholders" name="test_strips_backslash_one_artifacts" time="0.001" /><testcase classname="backend.tests.test_iteration83_features.TestBackendStripReportPlaceholders" name="test_strips_prompt_instruction_text" time="0.001" /><testcase classname="backend.tests.test_iteration83_features.TestBackendStripReportPlaceholders" name="test_strips_we_us_our_language" time="0.001" /><testcase classname="backend.tests.test_iteration83_features.TestFrontendReportViewCleanAIContent" name="test_function_exists" time="0.000" /><testcase classname="backend.tests.test_iteration83_features.TestFrontendReportViewCleanAIContent" name="test_strips_backslash_one_artifacts" time="0.000" /><testcase classname="backend.tests.test_iteration83_features.TestFrontendReportViewCleanAIContent" name="test_strips_prompt_instruction_text" time="0.000" /><testcase classname="backend.tests.test_iteration83_features.TestFrontendReportViewCleanAIContent" name="test_strips_we_us_our_language" time="0.000" /><testcase classname="backend.tests.test_iteration83_features.TestFrontendReportViewComparisonTable" name="test_comparison_table_exists" time="0.000" /><testcase classname="backend.tests.test_iteration83_features.TestFrontendReportViewComparisonTable" name="test_has_free_column" time="0.000" /><testcase classname="backend.tests.test_iteration83_features.TestFrontendReportViewComparisonTable" name="test_has_150_column" time="0.000" /><testcase classname="backend.tests.test_iteration83_features.TestFrontendReportViewComparisonTable" name="test_has_200_column" time="0.000" /><testcase classname="backend.tests.test_iteration83_features.TestFrontendReportViewDisclaimer" name="test_disclaimer_exists" time="0.000" /><testcase classname="backend.tests.test_iteration83_features.TestFrontendReportViewDisclaimer" name="test_not_legal_advice_text" time="0.000" /><testcase classname="backend.tests.test_iteration83_features.TestFrontendReportViewDisclaimer" name="test_created_by_deb_king" time="0.000" /><testcase classname="backend.tests.test_iteration83_features.TestFrontendReportViewPrintPreview" name="test_print_preview_function_exists" time="0.000" /><testcase classname="backend.tests.test_iteration83_features.TestFrontendReportViewPrintPreview" name="test_print_preview_has_table_layout_fixed" time="0.000" /><testcase classname="backend.tests.test_iteration83_features.TestFrontendReportViewPrintPreview" name="test_print_preview_has_comparison_table" time="0.000" /><testcase classname="backend.tests.test_iteration83_features.TestFrontendReportViewPrintPreview" name="test_print_preview_has_disclaimer" time="0.000" /><testcase classname="backend.tests.test_iteration83_features.TestFrontendBarristerViewCleanAIContent" name="test_function_exists" time="0.000" /><testcase classname="backend.tests.test_iteration83_features.TestFrontendBarristerViewCleanAIContent" name="test_strips_backslash_one_artifacts" time="0.000" /><testcase classname="backend.tests.test_iteration83_features.TestFrontendBarristerViewCleanAIContent" name="test_strips_prompt_instruction_text" time="0.000" /><testcase classname="backend.tests.test_iteration83_features.TestFrontendBarristerViewCleanAIContent" name="test_strips_we_us_our_language" time="0.000" /><testcase classname="backend.tests.test_iteration83_features.TestFrontendBarristerViewDisclaimer" name="test_disclaimer_exists" time="0.000" /><testcase classname="backend.tests.test_iteration83_features.TestFrontendBarristerViewDisclaimer" name="test_created_by_deb_king" time="0.000" /><testcase classname="backend.tests.test_iteration83_features.TestFrontendBarristerViewHeader" name="test_barrister_brief_header" time="0.000" /><testcase classname="backend.tests.test_iteration83_features.TestFrontendBarristerViewHeader" name="test_print_preview_has_professional_layout" time="0.000" /><testcase classname="backend.tests.test_iteration83_features.TestFrontendBarristerViewHeader" name="test_print_preview_has_table_layout_fixed" time="0.000" /><testcase classname="backend.tests.test_iteration83_features.TestFrontendReportsSectionLockIcon" name="test_lock_icon_imported" time="0.000" /><testcase classname="backend.tests.test_iteration83_features.TestFrontendReportsSectionLockIcon" name="test_lock_icon_used_on_barrister_button" time="0.000" /><testcase classname="backend.tests.test_iteration83_features.TestFrontendIndexCSSPrintMedia" name="test_table_layout_fixed_in_print_media" time="0.000" /><testcase classname="backend.tests.test_iteration83_features.TestFrontendIndexCSSPrintMedia" name="test_legal_report_table_print_styles" time="0.000" /><testcase classname="backend.tests.test_iteration83_features.TestBackendReportPromptsMaterialCounts" name="test_material_counts_in_prompts" time="0.001" /></testsuite></testsuites>