<?xml version="1.0" encoding="utf-8"?><testsuites name="pytest tests"><testsuite name="pytest" errors="0" failures="0" skipped="0" tests="8" time="1.500" timestamp="2026-04-06T11:35:35.688864+00:00" hostname="agent-env-5cef9b74-84d9-4cf7-aca4-abcd3467b71f"><testcase classname="backend.tests.test_payment_unlock_fix.TestFeatureTypeAliases" name="test_feature_type_aliases_import" time="0.075" /><testcase classname="backend.tests.test_payment_unlock_fix.TestAdminAuthentication" name="test_admin_login" time="0.243" /><testcase classname="backend.tests.test_payment_unlock_fix.TestAdminBypassGroundsEndpoint" name="test_admin_can_view_customer_case_grounds" time="0.273" /><testcase classname="backend.tests.test_payment_unlock_fix.TestAdminBypassGroundsEndpoint" name="test_admin_grounds_endpoint_returns_full_details" time="0.121" /><testcase classname="backend.tests.test_payment_unlock_fix.TestPaymentsEndpoint" name="test_admin_payments_returns_all_unlocked" time="0.265" /><testcase classname="backend.tests.test_payment_unlock_fix.TestPaymentsEndpoint" name="test_payments_endpoint_structure" time="0.109" /><testcase classname="backend.tests.test_payment_unlock_fix.TestGroundsUnlockLogic" name="test_grounds_endpoint_uses_canonical_feature_type" time="0.247" /><testcase classname="backend.tests.test_payment_unlock_fix.TestHealthCheck" name="test_api_health" time="0.100" /></testsuite></testsuites>