<?xml version="1.0" encoding="utf-8"?><testsuites name="pytest tests"><testsuite name="pytest" errors="0" failures="0" skipped="0" tests="31" time="1.381" timestamp="2026-03-29T12:32:37.070955+00:00" hostname="agent-env-5cef9b74-84d9-4cf7-aca4-abcd3467b71f"><testcase classname="tests.test_iteration119_health_check.TestHealthCheck" name="test_health_endpoint" time="0.006" /><testcase classname="tests.test_iteration119_health_check.TestAuthentication" name="test_login_success" time="0.032" /><testcase classname="tests.test_iteration119_health_check.TestAuthentication" name="test_login_invalid_credentials" time="0.003" /><testcase classname="tests.test_iteration119_health_check.TestCasesAPI" name="test_get_cases_list" time="0.036" /><testcase classname="tests.test_iteration119_health_check.TestCasesAPI" name="test_get_case_detail" time="0.005" /><testcase classname="tests.test_iteration119_health_check.TestDocumentsAPI" name="test_get_documents" time="0.035" /><testcase classname="tests.test_iteration119_health_check.TestTimelineAPI" name="test_get_timeline" time="0.034" /><testcase classname="tests.test_iteration119_health_check.TestTimelineAPI" name="test_create_and_delete_timeline_event" time="0.012" /><testcase classname="tests.test_iteration119_health_check.TestNotesAPI" name="test_get_notes" time="0.034" /><testcase classname="tests.test_iteration119_health_check.TestNotesAPI" name="test_create_and_delete_note" time="0.012" /><testcase classname="tests.test_iteration119_health_check.TestDeadlinesAPI" name="test_get_deadlines" time="0.034" /><testcase classname="tests.test_iteration119_health_check.TestDeadlinesAPI" name="test_get_checklist" time="0.004" /><testcase classname="tests.test_iteration119_health_check.TestDeadlinesAPI" name="test_get_strength" time="0.005" /><testcase classname="tests.test_iteration119_health_check.TestDeadlinesAPI" name="test_create_and_delete_deadline" time="0.011" /><testcase classname="tests.test_iteration119_health_check.TestGroundsAPI" name="test_get_grounds" time="0.035" /><testcase classname="tests.test_iteration119_health_check.TestReportsAPI" name="test_get_reports" time="0.034" /><testcase classname="tests.test_iteration119_health_check.TestReportsAPI" name="test_get_barrister_view" time="0.005" /><testcase classname="tests.test_iteration119_health_check.TestExportsAPI" name="test_report_export_pdf" time="0.164" /><testcase classname="tests.test_iteration119_health_check.TestExportsAPI" name="test_report_export_docx" time="0.100" /><testcase classname="tests.test_iteration119_health_check.TestExportsAPI" name="test_barrister_view_export_pdf" time="0.213" /><testcase classname="tests.test_iteration119_health_check.TestExportsAPI" name="test_barrister_view_export_docx" time="0.241" /><testcase classname="tests.test_iteration119_health_check.TestPaymentsAPI" name="test_get_prices" time="0.034" /><testcase classname="tests.test_iteration119_health_check.TestPaymentsAPI" name="test_get_case_payments" time="0.004" /><testcase classname="tests.test_iteration119_health_check.TestResourcesAPI" name="test_get_resources_directory" time="0.034" /><testcase classname="tests.test_iteration119_health_check.TestResourcesAPI" name="test_get_templates" time="0.002" /><testcase classname="tests.test_iteration119_health_check.TestCollaborationAPI" name="test_get_messages" time="0.036" /><testcase classname="tests.test_iteration119_health_check.TestStatisticsAPI" name="test_get_public_statistics" time="0.038" /><testcase classname="tests.test_iteration119_health_check.TestAnalyticsAPI" name="test_get_visitor_count" time="0.034" /><testcase classname="tests.test_iteration119_health_check.TestStatesAPI" name="test_get_states" time="0.032" /><testcase classname="tests.test_iteration119_health_check.TestStatesAPI" name="test_get_offence_framework" time="0.005" /><testcase classname="tests.test_iteration119_health_check.TestStatesAPI" name="test_get_offence_categories" time="0.002" /></testsuite></testsuites>