<?xml version="1.0" encoding="utf-8"?><testsuites name="pytest tests"><testsuite name="pytest" errors="0" failures="0" skipped="0" tests="29" time="94.313" timestamp="2026-03-30T14:30:02.574606+00:00" hostname="agent-env-5cef9b74-84d9-4cf7-aca4-abcd3467b71f"><testcase classname="backend.tests.test_grounds_pipeline_iteration132.TestAuthentication" name="test_login_returns_session_token" time="0.253" /><testcase classname="backend.tests.test_grounds_pipeline_iteration132.TestRegressionHealth" name="test_health_endpoint_returns_healthy" time="0.112" /><testcase classname="backend.tests.test_grounds_pipeline_iteration132.TestGetGrounds" name="test_get_grounds_returns_list" time="0.307" /><testcase classname="backend.tests.test_grounds_pipeline_iteration132.TestGetGrounds" name="test_get_grounds_has_ground_id_field" time="0.134" /><testcase classname="backend.tests.test_grounds_pipeline_iteration132.TestGetGrounds" name="test_get_grounds_has_source_mode_field" time="0.129" /><testcase classname="backend.tests.test_grounds_pipeline_iteration132.TestGetGrounds" name="test_get_grounds_has_verification_status_field" time="0.126" /><testcase classname="backend.tests.test_grounds_pipeline_iteration132.TestGetGrounds" name="test_get_grounds_case_not_found" time="0.179" /><testcase classname="backend.tests.test_grounds_pipeline_iteration132.TestGetSingleGround" name="test_get_single_ground_returns_ground" time="0.295" /><testcase classname="backend.tests.test_grounds_pipeline_iteration132.TestGetSingleGround" name="test_get_single_ground_has_source_mode" time="0.307" /><testcase classname="backend.tests.test_grounds_pipeline_iteration132.TestGetSingleGround" name="test_get_single_ground_has_verification_status" time="0.312" /><testcase classname="backend.tests.test_grounds_pipeline_iteration132.TestGetSingleGround" name="test_get_single_ground_not_found" time="0.132" /><testcase classname="backend.tests.test_grounds_pipeline_iteration132.TestAutoIdentify" name="test_auto_identify_returns_expected_fields" time="9.420" /><testcase classname="backend.tests.test_grounds_pipeline_iteration132.TestAutoIdentify" name="test_auto_identify_message_mentions_pipeline" time="6.343" /><testcase classname="backend.tests.test_grounds_pipeline_iteration132.TestAutoIdentify" name="test_auto_identify_case_not_found" time="0.195" /><testcase classname="backend.tests.test_grounds_pipeline_iteration132.TestAutoIdentify" name="test_auto_identify_unauthorized" time="0.126" /><testcase classname="backend.tests.test_grounds_pipeline_iteration132.TestInvestigateGround" name="test_investigate_returns_projected_ground" time="12.017" /><testcase classname="backend.tests.test_grounds_pipeline_iteration132.TestInvestigateGround" name="test_investigate_returns_legitimacy_scores" time="10.692" /><testcase classname="backend.tests.test_grounds_pipeline_iteration132.TestInvestigateGround" name="test_investigate_returns_supporting_evidence" time="10.544" /><testcase classname="backend.tests.test_grounds_pipeline_iteration132.TestInvestigateGround" name="test_investigate_returns_law_sections" time="10.116" /><testcase classname="backend.tests.test_grounds_pipeline_iteration132.TestInvestigateGround" name="test_investigate_returns_similar_cases" time="8.900" /><testcase classname="backend.tests.test_grounds_pipeline_iteration132.TestInvestigateGround" name="test_investigate_returns_verification_status" time="8.011" /><testcase classname="backend.tests.test_grounds_pipeline_iteration132.TestInvestigateGround" name="test_investigate_returns_source_mode" time="6.446" /><testcase classname="backend.tests.test_grounds_pipeline_iteration132.TestInvestigateGround" name="test_investigate_ground_not_found" time="0.173" /><testcase classname="backend.tests.test_grounds_pipeline_iteration132.TestInvestigateGround" name="test_investigate_case_not_found" time="0.132" /><testcase classname="backend.tests.test_grounds_pipeline_iteration132.TestInvestigateGround" name="test_investigate_unauthorized" time="0.112" /><testcase classname="backend.tests.test_grounds_pipeline_iteration132.TestGroundsCRUD" name="test_create_ground_works" time="0.126" /><testcase classname="backend.tests.test_grounds_pipeline_iteration132.TestGroundsCRUD" name="test_update_ground_works" time="0.166" /><testcase classname="backend.tests.test_grounds_pipeline_iteration132.TestGroundsCRUD" name="test_delete_ground_works" time="0.243" /><testcase classname="backend.tests.test_grounds_pipeline_iteration132.TestStagedPipelineRegression" name="test_staged_pipeline_extract_works" time="8.152" /></testsuite></testsuites>