<?xml version="1.0" encoding="utf-8"?><testsuites name="pytest tests"><testsuite name="pytest" errors="0" failures="0" skipped="0" tests="22" time="4.942" timestamp="2026-04-11T03:05:28.155365+00:00" hostname="agent-env-5cef9b74-84d9-4cf7-aca4-abcd3467b71f"><testcase classname="tests.test_iteration180_stripe_payments.TestAuthLogin" name="test_login_success" time="0.406" /><testcase classname="tests.test_iteration180_stripe_payments.TestAuthLogin" name="test_login_invalid_credentials" time="0.162" /><testcase classname="tests.test_iteration180_stripe_payments.TestStripePayments" name="test_stripe_create_checkout_success" time="0.844" /><testcase classname="tests.test_iteration180_stripe_payments.TestStripePayments" name="test_stripe_create_checkout_missing_case_id" time="0.165" /><testcase classname="tests.test_iteration180_stripe_payments.TestStripePayments" name="test_stripe_create_checkout_invalid_feature" time="0.140" /><testcase classname="tests.test_iteration180_stripe_payments.TestStripePayments" name="test_stripe_create_checkout_no_auth" time="0.137" /><testcase classname="tests.test_iteration180_stripe_payments.TestStripePayments" name="test_stripe_status_not_found" time="0.169" /><testcase classname="tests.test_iteration180_stripe_payments.TestStripePayments" name="test_stripe_status_no_auth" time="0.204" /><testcase classname="tests.test_iteration180_stripe_payments.TestPayIDPayments" name="test_payid_create_reference_success" time="0.151" /><testcase classname="tests.test_iteration180_stripe_payments.TestPayIDPayments" name="test_payid_create_reference_with_trial" time="0.153" /><testcase classname="tests.test_iteration180_stripe_payments.TestPayIDPayments" name="test_payid_create_reference_missing_fields" time="0.157" /><testcase classname="tests.test_iteration180_stripe_payments.TestPayIDPayments" name="test_payid_create_reference_no_auth" time="0.159" /><testcase classname="tests.test_iteration180_stripe_payments.TestPayIDPayments" name="test_payid_verify_success" time="0.722" /><testcase classname="tests.test_iteration180_stripe_payments.TestPayIDPayments" name="test_payid_verify_invalid_reference" time="0.135" /><testcase classname="tests.test_iteration180_stripe_payments.TestPayIDPayments" name="test_payid_verify_no_auth" time="0.140" /><testcase classname="tests.test_iteration180_stripe_payments.TestPaymentPrices" name="test_get_prices" time="0.165" /><testcase classname="tests.test_iteration180_stripe_payments.TestTrialStatus" name="test_get_trial_status" time="0.137" /><testcase classname="tests.test_iteration180_stripe_payments.TestTrialStatus" name="test_get_trial_status_no_auth" time="0.134" /><testcase classname="tests.test_iteration180_stripe_payments.TestCasePayments" name="test_get_case_payments" time="0.135" /><testcase classname="tests.test_iteration180_stripe_payments.TestCasePayments" name="test_get_case_payments_no_auth" time="0.150" /><testcase classname="tests.test_iteration180_stripe_payments.TestHealthEndpoints" name="test_health" time="0.142" /><testcase classname="tests.test_iteration180_stripe_payments.TestHealthEndpoints" name="test_ready" time="0.151" /></testsuite></testsuites>