<?xml version="1.0" encoding="utf-8"?><testsuites name="pytest tests"><testsuite name="pytest" errors="0" failures="0" skipped="0" tests="19" time="3.084" timestamp="2026-04-10T08:50:42.692448+00:00" hostname="agent-env-5cef9b74-84d9-4cf7-aca4-abcd3467b71f"><testcase classname="backend.tests.test_iteration178_refactoring_regression.TestHealthEndpoints" name="test_health_check" time="0.129" /><testcase classname="backend.tests.test_iteration178_refactoring_regression.TestHealthEndpoints" name="test_readiness_check" time="0.115" /><testcase classname="backend.tests.test_iteration178_refactoring_regression.TestHealthEndpoints" name="test_deep_health_check" time="0.105" /><testcase classname="backend.tests.test_iteration178_refactoring_regression.TestAuthFlow" name="test_login_success" time="0.141" /><testcase classname="backend.tests.test_iteration178_refactoring_regression.TestAuthFlow" name="test_login_invalid_credentials" time="0.117" /><testcase classname="backend.tests.test_iteration178_refactoring_regression.TestCasesEndpoints" name="test_get_cases_list" time="0.239" /><testcase classname="backend.tests.test_iteration178_refactoring_regression.TestCasesEndpoints" name="test_get_specific_case" time="0.106" /><testcase classname="backend.tests.test_iteration178_refactoring_regression.TestReportsEndpoints" name="test_get_reports_for_case" time="0.310" /><testcase classname="backend.tests.test_iteration178_refactoring_regression.TestReportsEndpoints" name="test_barrister_view_endpoint" time="0.129" /><testcase classname="backend.tests.test_iteration178_refactoring_regression.TestReportExportsEndpoints" name="test_export_pdf_endpoint_exists" time="0.315" /><testcase classname="backend.tests.test_iteration178_refactoring_regression.TestReportExportsEndpoints" name="test_export_docx_endpoint_exists" time="0.106" /><testcase classname="backend.tests.test_iteration178_refactoring_regression.TestRouterImports" name="test_api_root" time="0.102" /><testcase classname="backend.tests.test_iteration178_refactoring_regression.TestRouterImports" name="test_reports_router_mounted" time="0.334" /><testcase classname="backend.tests.test_iteration178_refactoring_regression.TestRouterImports" name="test_report_exports_router_mounted" time="0.111" /><testcase classname="backend.tests.test_iteration178_refactoring_regression.TestServiceModules" name="test_report_quality_module" time="0.238" /><testcase classname="backend.tests.test_iteration178_refactoring_regression.TestServiceModules" name="test_pipeline_orchestrator_module" time="0.097" /><testcase classname="backend.tests.test_iteration178_refactoring_regression.TestServiceModules" name="test_barrister_generator_module" time="0.148" /><testcase classname="backend.tests.test_iteration178_refactoring_regression.TestCORSAndSecurity" name="test_cors_headers" time="0.068" /><testcase classname="backend.tests.test_iteration178_refactoring_regression.TestCORSAndSecurity" name="test_security_headers" time="0.097" /></testsuite></testsuites>