<?xml version="1.0" encoding="utf-8"?><testsuites name="pytest tests"><testsuite name="pytest" errors="0" failures="0" skipped="0" tests="17" time="4.752" timestamp="2026-03-29T06:44:49.366587+00:00" hostname="agent-env-5cef9b74-84d9-4cf7-aca4-abcd3467b71f"><testcase classname="backend.tests.test_iteration117_bugfixes.TestHealthAndAuth" name="test_health_endpoint" time="0.129" /><testcase classname="backend.tests.test_iteration117_bugfixes.TestHealthAndAuth" name="test_login_endpoint" time="0.135" /><testcase classname="backend.tests.test_iteration117_bugfixes.TestHealthAndAuth" name="test_auth_me_endpoint" time="0.232" /><testcase classname="backend.tests.test_iteration117_bugfixes.TestHealthAndAuth" name="test_logout_endpoint" time="0.234" /><testcase classname="backend.tests.test_iteration117_bugfixes.TestCoreAPIEndpoints" name="test_cases_list" time="0.234" /><testcase classname="backend.tests.test_iteration117_bugfixes.TestCoreAPIEndpoints" name="test_offence_categories" time="0.227" /><testcase classname="backend.tests.test_iteration117_bugfixes.TestCoreAPIEndpoints" name="test_states_endpoint" time="0.248" /><testcase classname="backend.tests.test_iteration117_bugfixes.TestCoreAPIEndpoints" name="test_notifications_endpoint" time="0.240" /><testcase classname="backend.tests.test_iteration117_bugfixes.TestCoreAPIEndpoints" name="test_shared_cases_endpoint" time="0.237" /><testcase classname="backend.tests.test_iteration117_bugfixes.TestCaseDetailEndpoints" name="test_case_detail" time="0.345" /><testcase classname="backend.tests.test_iteration117_bugfixes.TestCaseDetailEndpoints" name="test_case_documents" time="0.345" /><testcase classname="backend.tests.test_iteration117_bugfixes.TestCaseDetailEndpoints" name="test_case_timeline" time="0.340" /><testcase classname="backend.tests.test_iteration117_bugfixes.TestCaseDetailEndpoints" name="test_case_grounds" time="0.349" /><testcase classname="backend.tests.test_iteration117_bugfixes.TestCaseDetailEndpoints" name="test_case_notes" time="0.404" /><testcase classname="backend.tests.test_iteration117_bugfixes.TestCaseDetailEndpoints" name="test_case_reports" time="0.328" /><testcase classname="backend.tests.test_iteration117_bugfixes.TestCaseDetailEndpoints" name="test_case_messages" time="0.325" /><testcase classname="backend.tests.test_iteration117_bugfixes.TestCaseDetailEndpoints" name="test_case_activity" time="0.326" /></testsuite></testsuites>