<?xml version="1.0" encoding="utf-8"?><testsuites name="pytest tests"><testsuite name="pytest" errors="0" failures="0" skipped="0" tests="14" time="2.774" timestamp="2026-04-11T08:30:27.330555+00:00" hostname="agent-env-5cef9b74-84d9-4cf7-aca4-abcd3467b71f"><testcase classname="backend.tests.test_iteration187_features.TestAuth" name="test_login_success" time="0.232" /><testcase classname="backend.tests.test_iteration187_features.TestAuth" name="test_download_token_generation" time="0.236" /><testcase classname="backend.tests.test_iteration187_features.TestCaseLawSearch" name="test_caselaw_search_returns_suggested_authorities" time="0.287" /><testcase classname="backend.tests.test_iteration187_features.TestCaseLawSearch" name="test_caselaw_search_with_custom_query" time="0.107" /><testcase classname="backend.tests.test_iteration187_features.TestCaseLawSearch" name="test_caselaw_databases_list" time="0.113" /><testcase classname="backend.tests.test_iteration187_features.TestBarristerPack" name="test_barrister_pack_generate_returns_pdf" time="0.422" /><testcase classname="backend.tests.test_iteration187_features.TestBarristerQuickBrief" name="test_quick_brief_returns_valid_pdf" time="0.272" /><testcase classname="backend.tests.test_iteration187_features.TestBarristerQuickBrief" name="test_quick_brief_with_download_token" time="0.250" /><testcase classname="backend.tests.test_iteration187_features.TestBarristerView" name="test_barrister_view_exists" time="0.257" /><testcase classname="backend.tests.test_iteration187_features.TestFooterFormat" name="test_export_footer_module_exists" time="0.001" /><testcase classname="backend.tests.test_iteration187_features.TestFooterFormat" name="test_footer_date_format" time="0.000" /><testcase classname="backend.tests.test_iteration187_features.TestCaseData" name="test_case_exists" time="0.277" /><testcase classname="backend.tests.test_iteration187_features.TestCaseData" name="test_case_has_grounds" time="0.128" /><testcase classname="backend.tests.test_iteration187_features.TestHealthCheck" name="test_health_endpoint" time="0.109" /></testsuite></testsuites>