<?xml version="1.0" encoding="utf-8"?><testsuites name="pytest tests"><testsuite name="pytest" errors="0" failures="0" skipped="0" tests="11" time="2.203" timestamp="2026-03-21T14:01:11.612988+00:00" hostname="agent-env-3687bb8c-9b95-42c5-82d5-14923d51fc26"><testcase classname="backend.tests.test_iteration73_cases_router.TestCasesRouterExtraction" name="test_get_cases_list" time="0.202" /><testcase classname="backend.tests.test_iteration73_cases_router.TestCasesRouterExtraction" name="test_get_specific_case" time="0.108" /><testcase classname="backend.tests.test_iteration73_cases_router.TestCasesRouterExtraction" name="test_get_nonexistent_case" time="0.113" /><testcase classname="backend.tests.test_iteration73_cases_router.TestCasesRouterExtraction" name="test_create_case" time="0.374" /><testcase classname="backend.tests.test_iteration73_cases_router.TestCasesRouterExtraction" name="test_update_case" time="0.451" /><testcase classname="backend.tests.test_iteration73_cases_router.TestCasesRouterExtraction" name="test_delete_case" time="0.351" /><testcase classname="backend.tests.test_iteration73_cases_router.TestCasesRouterExtraction" name="test_delete_nonexistent_case" time="0.100" /><testcase classname="backend.tests.test_iteration73_cases_router.TestCasesRouterAuthentication" name="test_get_cases_without_auth" time="0.116" /><testcase classname="backend.tests.test_iteration73_cases_router.TestCasesRouterAuthentication" name="test_get_case_without_auth" time="0.123" /><testcase classname="backend.tests.test_iteration73_cases_router.TestCasesRouterAuthentication" name="test_create_case_without_auth" time="0.110" /><testcase classname="backend.tests.test_iteration73_cases_router.TestHealthEndpoint" name="test_health_check" time="0.099" /></testsuite></testsuites>