<?xml version="1.0" encoding="utf-8"?><testsuites name="pytest tests"><testsuite name="pytest" errors="0" failures="0" skipped="0" tests="10" time="1.009" timestamp="2026-03-14T05:12:01.040064+00:00" hostname="agent-env-48cedb9d-1128-4771-965b-835589d3339a"><testcase classname="backend.tests.test_delete_functionality.TestDeleteFunctionality" name="test_01_login_successful" time="0.279" /><testcase classname="backend.tests.test_delete_functionality.TestDeleteFunctionality" name="test_02_create_test_case_for_delete" time="0.062" /><testcase classname="backend.tests.test_delete_functionality.TestDeleteFunctionality" name="test_03_verify_case_exists" time="0.053" /><testcase classname="backend.tests.test_delete_functionality.TestDeleteFunctionality" name="test_04_delete_case_api" time="0.053" /><testcase classname="backend.tests.test_delete_functionality.TestDeleteFunctionality" name="test_05_verify_case_deleted" time="0.052" /><testcase classname="backend.tests.test_delete_functionality.TestReportDelete" name="test_01_create_case_for_report_test" time="0.195" /><testcase classname="backend.tests.test_delete_functionality.TestReportDelete" name="test_02_get_existing_reports" time="0.047" /><testcase classname="backend.tests.test_delete_functionality.TestReportDelete" name="test_03_delete_report_api_unauthenticated" time="0.110" /><testcase classname="backend.tests.test_delete_functionality.TestReportDelete" name="test_04_delete_report_nonexistent" time="0.055" /><testcase classname="backend.tests.test_delete_functionality.TestReportDelete" name="test_05_cleanup_test_case" time="0.050" /></testsuite></testsuites>