<?xml version="1.0" encoding="utf-8"?><testsuites name="pytest tests"><testsuite name="pytest" errors="0" failures="0" skipped="0" tests="4" time="0.566" timestamp="2026-03-13T16:55:13.772813+00:00" hostname="agent-env-c2d71b8c-5f9d-49b4-8dca-8ac6facbaf79"><testcase classname="backend.tests.test_iteration45_color_api.TestIteration45APIs" name="test_health_check" time="0.138" /><testcase classname="backend.tests.test_iteration45_color_api.TestIteration45APIs" name="test_payment_prices_correct" time="0.124" /><testcase classname="backend.tests.test_iteration45_color_api.TestIteration45APIs" name="test_states_endpoint" time="0.126" /><testcase classname="backend.tests.test_iteration45_color_api.TestIteration45APIs" name="test_offence_categories" time="0.128" /></testsuite></testsuites>