<?xml version="1.0" encoding="utf-8"?><testsuites name="pytest tests"><testsuite name="pytest" errors="0" failures="0" skipped="0" tests="14" time="0.893" timestamp="2026-04-07T21:15:53.394332+00:00" hostname="agent-env-5cef9b74-84d9-4cf7-aca4-abcd3467b71f"><testcase classname="tests.test_iteration157_three_axis_scoring.TestHealthEndpoint" name="test_health_endpoint_returns_healthy" time="0.192" /><testcase classname="tests.test_iteration157_three_axis_scoring.TestLegitimacyEngine" name="test_calculate_ground_rating_returns_three_axis_fields" time="0.001" /><testcase classname="tests.test_iteration157_three_axis_scoring.TestLegitimacyEngine" name="test_outcome_impact_labels" time="0.000" /><testcase classname="tests.test_iteration157_three_axis_scoring.TestLegitimacyEngine" name="test_legal_alignment_labels" time="0.000" /><testcase classname="tests.test_iteration157_three_axis_scoring.TestLegitimacyEngine" name="test_evidence_support_labels" time="0.000" /><testcase classname="tests.test_iteration157_three_axis_scoring.TestLegitimacyEngine" name="test_viability_labels" time="0.000" /><testcase classname="tests.test_iteration157_three_axis_scoring.TestLegitimacyEngine" name="test_hard_safety_rule_no_strong_without_evidence" time="0.000" /><testcase classname="tests.test_iteration157_three_axis_scoring.TestLegitimacyEngine" name="test_hard_safety_rule_constitutional_deprioritised" time="0.000" /><testcase classname="tests.test_iteration157_three_axis_scoring.TestGroundsAPI" name="test_get_grounds_returns_legitimacy_scores" time="0.270" /><testcase classname="tests.test_iteration157_three_axis_scoring.TestAutoIdentifyEndpoints" name="test_auto_identify_status_endpoint" time="0.156" /><testcase classname="tests.test_iteration157_three_axis_scoring.TestAutoIdentifyEndpoints" name="test_auto_identify_post_returns_task_id" time="0.140" /><testcase classname="tests.test_iteration157_three_axis_scoring.TestAppellatePathway" name="test_appellate_pathways_defined" time="0.072" /><testcase classname="tests.test_iteration157_three_axis_scoring.TestVerifyPipeline" name="test_law_section_filtering_logic" time="0.000" /><testcase classname="tests.test_iteration157_three_axis_scoring.TestVerifyPipeline" name="test_similar_cases_filtering_logic" time="0.000" /></testsuite></testsuites>