<?xml version="1.0" encoding="utf-8"?><testsuites name="pytest tests"><testsuite name="pytest" errors="0" failures="1" skipped="0" tests="14" time="99.355" timestamp="2026-03-14T06:23:53.881161+00:00" hostname="agent-env-48cedb9d-1128-4771-965b-835589d3339a"><testcase classname="tests.test_iteration61_comprehensive.TestHealthCheck" name="test_health_endpoint" time="48.248" /><testcase classname="tests.test_iteration61_comprehensive.TestCaseCRUD" name="test_create_case" time="6.925" /><testcase classname="tests.test_iteration61_comprehensive.TestCaseCRUD" name="test_get_case" time="0.052" /><testcase classname="tests.test_iteration61_comprehensive.TestReportGeneration" name="test_generate_quick_summary_report" time="34.271" /><testcase classname="tests.test_iteration61_comprehensive.TestReportGeneration" name="test_get_reports_list" time="0.099" /><testcase classname="tests.test_iteration61_comprehensive.TestAIFeatures" name="test_progress_analysis" time="5.371" /><testcase classname="tests.test_iteration61_comprehensive.TestAIFeatures" name="test_auto_identify_grounds" time="2.792" /><testcase classname="tests.test_iteration61_comprehensive.TestDeleteOperations" name="test_delete_report" time="0.090" /><testcase classname="tests.test_iteration61_comprehensive.TestDeleteOperations" name="test_delete_case" time="0.098" /><testcase classname="tests.test_iteration61_comprehensive.TestDeleteOperations" name="test_verify_case_deleted" time="0.097" /><testcase classname="tests.test_iteration61_comprehensive.TestPublicPages" name="test_faq_page" time="0.136" /><testcase classname="tests.test_iteration61_comprehensive.TestPublicPages" name="test_legal_framework_endpoint" time="0.181"><failure message="AssertionError: Legal framework failed: {&quot;detail&quot;:&quot;Not Found&quot;}&#10;assert 404 == 200&#10; +  where 404 = &lt;Response [404]&gt;.status_code">tests/test_iteration61_comprehensive.py:237: in test_legal_framework_endpoint
    assert response.status_code == 200, f"Legal framework failed: {response.text}"
E   AssertionError: Legal framework failed: {"detail":"Not Found"}
E   assert 404 == 200
E    +  where 404 = &lt;Response [404]&gt;.status_code</failure></testcase><testcase classname="tests.test_iteration61_comprehensive.TestPublicPages" name="test_offence_categories_endpoint" time="0.326" /><testcase classname="tests.test_iteration61_comprehensive.TestPublicPages" name="test_states_endpoint" time="0.572" /></testsuite></testsuites>