<?xml version="1.0" encoding="utf-8"?><testsuites name="pytest tests"><testsuite name="pytest" errors="0" failures="2" skipped="2" tests="9" time="3.131" timestamp="2026-04-06T06:16:16.358139+00:00" hostname="agent-env-5cef9b74-84d9-4cf7-aca4-abcd3467b71f"><testcase classname="backend.tests.test_security_fixes_iteration144.TestHealthEndpoints" name="test_health_endpoint_returns_healthy" time="0.210" /><testcase classname="backend.tests.test_security_fixes_iteration144.TestSecurityHeaders" name="test_security_headers_on_health_endpoint" time="0.132" /><testcase classname="backend.tests.test_security_fixes_iteration144.TestSecurityHeaders" name="test_security_headers_on_auth_endpoint" time="0.131" /><testcase classname="backend.tests.test_security_fixes_iteration144.TestRateLimiting" name="test_rate_limiting_on_login_endpoint" time="2.030" /><testcase classname="backend.tests.test_security_fixes_iteration144.TestAuthFlow" name="test_login_with_valid_credentials" time="0.130" /><testcase classname="backend.tests.test_security_fixes_iteration144.TestAuthFlow" name="test_auth_me_with_bearer_token" time="0.105"><skipped type="pytest.skip" message="Could not login to get token">/app/backend/tests/test_security_fixes_iteration144.py:138: Could not login to get token</skipped></testcase><testcase classname="backend.tests.test_security_fixes_iteration144.TestAuthFlow" name="test_logout_invalidates_session" time="0.110"><skipped type="pytest.skip" message="Could not login to get token">/app/backend/tests/test_security_fixes_iteration144.py:165: Could not login to get token</skipped></testcase><testcase classname="backend.tests.test_security_fixes_iteration144.TestLoginInvalidCredentials" name="test_login_invalid_email" time="0.097"><failure message="AssertionError: Expected 401, got 429&#10;assert 429 == 401&#10; +  where 429 = &lt;Response [429]&gt;.status_code">backend/tests/test_security_fixes_iteration144.py:200: in test_login_invalid_email
    assert response.status_code == 401, f"Expected 401, got {response.status_code}"
E   AssertionError: Expected 401, got 429
E   assert 429 == 401
E    +  where 429 = &lt;Response [429]&gt;.status_code</failure></testcase><testcase classname="backend.tests.test_security_fixes_iteration144.TestLoginInvalidCredentials" name="test_login_invalid_password" time="0.096"><failure message="AssertionError: Expected 401, got 429&#10;assert 429 == 401&#10; +  where 429 = &lt;Response [429]&gt;.status_code">backend/tests/test_security_fixes_iteration144.py:210: in test_login_invalid_password
    assert response.status_code == 401, f"Expected 401, got {response.status_code}"
E   AssertionError: Expected 401, got 429
E   assert 429 == 401
E    +  where 429 = &lt;Response [429]&gt;.status_code</failure></testcase></testsuite></testsuites>