<?xml version="1.0" encoding="utf-8"?><testsuites name="pytest tests"><testsuite name="pytest" errors="0" failures="0" skipped="0" tests="11" time="2.342" timestamp="2026-03-13T16:22:46.530424+00:00" hostname="agent-env-c2d71b8c-5f9d-49b4-8dca-8ac6facbaf79"><testcase classname="backend.tests.test_iteration44_api.TestPublicEndpoints" name="test_health_check" time="0.215" /><testcase classname="backend.tests.test_iteration44_api.TestPublicEndpoints" name="test_payment_prices" time="0.145" /><testcase classname="backend.tests.test_iteration44_api.TestPublicEndpoints" name="test_states_endpoint" time="0.130" /><testcase classname="backend.tests.test_iteration44_api.TestPublicEndpoints" name="test_offence_categories" time="0.150" /><testcase classname="backend.tests.test_iteration44_api.TestAuthentication" name="test_login_with_email" time="0.172" /><testcase classname="backend.tests.test_iteration44_api.TestAuthentication" name="test_get_user_profile_after_login" time="0.205" /><testcase classname="backend.tests.test_iteration44_api.TestCaseManagement" name="test_get_cases" time="0.212" /><testcase classname="backend.tests.test_iteration44_api.TestCaseManagement" name="test_create_case_drug_offences_nsw" time="0.206" /><testcase classname="backend.tests.test_iteration44_api.TestExistingCase" name="test_get_existing_case" time="0.236" /><testcase classname="backend.tests.test_iteration44_api.TestExistingCase" name="test_get_case_reports" time="0.210" /><testcase classname="backend.tests.test_iteration44_api.TestReportGeneration" name="test_report_content_structure" time="0.385" /></testsuite></testsuites>