<?xml version="1.0" encoding="utf-8"?><testsuites name="pytest tests"><testsuite name="pytest" errors="0" failures="0" skipped="0" tests="13" time="1.100" timestamp="2026-04-11T03:38:59.700228+00:00" hostname="agent-env-5cef9b74-84d9-4cf7-aca4-abcd3467b71f"><testcase classname="tests.test_iteration182_jurisdiction.TestAppellatePathways" name="test_federal_in_appellate_pathways" time="0.080" /><testcase classname="tests.test_iteration182_jurisdiction.TestAustralianStates" name="test_federal_in_australian_states" time="0.000" /><testcase classname="tests.test_iteration182_jurisdiction.TestStateFrameworks" name="test_federal_in_state_frameworks" time="0.000" /><testcase classname="tests.test_iteration182_jurisdiction.TestValidateJurisdictionCompleteness" name="test_federal_jurisdiction_warning" time="0.000" /><testcase classname="tests.test_iteration182_jurisdiction.TestValidateJurisdictionCompleteness" name="test_missing_jurisdiction_warning" time="0.000" /><testcase classname="tests.test_iteration182_jurisdiction.TestGetOffenceContext" name="test_federal_offence_context" time="0.000" /><testcase classname="tests.test_iteration182_jurisdiction.TestCaseDetailAPIWarnings" name="test_case_with_missing_state_returns_metadata_warning" time="0.381" /><testcase classname="tests.test_iteration182_jurisdiction.TestCaseDetailAPIWarnings" name="test_case_with_complete_metadata_returns_empty_warnings" time="0.058" /><testcase classname="tests.test_iteration182_jurisdiction.TestCaseDetailAPIWarnings" name="test_case_with_partial_metadata" time="0.053" /><testcase classname="tests.test_iteration182_jurisdiction.TestLoginStillWorks" name="test_login_valid_credentials" time="0.131" /><testcase classname="tests.test_iteration182_jurisdiction.TestLoginStillWorks" name="test_login_invalid_credentials" time="0.154" /><testcase classname="tests.test_iteration182_jurisdiction.TestPaymentHistoryStillAccessible" name="test_payment_history_endpoint" time="0.054" /><testcase classname="tests.test_iteration182_jurisdiction.TestPaymentHistoryStillAccessible" name="test_payment_history_requires_auth" time="0.120" /></testsuite></testsuites>