<?xml version="1.0" encoding="utf-8"?><testsuites name="pytest tests"><testsuite name="pytest" errors="0" failures="0" skipped="0" tests="14" time="4.733" timestamp="2026-03-30T02:19:13.932525+00:00" hostname="agent-env-5cef9b74-84d9-4cf7-aca4-abcd3467b71f"><testcase classname="backend.tests.test_ios_fixes.TestHealthCheck" name="test_health_endpoint" time="0.247" /><testcase classname="backend.tests.test_ios_fixes.TestAuthentication" name="test_login_success" time="0.149" /><testcase classname="backend.tests.test_ios_fixes.TestPDFExport" name="test_quick_summary_pdf_export" time="0.568" /><testcase classname="backend.tests.test_ios_fixes.TestPDFExport" name="test_full_detailed_pdf_export" time="0.351" /><testcase classname="backend.tests.test_ios_fixes.TestPDFExport" name="test_extensive_log_pdf_export" time="0.537" /><testcase classname="backend.tests.test_ios_fixes.TestPDFExport" name="test_pdf_export_with_session_token_param" time="0.161" /><testcase classname="backend.tests.test_ios_fixes.TestDOCXExport" name="test_quick_summary_docx_export" time="0.722" /><testcase classname="backend.tests.test_ios_fixes.TestDOCXExport" name="test_full_detailed_docx_export" time="0.452" /><testcase classname="backend.tests.test_ios_fixes.TestReportEndpoints" name="test_get_case_reports" time="0.386" /><testcase classname="backend.tests.test_ios_fixes.TestReportEndpoints" name="test_get_single_report" time="0.108" /><testcase classname="backend.tests.test_ios_fixes.TestReportEndpoints" name="test_get_report_status" time="0.137" /><testcase classname="backend.tests.test_ios_fixes.TestCaseEndpoints" name="test_get_case" time="0.263" /><testcase classname="backend.tests.test_ios_fixes.TestCaseEndpoints" name="test_get_case_documents" time="0.410" /><testcase classname="backend.tests.test_ios_fixes.TestCaseEndpoints" name="test_get_case_grounds" time="0.167" /></testsuite></testsuites>