<?xml version="1.0" encoding="utf-8"?><testsuites name="pytest tests"><testsuite name="pytest" errors="0" failures="0" skipped="0" tests="13" time="1.891" timestamp="2026-03-30T10:14:19.222679+00:00" hostname="agent-env-5cef9b74-84d9-4cf7-aca4-abcd3467b71f"><testcase classname="backend.tests.test_hardening_patches.TestHealthCheck" name="test_health_returns_healthy_status" time="0.133" /><testcase classname="backend.tests.test_hardening_patches.TestAuthentication" name="test_login_returns_session_token" time="0.133" /><testcase classname="backend.tests.test_hardening_patches.TestCasesEndpoint" name="test_get_cases_returns_list" time="0.236" /><testcase classname="backend.tests.test_hardening_patches.TestCaseStrengthEndpoint" name="test_strength_returns_readiness_scores" time="0.116" /><testcase classname="backend.tests.test_hardening_patches.TestReportsEndpoint" name="test_get_reports_returns_list" time="0.132" /><testcase classname="backend.tests.test_hardening_patches.TestGroundsEndpoint" name="test_get_grounds_returns_legitimacy_scores" time="0.120" /><testcase classname="backend.tests.test_hardening_patches.TestTimelineEndpoint" name="test_get_timeline_returns_provenance_fields" time="0.112" /><testcase classname="backend.tests.test_hardening_patches.TestDeadlinesEndpoint" name="test_get_deadlines_returns_list" time="0.101" /><testcase classname="backend.tests.test_hardening_patches.TestCompareSuccessFactorsEndpoint" name="test_success_factors_returns_disclaimer" time="0.202" /><testcase classname="backend.tests.test_hardening_patches.TestComparePatternsEndpoint" name="test_patterns_returns_disclaimer" time="0.106" /><testcase classname="backend.tests.test_hardening_patches.TestBackwardCompatibility" name="test_grounds_response_structure" time="0.187" /><testcase classname="backend.tests.test_hardening_patches.TestBackwardCompatibility" name="test_strength_response_structure" time="0.123" /><testcase classname="backend.tests.test_hardening_patches.TestBackwardCompatibility" name="test_timeline_response_structure" time="0.104" /></testsuite></testsuites>