<?xml version="1.0" encoding="utf-8"?><testsuites name="pytest tests"><testsuite name="pytest" errors="0" failures="0" skipped="0" tests="9" time="174.172" timestamp="2026-03-19T19:40:41.370615+00:00" hostname="agent-env-9541f562-3485-431d-b6e3-6af12c1bd54e"><testcase classname="backend.tests.test_iteration65_comprehensive.TestHealthEndpoint" name="test_health_returns_healthy" time="0.183" /><testcase classname="backend.tests.test_iteration65_comprehensive.TestAuthLogin" name="test_login_with_valid_credentials" time="0.187" /><testcase classname="backend.tests.test_iteration65_comprehensive.TestAuthLogin" name="test_login_with_invalid_password" time="0.165" /><testcase classname="backend.tests.test_iteration65_comprehensive.TestCasesEndpoint" name="test_get_cases_returns_list" time="0.253" /><testcase classname="backend.tests.test_iteration65_comprehensive.TestCasesEndpoint" name="test_get_specific_case" time="0.264" /><testcase classname="backend.tests.test_iteration65_comprehensive.TestReportGeneration" name="test_generate_report_returns_immediately" time="0.248" /><testcase classname="backend.tests.test_iteration65_comprehensive.TestReportGeneration" name="test_report_status_endpoint" time="0.323" /><testcase classname="backend.tests.test_iteration65_comprehensive.TestReportGeneration" name="test_full_polling_flow" time="172.167" /><testcase classname="backend.tests.test_iteration65_comprehensive.TestGetReports" name="test_get_reports_list" time="0.317" /></testsuite></testsuites>