<?xml version="1.0" encoding="utf-8"?><testsuites name="pytest tests"><testsuite name="pytest" errors="0" failures="0" skipped="0" tests="14" time="4.228" timestamp="2026-03-28T12:51:59.411457+00:00" hostname="agent-env-a8d48533-c7f2-4321-8098-10307a366a65"><testcase classname="backend.tests.test_iteration98_sentence_wording.TestSentenceWordingInReports" name="test_quick_summary_sentence_wording" time="0.347" /><testcase classname="backend.tests.test_iteration98_sentence_wording.TestSentenceWordingInReports" name="test_full_detailed_sentence_wording" time="0.112" /><testcase classname="backend.tests.test_iteration98_sentence_wording.TestSentenceWordingInReports" name="test_extensive_log_sentence_wording" time="0.115" /><testcase classname="backend.tests.test_iteration98_sentence_wording.TestSentenceWordingInReports" name="test_barrister_view_sentence_wording" time="0.104" /><testcase classname="backend.tests.test_iteration98_sentence_wording.TestSentenceWordingInExports" name="test_quick_summary_pdf_export" time="0.218" /><testcase classname="backend.tests.test_iteration98_sentence_wording.TestSentenceWordingInExports" name="test_quick_summary_docx_export" time="0.253" /><testcase classname="backend.tests.test_iteration98_sentence_wording.TestSentenceWordingInExports" name="test_full_detailed_pdf_export" time="0.479" /><testcase classname="backend.tests.test_iteration98_sentence_wording.TestSentenceWordingInExports" name="test_full_detailed_docx_export" time="0.472" /><testcase classname="backend.tests.test_iteration98_sentence_wording.TestSentenceWordingInExports" name="test_extensive_log_pdf_export" time="0.577" /><testcase classname="backend.tests.test_iteration98_sentence_wording.TestSentenceWordingInExports" name="test_extensive_log_docx_export" time="0.728" /><testcase classname="backend.tests.test_iteration98_sentence_wording.TestSentenceWordingInExports" name="test_barrister_view_pdf_export" time="0.255" /><testcase classname="backend.tests.test_iteration98_sentence_wording.TestSentenceWordingInExports" name="test_barrister_view_docx_export" time="0.289" /><testcase classname="backend.tests.test_iteration98_sentence_wording.TestSentenceNormalization" name="test_sentence_extraction_function" time="0.101" /><testcase classname="backend.tests.test_iteration98_sentence_wording.TestSentenceNormalization" name="test_no_offence_text_in_sentence_display" time="0.107" /></testsuite></testsuites>