<?xml version="1.0" encoding="utf-8"?><testsuites name="pytest tests"><testsuite name="pytest" errors="0" failures="0" skipped="0" tests="10" time="0.496" timestamp="2026-04-01T09:51:14.846682+00:00" hostname="agent-env-5cef9b74-84d9-4cf7-aca4-abcd3467b71f"><testcase classname="tests.test_iteration140_dedup_verification.TestHealthAndBasicEndpoints" name="test_health_endpoint" time="0.186" /><testcase classname="tests.test_iteration140_dedup_verification.TestHealthAndBasicEndpoints" name="test_auth_session_endpoint_exists" time="0.103" /><testcase classname="tests.test_iteration140_dedup_verification.TestGroundDedupLogic" name="test_legal_topics_has_12_categories" time="0.028" /><testcase classname="tests.test_iteration140_dedup_verification.TestGroundDedupLogic" name="test_media_coverage_keywords_expanded" time="0.000" /><testcase classname="tests.test_iteration140_dedup_verification.TestGroundDedupLogic" name="test_media_influence_detected_as_duplicate" time="0.000" /><testcase classname="tests.test_iteration140_dedup_verification.TestGroundDedupLogic" name="test_ineffective_counsel_keywords_expanded" time="0.000" /><testcase classname="tests.test_iteration140_dedup_verification.TestGroundDedupLogic" name="test_evidence_admissibility_keywords_expanded" time="0.000" /><testcase classname="tests.test_iteration140_dedup_verification.TestGroundDedupLogic" name="test_judicial_direction_keywords_expanded" time="0.000" /><testcase classname="tests.test_iteration140_dedup_verification.TestCleanupDuplicatesEndpoint" name="test_cleanup_duplicates_endpoint_requires_auth" time="0.114" /><testcase classname="tests.test_iteration140_dedup_verification.TestStartupDedupRuns" name="test_startup_dedup_function_exists" time="0.001" /></testsuite></testsuites>