<?xml version="1.0" encoding="utf-8"?><testsuites name="pytest tests"><testsuite name="pytest" errors="0" failures="0" skipped="0" tests="14" time="3.162" timestamp="2026-03-28T12:42:04.849208+00:00" hostname="agent-env-a8d48533-c7f2-4321-8098-10307a366a65"><testcase classname="backend.tests.test_iteration97_sentence.TestSentenceInReports" name="test_quick_summary_report_sentence" time="0.207" /><testcase classname="backend.tests.test_iteration97_sentence.TestSentenceInReports" name="test_full_detailed_report_sentence" time="0.067" /><testcase classname="backend.tests.test_iteration97_sentence.TestSentenceInReports" name="test_extensive_log_report_sentence" time="0.064" /><testcase classname="backend.tests.test_iteration97_sentence.TestSentenceInReports" name="test_barrister_view_report_sentence" time="0.057" /><testcase classname="backend.tests.test_iteration97_sentence.TestSentenceInExports" name="test_quick_summary_pdf_export" time="0.100" /><testcase classname="backend.tests.test_iteration97_sentence.TestSentenceInExports" name="test_full_detailed_pdf_export" time="0.329" /><testcase classname="backend.tests.test_iteration97_sentence.TestSentenceInExports" name="test_extensive_log_pdf_export" time="0.504" /><testcase classname="backend.tests.test_iteration97_sentence.TestSentenceInExports" name="test_barrister_pdf_export" time="0.187" /><testcase classname="backend.tests.test_iteration97_sentence.TestSentenceInExports" name="test_quick_summary_docx_export" time="0.153" /><testcase classname="backend.tests.test_iteration97_sentence.TestSentenceInExports" name="test_full_detailed_docx_export" time="0.410" /><testcase classname="backend.tests.test_iteration97_sentence.TestSentenceInExports" name="test_extensive_log_docx_export" time="0.646" /><testcase classname="backend.tests.test_iteration97_sentence.TestSentenceInExports" name="test_barrister_docx_export" time="0.235" /><testcase classname="backend.tests.test_iteration97_sentence.TestCaseData" name="test_case_sentence_field" time="0.047" /><testcase classname="backend.tests.test_iteration97_sentence.TestCaseData" name="test_all_reports_list" time="0.096" /></testsuite></testsuites>