<?xml version="1.0" encoding="utf-8"?><testsuites name="pytest tests"><testsuite name="pytest" errors="0" failures="0" skipped="0" tests="13" time="2.455" timestamp="2026-04-12T21:46:45.420534+00:00" hostname="agent-env-5cef9b74-84d9-4cf7-aca4-abcd3467b71f"><testcase classname="backend.tests.test_comprehensive_iteration_199.TestHealthAndBasicEndpoints" name="test_health_endpoint" time="0.265" /><testcase classname="backend.tests.test_comprehensive_iteration_199.TestHealthAndBasicEndpoints" name="test_languages_endpoint_returns_41_languages" time="0.184" /><testcase classname="backend.tests.test_comprehensive_iteration_199.TestAnalyticsDashboard" name="test_analytics_dashboard_returns_sales_data" time="0.220" /><testcase classname="backend.tests.test_comprehensive_iteration_199.TestTranslationBackgroundTasks" name="test_translate_endpoint_returns_task_or_cached" time="0.179" /><testcase classname="backend.tests.test_comprehensive_iteration_199.TestTranslationBackgroundTasks" name="test_translate_status_endpoint" time="0.128" /><testcase classname="backend.tests.test_comprehensive_iteration_199.TestCaseAndDocumentEndpoints" name="test_get_case" time="0.149" /><testcase classname="backend.tests.test_comprehensive_iteration_199.TestCaseAndDocumentEndpoints" name="test_get_documents" time="0.157" /><testcase classname="backend.tests.test_comprehensive_iteration_199.TestCaseAndDocumentEndpoints" name="test_get_reports" time="0.168" /><testcase classname="backend.tests.test_comprehensive_iteration_199.TestBarristerViewEndpoint" name="test_barrister_view_endpoint" time="0.145" /><testcase classname="backend.tests.test_comprehensive_iteration_199.TestOCREndpoint" name="test_ocr_endpoint_exists" time="0.286" /><testcase classname="backend.tests.test_comprehensive_iteration_199.TestAuthEndpoints" name="test_auth_me_endpoint" time="0.159" /><testcase classname="backend.tests.test_comprehensive_iteration_199.TestVisitorTracking" name="test_track_visit" time="0.123" /><testcase classname="backend.tests.test_comprehensive_iteration_199.TestVisitorTracking" name="test_visitor_count" time="0.169" /></testsuite></testsuites>