<?xml version="1.0" encoding="utf-8"?><testsuites name="pytest tests"><testsuite name="pytest" errors="0" failures="0" skipped="0" tests="7" time="3.637" timestamp="2026-04-06T08:49:18.456795+00:00" hostname="agent-env-5cef9b74-84d9-4cf7-aca4-abcd3467b71f"><testcase classname="backend.tests.test_font_sizes_iteration145.TestHealthAndAuth" name="test_health_endpoint" time="0.210" /><testcase classname="backend.tests.test_font_sizes_iteration145.TestHealthAndAuth" name="test_login_with_valid_credentials" time="0.130" /><testcase classname="backend.tests.test_font_sizes_iteration145.TestExportEndpoints" name="test_docx_export_endpoint" time="1.039" /><testcase classname="backend.tests.test_font_sizes_iteration145.TestExportEndpoints" name="test_pdf_export_endpoint" time="0.973" /><testcase classname="backend.tests.test_font_sizes_iteration145.TestReportEndpoints" name="test_get_reports_for_case" time="0.376" /><testcase classname="backend.tests.test_font_sizes_iteration145.TestReportEndpoints" name="test_get_single_report" time="0.500" /><testcase classname="backend.tests.test_font_sizes_iteration145.TestBarristerView" name="test_barrister_view_endpoint" time="0.342" /></testsuite></testsuites>